<!DOCTYPE html PUBLIC "-//W3C//DTD XHTML 1.1//EN" "http://www.w3.org/TR/xhtml11/DTD/xhtml11.dtd">
<html xmlns="http://www.w3.org/1999/xhtml"><head><title>TestNG Report</title><style type="text/css">table {margin-bottom:10px;border-collapse:collapse;empty-cells:show}th,td {border:1px solid #009;padding:.25em .5em}th {vertical-align:bottom}td {vertical-align:top}table a {font-weight:bold}.stripe td {background-color: #E6EBF9}.num {text-align:right}.passedodd td {background-color: #3F3}.passedeven td {background-color: #0A0}.skippedodd td {background-color: #DDD}.skippedeven td {background-color: #CCC}.failedodd td,.attn {background-color: #F33}.failedeven td,.stripe .attn {background-color: #D00}.stacktrace {white-space:pre;font-family:monospace}.totop {font-size:85%;text-align:center;border-bottom:2px solid #000}</style></head><body><table><tr><th>Test</th><th># Passed</th><th># Skipped</th><th># Failed</th><th>Time (ms)</th><th>Included Groups</th><th>Excluded Groups</th></tr><tr><th colspan="7">Ant suite</th></tr><tr><td><a href="#t0">Ant test</a></td><td class="num">2</td><td class="num attn">21</td><td class="num attn">30</td><td class="num">1,510,997</td><td></td><td></td></tr></table><table><thead><tr><th>Class</th><th>Method</th><th>Start</th><th>Time (ms)</th></tr></thead><tbody><tr><th colspan="4">Ant suite</th></tr></tbody><tbody id="t0"><tr><th colspan="4">Ant test &#8212; failed (configuration methods)</th></tr><tr class="failedeven"><td rowspan="1">com.puma.test.CheckoutEndToEnd</td><td><a href="#m0">getToStep1</a></td><td rowspan="1">1389492675398</td><td rowspan="1">0</td></tr><tr><th colspan="4">Ant test &#8212; failed</th></tr><tr class="failedeven"><td rowspan="1">com.puma.test.CartTest</td><td><a href="#m1">getFromHomeToCart</a></td><td rowspan="1">1389492805818</td><td rowspan="1">1</td></tr><tr class="failedodd"><td rowspan="16">com.puma.test.CheckoutEndToEnd</td><td><a href="#m2">step1Fields</a></td><td rowspan="16">1389491361759</td><td rowspan="16">46254</td></tr><tr class="failedodd"><td><a href="#m3">step1Fields</a></td></tr><tr class="failedodd"><td><a href="#m4">step1Fields</a></td></tr><tr class="failedodd"><td><a href="#m5">step1Fields</a></td></tr><tr class="failedodd"><td><a href="#m6">step1Fields</a></td></tr><tr class="failedodd"><td><a href="#m7">step1Fields</a></td></tr><tr class="failedodd"><td><a href="#m8">step1Fields</a></td></tr><tr class="failedodd"><td><a href="#m9">step1Fields</a></td></tr><tr class="failedodd"><td><a href="#m10">step1Fields</a></td></tr><tr class="failedodd"><td><a href="#m11">step1Fields</a></td></tr><tr class="failedodd"><td><a href="#m12">step1Fields</a></td></tr><tr class="failedodd"><td><a href="#m13">step1Fields</a></td></tr><tr class="failedodd"><td><a href="#m14">step1Fields</a></td></tr><tr class="failedodd"><td><a href="#m15">step1Fields</a></td></tr><tr class="failedodd"><td><a href="#m16">step1Fields</a></td></tr><tr class="failedodd"><td><a href="#m17">step1Fields</a></td></tr><tr class="failedeven"><td rowspan="6">com.puma.test.CheckoutSignIn</td><td><a href="#m18">checkoutSignInRegistered</a></td><td rowspan="5">1389492740450</td><td rowspan="5">0</td></tr><tr class="failedeven"><td><a href="#m19">checkoutSignInRegistered</a></td></tr><tr class="failedeven"><td><a href="#m20">checkoutSignInRegistered</a></td></tr><tr class="failedeven"><td><a href="#m21">checkoutSignInRegistered</a></td></tr><tr class="failedeven"><td><a href="#m22">checkoutSignInRegistered</a></td></tr><tr class="failedeven"><td><a href="#m23">getToPDP</a></td><td rowspan="1">1389492741754</td><td rowspan="1">1</td></tr><tr class="failedodd"><td rowspan="1">com.puma.test.CheckoutSignInPage</td><td><a href="#m24">getFromHomeToStep1</a></td><td rowspan="1">1389492742148</td><td rowspan="1">0</td></tr><tr class="failedeven"><td rowspan="1">com.puma.test.CheckoutStep1</td><td><a href="#m25">getFromHomeToStep1</a></td><td rowspan="1">1389492742465</td><td rowspan="1">0</td></tr><tr class="failedodd"><td rowspan="1">com.puma.test.CheckoutStep1Unit</td><td><a href="#m26">getFromHomeToStep1</a></td><td rowspan="1">1389492742789</td><td rowspan="1">1</td></tr><tr class="failedeven"><td rowspan="1">com.puma.test.PDPTest</td><td><a href="#m27">homePageMainNav</a></td><td rowspan="1">1389492805499</td><td rowspan="1">1</td></tr><tr class="failedodd"><td rowspan="3">com.puma.test.PumaUtilNavSearch</td><td><a href="#m28">openPumaHomePage</a></td><td rowspan="1">1389492806207</td><td rowspan="1">1</td></tr><tr class="failedodd"><td><a href="#m29">searchForPants</a></td><td rowspan="1">1389492806847</td><td rowspan="1">0</td></tr><tr class="failedodd"><td><a href="#m30">searchForSku</a></td><td rowspan="1">1389492806526</td><td rowspan="1">0</td></tr><tr><th colspan="4">Ant test &#8212; skipped (configuration methods)</th></tr><tr class="skippedeven"><td rowspan="3">com.puma.test.CheckoutEndToEnd</td><td><a href="#m31">getToStep1</a></td><td rowspan="1">1389492740105</td><td rowspan="1">0</td></tr><tr class="skippedeven"><td><a href="#m32">oneTimeTearDown</a></td><td rowspan="2">1389492740104</td><td rowspan="2">0</td></tr><tr class="skippedeven"><td><a href="#m33">oneTimeTearDown</a></td></tr><tr><th colspan="4">Ant test &#8212; skipped</th></tr><tr class="skippedeven"><td rowspan="1">com.puma.test.CartTest</td><td><a href="#m34">fromMiniCartToCart</a></td><td rowspan="1">1389492807663</td><td rowspan="1">0</td></tr><tr class="skippedodd"><td rowspan="2">com.puma.test.CheckoutEndToEnd</td><td><a href="#m35">step1Fields</a></td><td rowspan="2">1389492740105</td><td rowspan="2">0</td></tr><tr class="skippedodd"><td><a href="#m36">step1Fields</a></td></tr><tr class="skippedeven"><td rowspan="1">com.puma.test.CheckoutSignIn</td><td><a href="#m37">checkoutSignInGuest</a></td><td rowspan="1">1389492807172</td><td rowspan="1">1</td></tr><tr class="skippedodd"><td rowspan="1">com.puma.test.CheckoutStep1</td><td><a href="#m38">step1Fields</a></td><td rowspan="1">1389492807173</td><td rowspan="1">0</td></tr><tr class="skippedeven"><td rowspan="9">com.puma.test.CheckoutStep1Unit</td><td><a href="#m39">step1CountryDropDown</a></td><td rowspan="1">1389492807173</td><td rowspan="1">0</td></tr><tr class="skippedeven"><td><a href="#m40">step1FieldsAddress1</a></td><td rowspan="1">1389492807173</td><td rowspan="1">1</td></tr><tr class="skippedeven"><td><a href="#m41">step1FieldsCity</a></td><td rowspan="1">1389492807174</td><td rowspan="1">0</td></tr><tr class="skippedeven"><td><a href="#m42">step1FieldsEmail</a></td><td rowspan="1">1389492807174</td><td rowspan="1">0</td></tr><tr class="skippedeven"><td><a href="#m43">step1FieldsLname</a></td><td rowspan="1">1389492807174</td><td rowspan="1">0</td></tr><tr class="skippedeven"><td><a href="#m44">step1FieldsName</a></td><td rowspan="1">1389492807174</td><td rowspan="1">0</td></tr><tr class="skippedeven"><td><a href="#m45">step1FieldsZip</a></td><td rowspan="1">1389492807174</td><td rowspan="1">1</td></tr><tr class="skippedeven"><td><a href="#m46">step1NextStepBtnUI</a></td><td rowspan="1">1389492807175</td><td rowspan="1">0</td></tr><tr class="skippedeven"><td><a href="#m47">step1SalutationBirthday</a></td><td rowspan="1">1389492807175</td><td rowspan="1">0</td></tr><tr class="skippedodd"><td rowspan="7">com.puma.test.PDPTest</td><td><a href="#m48">pdpPageSelectColor</a></td><td rowspan="1">1389492807663</td><td rowspan="1">0</td></tr><tr class="skippedodd"><td><a href="#m49">pdpPageSelectQuantity</a></td><td rowspan="1">1389492807663</td><td rowspan="1">1</td></tr><tr class="skippedodd"><td><a href="#m50">pdpPageSelectSize</a></td><td rowspan="1">1389492807664</td><td rowspan="1">0</td></tr><tr class="skippedodd"><td><a href="#m51">pdpPageSizeChart</a></td><td rowspan="1">1389492807664</td><td rowspan="1">0</td></tr><tr class="skippedodd"><td><a href="#m52">pdpPageZoomIn</a></td><td rowspan="1">1389492807664</td><td rowspan="1">0</td></tr><tr class="skippedodd"><td><a href="#m53">subcatPageFunct</a></td><td rowspan="1">1389492807662</td><td rowspan="1">1</td></tr><tr class="skippedodd"><td><a href="#m54">subcatPageUI</a></td><td rowspan="1">1389492807663</td><td rowspan="1">0</td></tr><tr><th colspan="4">Ant test &#8212; passed</th></tr><tr class="passedeven"><td rowspan="2">com.puma.util.GatherInfo</td><td><a href="#m55">getFromHomeToStep1</a></td><td rowspan="1">1389492743112</td><td rowspan="1">62064</td></tr><tr class="passedeven"><td><a href="#m56">step1CountryDropDownSaveToTx</a></td><td rowspan="1">1389492807175</td><td rowspan="1">163</td></tr></tbody></table><h2>Ant test</h2><h3 id="m0">com.puma.test.CheckoutEndToEnd#getToStep1</h3><table class="result"><tr><th>Messages</th></tr><tr><td><div class="messages">On Home page title is Official PUMA Online Store | Russia<br/>On subcategory page title is &apos;Men&apos;s Fleece Track Pants - EU&apos;<br/>Selected color on PDP is: &apos;black-white&apos;<br/>After click on 2nd color swatch label changed to &apos;medium gray heather&apos;</div></td></tr><tr><th>Exception</th></tr><tr><td><div class="stacktrace">org.openqa.selenium.StaleElementReferenceException: Element not found in the cache - perhaps the page has changed since it was looked up
Command duration or timeout: 10.06 seconds
For documentation on this error, please visit: http://seleniumhq.org/exceptions/stale_element_reference.html
Build info: version: &apos;2.38.0&apos;, revision: &apos;bd32d4e&apos;, time: &apos;2013-12-05 16:16:40&apos;
System info: host: &apos;localhost&apos;, ip: &apos;127.0.0.1&apos;, os.name: &apos;Mac OS X&apos;, os.arch: &apos;x86_64&apos;, os.version: &apos;10.7.5&apos;, java.version: &apos;1.7.0_25&apos;
Session ID: 7f4d2a9a-1454-e549-9a60-6dc1d7e12a50
Driver info: org.openqa.selenium.firefox.FirefoxDriver
Capabilities [{platform=MAC, acceptSslCerts=true, javascriptEnabled=true, cssSelectorsEnabled=true, databaseEnabled=true, browserName=firefox, handlesAlerts=true, browserConnectionEnabled=true, webStorageEnabled=true, nativeEvents=false, rotatable=false, locationContextEnabled=true, applicationCacheEnabled=false, takesScreenshot=true, version=26.0}]
	at org.openqa.selenium.remote.ErrorHandler.createThrowable(ErrorHandler.java:193)
	at org.openqa.selenium.remote.ErrorHandler.throwIfResponseFailed(ErrorHandler.java:145)
	at org.openqa.selenium.remote.RemoteWebDriver.execute(RemoteWebDriver.java:554)
	at org.openqa.selenium.remote.RemoteWebElement.execute(RemoteWebElement.java:268)
	at org.openqa.selenium.remote.RemoteWebElement.click(RemoteWebElement.java:79)
	at com.puma.util.PumaCommonMethods.fromMiniCartToCart(PumaCommonMethods.java:536)
	at com.puma.test.CheckoutEndToEnd.getToStep1(CheckoutEndToEnd.java:102)
Caused by: org.openqa.selenium.remote.ErrorHandler$UnknownServerException: Element not found in the cache - perhaps the page has changed since it was looked up
Build info: version: &apos;2.38.0&apos;, revision: &apos;bd32d4e&apos;, time: &apos;2013-12-05 16:16:40&apos;
System info: host: &apos;localhost&apos;, ip: &apos;127.0.0.1&apos;, os.name: &apos;Mac OS X&apos;, os.arch: &apos;x86_64&apos;, os.version: &apos;10.7.5&apos;, java.version: &apos;1.7.0_25&apos;
Driver info: driver.version: unknown
	at &lt;anonymous class&gt;.fxdriver.cache.getElementAt(resource://fxdriver/modules/web_element_cache.js:7584)
	at &lt;anonymous class&gt;.Utils.getElementAt(file:///var/folders/_2/pb85wgk175l660128q0hftvh0000gp/T/anonymous6370482642699408553webdriver-profile/extensions/fxdriver@googlecode.com/components/command_processor.js:7197)
	at &lt;anonymous class&gt;.fxdriver.preconditions.visible(file:///var/folders/_2/pb85wgk175l660128q0hftvh0000gp/T/anonymous6370482642699408553webdriver-profile/extensions/fxdriver@googlecode.com/components/command_processor.js:8177)
	at &lt;anonymous class&gt;.DelayedCommand.prototype.checkPreconditions_(file:///var/folders/_2/pb85wgk175l660128q0hftvh0000gp/T/anonymous6370482642699408553webdriver-profile/extensions/fxdriver@googlecode.com/components/command_processor.js:10814)
	at &lt;anonymous class&gt;.DelayedCommand.prototype.executeInternal_/h(file:///var/folders/_2/pb85wgk175l660128q0hftvh0000gp/T/anonymous6370482642699408553webdriver-profile/extensions/fxdriver@googlecode.com/components/command_processor.js:10831)
	at &lt;anonymous class&gt;.fxdriver.Timer.prototype.setTimeout/&lt;.notify(file:///var/folders/_2/pb85wgk175l660128q0hftvh0000gp/T/anonymous6370482642699408553webdriver-profile/extensions/fxdriver@googlecode.com/components/command_processor.js:396)
... Removed 28 stack frames</div></td></tr></table><p class="totop"><a href="#summary">back to summary</a></p><h3 id="m1">com.puma.test.CartTest#getFromHomeToCart</h3><table class="result"><tr><th>Messages</th></tr><tr><td><div class="messages">Saved &lt;a href=../screenshot/FAIL/11_Jan_2014__06_13_26PM.png&gt;Screenshot&lt;/a&gt;</div></td></tr><tr><th>Exception</th></tr><tr><td><div class="stacktrace">java.lang.NullPointerException
	at com.puma.util.PumaCommonMethods.openPumaHomePage(PumaCommonMethods.java:314)
	at com.puma.util.PumaCommonMethods.homePageMainNav(PumaCommonMethods.java:382)
	at com.puma.test.CartTest.getFromHomeToCart(CartTest.java:50)
... Removed 23 stack frames</div></td></tr></table><p class="totop"><a href="#summary">back to summary</a></p><h3 id="m2">com.puma.test.CheckoutEndToEnd#step1Fields</h3><table class="result"><tr class="param"><th>Parameter #1</th></tr><tr class="param stripe"><td>{STREET_NUM=31, CITY=Brussel, PHONE=9.255482255E9, EMAIL=test@yahoo.com, LNAME=lnameBrussel, COUNTRY=Belgique, ZIP=1000, ADDRESS2=, ADDRESS1=De Brouckereplein, FNAME=fnameBrussel}</td></tr><tr><th>Messages</th></tr><tr><td><div class="messages">On page Step2 label for radio buttons is SELECT A PAYMENT OPTION ? REQUIRED<br/>Total on Step2 is ? 3.580,00<br/>Subtotal on Step2 is? 3.580,00<br/>Page title is SiteGenesis Checkout<br/>Page title is Sites-EU-Site<br/>Saved &lt;a href=../screenshot/FAIL/11_Jan_2014__05_50_08PM.png&gt;Screenshot&lt;/a&gt;</div></td></tr><tr><th>Exception</th></tr><tr><td><div class="stacktrace">org.openqa.selenium.NoSuchElementException: Unable to locate element: {&quot;method&quot;:&quot;id&quot;,&quot;selector&quot;:&quot;cardholder&quot;}
Command duration or timeout: 10.07 seconds
For documentation on this error, please visit: http://seleniumhq.org/exceptions/no_such_element.html
Build info: version: &apos;2.38.0&apos;, revision: &apos;bd32d4e&apos;, time: &apos;2013-12-05 16:16:40&apos;
System info: host: &apos;localhost&apos;, ip: &apos;127.0.0.1&apos;, os.name: &apos;Mac OS X&apos;, os.arch: &apos;x86_64&apos;, os.version: &apos;10.7.5&apos;, java.version: &apos;1.7.0_25&apos;
Session ID: bb58620f-557f-2d4d-b22e-49ab0fb0dfa9
Driver info: org.openqa.selenium.firefox.FirefoxDriver
Capabilities [{platform=MAC, acceptSslCerts=true, javascriptEnabled=true, cssSelectorsEnabled=true, databaseEnabled=true, browserName=firefox, handlesAlerts=true, browserConnectionEnabled=true, webStorageEnabled=true, nativeEvents=false, rotatable=false, locationContextEnabled=true, applicationCacheEnabled=false, takesScreenshot=true, version=26.0}]
	at org.openqa.selenium.remote.ErrorHandler.createThrowable(ErrorHandler.java:193)
	at org.openqa.selenium.remote.ErrorHandler.throwIfResponseFailed(ErrorHandler.java:145)
	at org.openqa.selenium.remote.RemoteWebDriver.execute(RemoteWebDriver.java:554)
	at org.openqa.selenium.remote.RemoteWebDriver.findElement(RemoteWebDriver.java:307)
	at org.openqa.selenium.remote.RemoteWebDriver.findElementById(RemoteWebDriver.java:348)
	at org.openqa.selenium.By$ById.findElement(By.java:220)
	at org.openqa.selenium.remote.RemoteWebDriver.findElement(RemoteWebDriver.java:299)
	at com.puma.util.PumaCommonMethods.submitWirecard(PumaCommonMethods.java:1000)
	at com.puma.test.CheckoutEndToEnd.step1Fields(CheckoutEndToEnd.java:224)
Caused by: org.openqa.selenium.remote.ErrorHandler$UnknownServerException: Unable to locate element: {&quot;method&quot;:&quot;id&quot;,&quot;selector&quot;:&quot;cardholder&quot;}
Build info: version: &apos;2.38.0&apos;, revision: &apos;bd32d4e&apos;, time: &apos;2013-12-05 16:16:40&apos;
System info: host: &apos;localhost&apos;, ip: &apos;127.0.0.1&apos;, os.name: &apos;Mac OS X&apos;, os.arch: &apos;x86_64&apos;, os.version: &apos;10.7.5&apos;, java.version: &apos;1.7.0_25&apos;
Driver info: driver.version: unknown
	at &lt;anonymous class&gt;.FirefoxDriver.prototype.findElementInternal_(file:///var/folders/_2/pb85wgk175l660128q0hftvh0000gp/T/anonymous6190067003374117006webdriver-profile/extensions/fxdriver@googlecode.com/components/driver_component.js:8860)
	at &lt;anonymous class&gt;.fxdriver.Timer.prototype.setTimeout/&lt;.notify(file:///var/folders/_2/pb85wgk175l660128q0hftvh0000gp/T/anonymous6190067003374117006webdriver-profile/extensions/fxdriver@googlecode.com/components/driver_component.js:396)
... Removed 27 stack frames</div></td></tr></table><p class="totop"><a href="#summary">back to summary</a></p><h3 id="m3">com.puma.test.CheckoutEndToEnd#step1Fields</h3><table class="result"><tr class="param"><th>Parameter #1</th></tr><tr class="param stripe"><td>{STREET_NUM=40, CITY=Liepaja, PHONE=4424533748, EMAIL=test@msn.com, LNAME=fnameRegLatvia, COUNTRY=Latvia, ZIP=3401, ADDRESS2=, ADDRESS1=Veca Ostmala, FNAME=fnameRegLatvia}</td></tr><tr><th>Messages</th></tr><tr><td><div class="messages">On page Step2 label for radio buttons is ENTER PAYMENT ADDRESS [*Required]<br/>Total on Step2 is ? 17.900,00<br/>Subtotal on Step2 is? 17.900,00<br/>Saved &lt;a href=../screenshot/FAIL/11_Jan_2014__06_00_06PM.png&gt;Screenshot&lt;/a&gt;</div></td></tr><tr><th>Exception</th></tr><tr><td><div class="stacktrace">org.openqa.selenium.NoSuchElementException: Unable to locate element: {&quot;method&quot;:&quot;id&quot;,&quot;selector&quot;:&quot;is-WIRECARD_CREDIT_CARD&quot;}
Command duration or timeout: 10.03 seconds
For documentation on this error, please visit: http://seleniumhq.org/exceptions/no_such_element.html
Build info: version: &apos;2.38.0&apos;, revision: &apos;bd32d4e&apos;, time: &apos;2013-12-05 16:16:40&apos;
System info: host: &apos;localhost&apos;, ip: &apos;127.0.0.1&apos;, os.name: &apos;Mac OS X&apos;, os.arch: &apos;x86_64&apos;, os.version: &apos;10.7.5&apos;, java.version: &apos;1.7.0_25&apos;
Session ID: 028cfe44-a5e0-0849-a0e3-bf59d6d8a926
Driver info: org.openqa.selenium.firefox.FirefoxDriver
Capabilities [{platform=MAC, acceptSslCerts=true, javascriptEnabled=true, cssSelectorsEnabled=true, databaseEnabled=true, browserName=firefox, handlesAlerts=true, browserConnectionEnabled=true, webStorageEnabled=true, nativeEvents=false, rotatable=false, locationContextEnabled=true, applicationCacheEnabled=false, takesScreenshot=true, version=26.0}]
	at org.openqa.selenium.remote.ErrorHandler.createThrowable(ErrorHandler.java:193)
	at org.openqa.selenium.remote.ErrorHandler.throwIfResponseFailed(ErrorHandler.java:145)
	at org.openqa.selenium.remote.RemoteWebDriver.execute(RemoteWebDriver.java:554)
	at org.openqa.selenium.remote.RemoteWebDriver.findElement(RemoteWebDriver.java:307)
	at org.openqa.selenium.remote.RemoteWebDriver.findElementById(RemoteWebDriver.java:348)
	at org.openqa.selenium.By$ById.findElement(By.java:220)
	at org.openqa.selenium.remote.RemoteWebDriver.findElement(RemoteWebDriver.java:299)
	at com.puma.util.PumaCommonMethods.submitStep2(PumaCommonMethods.java:932)
	at com.puma.test.CheckoutEndToEnd.step1Fields(CheckoutEndToEnd.java:220)
Caused by: org.openqa.selenium.remote.ErrorHandler$UnknownServerException: Unable to locate element: {&quot;method&quot;:&quot;id&quot;,&quot;selector&quot;:&quot;is-WIRECARD_CREDIT_CARD&quot;}
Build info: version: &apos;2.38.0&apos;, revision: &apos;bd32d4e&apos;, time: &apos;2013-12-05 16:16:40&apos;
System info: host: &apos;localhost&apos;, ip: &apos;127.0.0.1&apos;, os.name: &apos;Mac OS X&apos;, os.arch: &apos;x86_64&apos;, os.version: &apos;10.7.5&apos;, java.version: &apos;1.7.0_25&apos;
Driver info: driver.version: unknown
	at &lt;anonymous class&gt;.FirefoxDriver.prototype.findElementInternal_(file:///var/folders/_2/pb85wgk175l660128q0hftvh0000gp/T/anonymous4516431563372100362webdriver-profile/extensions/fxdriver@googlecode.com/components/driver_component.js:8860)
	at &lt;anonymous class&gt;.fxdriver.Timer.prototype.setTimeout/&lt;.notify(file:///var/folders/_2/pb85wgk175l660128q0hftvh0000gp/T/anonymous4516431563372100362webdriver-profile/extensions/fxdriver@googlecode.com/components/driver_component.js:396)
... Removed 27 stack frames</div></td></tr></table><p class="totop"><a href="#summary">back to summary</a></p><h3 id="m4">com.puma.test.CheckoutEndToEnd#step1Fields</h3><table class="result"><tr class="param"><th>Parameter #1</th></tr><tr class="param stripe"><td>{STREET_NUM=29, CITY=Helsinki, PHONE=4524533738, EMAIL=testFinland@hotmail.com, LNAME=fnameRegFinland, COUNTRY=Finland, ZIP=00100, ADDRESS2=, ADDRESS1=Pohjoisesplanadi, FNAME=fnameRegFinland}</td></tr><tr><th>Messages</th></tr><tr><td><div class="messages">On page Step2 label for radio buttons is ENTER PAYMENT ADDRESS [*Required]<br/>Total on Step2 is ? 46.540,00<br/>Subtotal on Step2 is? 46.540,00<br/>Saved &lt;a href=../screenshot/FAIL/11_Jan_2014__06_11_15PM.png&gt;Screenshot&lt;/a&gt;</div></td></tr><tr><th>Exception</th></tr><tr><td><div class="stacktrace">org.openqa.selenium.NoSuchElementException: Unable to locate element: {&quot;method&quot;:&quot;id&quot;,&quot;selector&quot;:&quot;is-WIRECARD_CREDIT_CARD&quot;}
Command duration or timeout: 10.01 seconds
For documentation on this error, please visit: http://seleniumhq.org/exceptions/no_such_element.html
Build info: version: &apos;2.38.0&apos;, revision: &apos;bd32d4e&apos;, time: &apos;2013-12-05 16:16:40&apos;
System info: host: &apos;localhost&apos;, ip: &apos;127.0.0.1&apos;, os.name: &apos;Mac OS X&apos;, os.arch: &apos;x86_64&apos;, os.version: &apos;10.7.5&apos;, java.version: &apos;1.7.0_25&apos;
Session ID: 46610535-878d-7145-98b5-b9a2179c1248
Driver info: org.openqa.selenium.firefox.FirefoxDriver
Capabilities [{platform=MAC, acceptSslCerts=true, javascriptEnabled=true, cssSelectorsEnabled=true, databaseEnabled=true, browserName=firefox, handlesAlerts=true, browserConnectionEnabled=true, webStorageEnabled=true, nativeEvents=false, rotatable=false, locationContextEnabled=true, applicationCacheEnabled=false, takesScreenshot=true, version=26.0}]
	at org.openqa.selenium.remote.ErrorHandler.createThrowable(ErrorHandler.java:193)
	at org.openqa.selenium.remote.ErrorHandler.throwIfResponseFailed(ErrorHandler.java:145)
	at org.openqa.selenium.remote.RemoteWebDriver.execute(RemoteWebDriver.java:554)
	at org.openqa.selenium.remote.RemoteWebDriver.findElement(RemoteWebDriver.java:307)
	at org.openqa.selenium.remote.RemoteWebDriver.findElementById(RemoteWebDriver.java:348)
	at org.openqa.selenium.By$ById.findElement(By.java:220)
	at org.openqa.selenium.remote.RemoteWebDriver.findElement(RemoteWebDriver.java:299)
	at com.puma.util.PumaCommonMethods.submitStep2(PumaCommonMethods.java:932)
	at com.puma.test.CheckoutEndToEnd.step1Fields(CheckoutEndToEnd.java:220)
Caused by: org.openqa.selenium.remote.ErrorHandler$UnknownServerException: Unable to locate element: {&quot;method&quot;:&quot;id&quot;,&quot;selector&quot;:&quot;is-WIRECARD_CREDIT_CARD&quot;}
Build info: version: &apos;2.38.0&apos;, revision: &apos;bd32d4e&apos;, time: &apos;2013-12-05 16:16:40&apos;
System info: host: &apos;localhost&apos;, ip: &apos;127.0.0.1&apos;, os.name: &apos;Mac OS X&apos;, os.arch: &apos;x86_64&apos;, os.version: &apos;10.7.5&apos;, java.version: &apos;1.7.0_25&apos;
Driver info: driver.version: unknown
	at &lt;anonymous class&gt;.FirefoxDriver.prototype.findElementInternal_(file:///var/folders/_2/pb85wgk175l660128q0hftvh0000gp/T/anonymous4782736985760962653webdriver-profile/extensions/fxdriver@googlecode.com/components/driver_component.js:8860)
	at &lt;anonymous class&gt;.fxdriver.Timer.prototype.setTimeout/&lt;.notify(file:///var/folders/_2/pb85wgk175l660128q0hftvh0000gp/T/anonymous4782736985760962653webdriver-profile/extensions/fxdriver@googlecode.com/components/driver_component.js:396)
... Removed 27 stack frames</div></td></tr></table><p class="totop"><a href="#summary">back to summary</a></p><h3 id="m5">com.puma.test.CheckoutEndToEnd#step1Fields</h3><table class="result"><tr class="param"><th>Parameter #1</th></tr><tr class="param stripe"><td>{STREET_NUM=24-28, CITY=Copenhagen, PHONE=011 45 33 74 14 14, EMAIL=test@yahoo.com, LNAME=lnameSCopenhagen, COUNTRY=Denmark, ZIP=1253, ADDRESS2=, ADDRESS1=Toldbodgade, FNAME=fnameSCopenhagen}</td></tr><tr><th>Messages</th></tr><tr><td><div class="messages">On page Step2 label for radio buttons is SELECT A PAYMENT OPTION ? REQUIRED<br/>Total on Step2 is ? 7.160,00<br/>Subtotal on Step2 is? 7.160,00<br/>Page title is SiteGenesis Checkout<br/>Page title is Sites-EU-Site<br/>Saved &lt;a href=../screenshot/FAIL/11_Jan_2014__05_53_14PM.png&gt;Screenshot&lt;/a&gt;</div></td></tr><tr><th>Exception</th></tr><tr><td><div class="stacktrace">org.openqa.selenium.NoSuchElementException: Unable to locate element: {&quot;method&quot;:&quot;id&quot;,&quot;selector&quot;:&quot;cardholder&quot;}
Command duration or timeout: 10.05 seconds
For documentation on this error, please visit: http://seleniumhq.org/exceptions/no_such_element.html
Build info: version: &apos;2.38.0&apos;, revision: &apos;bd32d4e&apos;, time: &apos;2013-12-05 16:16:40&apos;
System info: host: &apos;localhost&apos;, ip: &apos;127.0.0.1&apos;, os.name: &apos;Mac OS X&apos;, os.arch: &apos;x86_64&apos;, os.version: &apos;10.7.5&apos;, java.version: &apos;1.7.0_25&apos;
Session ID: a8385a45-eb50-a74b-b9f6-51dd170757cc
Driver info: org.openqa.selenium.firefox.FirefoxDriver
Capabilities [{platform=MAC, acceptSslCerts=true, javascriptEnabled=true, cssSelectorsEnabled=true, databaseEnabled=true, browserName=firefox, handlesAlerts=true, browserConnectionEnabled=true, webStorageEnabled=true, nativeEvents=false, rotatable=false, locationContextEnabled=true, applicationCacheEnabled=false, takesScreenshot=true, version=26.0}]
	at org.openqa.selenium.remote.ErrorHandler.createThrowable(ErrorHandler.java:193)
	at org.openqa.selenium.remote.ErrorHandler.throwIfResponseFailed(ErrorHandler.java:145)
	at org.openqa.selenium.remote.RemoteWebDriver.execute(RemoteWebDriver.java:554)
	at org.openqa.selenium.remote.RemoteWebDriver.findElement(RemoteWebDriver.java:307)
	at org.openqa.selenium.remote.RemoteWebDriver.findElementById(RemoteWebDriver.java:348)
	at org.openqa.selenium.By$ById.findElement(By.java:220)
	at org.openqa.selenium.remote.RemoteWebDriver.findElement(RemoteWebDriver.java:299)
	at com.puma.util.PumaCommonMethods.submitWirecard(PumaCommonMethods.java:1000)
	at com.puma.test.CheckoutEndToEnd.step1Fields(CheckoutEndToEnd.java:224)
Caused by: org.openqa.selenium.remote.ErrorHandler$UnknownServerException: Unable to locate element: {&quot;method&quot;:&quot;id&quot;,&quot;selector&quot;:&quot;cardholder&quot;}
Build info: version: &apos;2.38.0&apos;, revision: &apos;bd32d4e&apos;, time: &apos;2013-12-05 16:16:40&apos;
System info: host: &apos;localhost&apos;, ip: &apos;127.0.0.1&apos;, os.name: &apos;Mac OS X&apos;, os.arch: &apos;x86_64&apos;, os.version: &apos;10.7.5&apos;, java.version: &apos;1.7.0_25&apos;
Driver info: driver.version: unknown
	at &lt;anonymous class&gt;.FirefoxDriver.prototype.findElementInternal_(file:///var/folders/_2/pb85wgk175l660128q0hftvh0000gp/T/anonymous7421026398371217388webdriver-profile/extensions/fxdriver@googlecode.com/components/driver_component.js:8860)
	at &lt;anonymous class&gt;.fxdriver.Timer.prototype.setTimeout/&lt;.notify(file:///var/folders/_2/pb85wgk175l660128q0hftvh0000gp/T/anonymous7421026398371217388webdriver-profile/extensions/fxdriver@googlecode.com/components/driver_component.js:396)
... Removed 27 stack frames</div></td></tr></table><p class="totop"><a href="#summary">back to summary</a></p><h3 id="m6">com.puma.test.CheckoutEndToEnd#step1Fields</h3><table class="result"><tr class="param"><th>Parameter #1</th></tr><tr class="param stripe"><td>{STREET_NUM=9-11, CITY=Barcelona, PHONE=4424533749, EMAIL=test@hotmail.com, LNAME=Barsa, COUNTRY=Espana, ZIP=08001, ADDRESS2=, ADDRESS1=Carrer Sant Pau, FNAME=fnameSBarsa}</td></tr><tr><th>Messages</th></tr><tr><td><div class="messages">On page Step2 label for radio buttons is ENTER PAYMENT ADDRESS [*Required]<br/>Total on Step2 is ? 7.160,00<br/>Subtotal on Step2 is? 7.160,00<br/>Saved &lt;a href=../screenshot/FAIL/11_Jan_2014__05_56_01PM.png&gt;Screenshot&lt;/a&gt;</div></td></tr><tr><th>Exception</th></tr><tr><td><div class="stacktrace">org.openqa.selenium.NoSuchElementException: Unable to locate element: {&quot;method&quot;:&quot;id&quot;,&quot;selector&quot;:&quot;is-WIRECARD_CREDIT_CARD&quot;}
Command duration or timeout: 10.02 seconds
For documentation on this error, please visit: http://seleniumhq.org/exceptions/no_such_element.html
Build info: version: &apos;2.38.0&apos;, revision: &apos;bd32d4e&apos;, time: &apos;2013-12-05 16:16:40&apos;
System info: host: &apos;localhost&apos;, ip: &apos;127.0.0.1&apos;, os.name: &apos;Mac OS X&apos;, os.arch: &apos;x86_64&apos;, os.version: &apos;10.7.5&apos;, java.version: &apos;1.7.0_25&apos;
Session ID: 78173dd6-cafb-7345-adb6-281faa222506
Driver info: org.openqa.selenium.firefox.FirefoxDriver
Capabilities [{platform=MAC, acceptSslCerts=true, javascriptEnabled=true, cssSelectorsEnabled=true, databaseEnabled=true, browserName=firefox, handlesAlerts=true, browserConnectionEnabled=true, webStorageEnabled=true, nativeEvents=false, rotatable=false, locationContextEnabled=true, applicationCacheEnabled=false, takesScreenshot=true, version=26.0}]
	at org.openqa.selenium.remote.ErrorHandler.createThrowable(ErrorHandler.java:193)
	at org.openqa.selenium.remote.ErrorHandler.throwIfResponseFailed(ErrorHandler.java:145)
	at org.openqa.selenium.remote.RemoteWebDriver.execute(RemoteWebDriver.java:554)
	at org.openqa.selenium.remote.RemoteWebDriver.findElement(RemoteWebDriver.java:307)
	at org.openqa.selenium.remote.RemoteWebDriver.findElementById(RemoteWebDriver.java:348)
	at org.openqa.selenium.By$ById.findElement(By.java:220)
	at org.openqa.selenium.remote.RemoteWebDriver.findElement(RemoteWebDriver.java:299)
	at com.puma.util.PumaCommonMethods.submitStep2(PumaCommonMethods.java:932)
	at com.puma.test.CheckoutEndToEnd.step1Fields(CheckoutEndToEnd.java:220)
Caused by: org.openqa.selenium.remote.ErrorHandler$UnknownServerException: Unable to locate element: {&quot;method&quot;:&quot;id&quot;,&quot;selector&quot;:&quot;is-WIRECARD_CREDIT_CARD&quot;}
Build info: version: &apos;2.38.0&apos;, revision: &apos;bd32d4e&apos;, time: &apos;2013-12-05 16:16:40&apos;
System info: host: &apos;localhost&apos;, ip: &apos;127.0.0.1&apos;, os.name: &apos;Mac OS X&apos;, os.arch: &apos;x86_64&apos;, os.version: &apos;10.7.5&apos;, java.version: &apos;1.7.0_25&apos;
Driver info: driver.version: unknown
	at &lt;anonymous class&gt;.FirefoxDriver.prototype.findElementInternal_(file:///var/folders/_2/pb85wgk175l660128q0hftvh0000gp/T/anonymous7935099275889971187webdriver-profile/extensions/fxdriver@googlecode.com/components/driver_component.js:8860)
	at &lt;anonymous class&gt;.fxdriver.Timer.prototype.setTimeout/&lt;.notify(file:///var/folders/_2/pb85wgk175l660128q0hftvh0000gp/T/anonymous7935099275889971187webdriver-profile/extensions/fxdriver@googlecode.com/components/driver_component.js:396)
... Removed 27 stack frames</div></td></tr></table><p class="totop"><a href="#summary">back to summary</a></p><h3 id="m7">com.puma.test.CheckoutEndToEnd#step1Fields</h3><table class="result"><tr class="param"><th>Parameter #1</th></tr><tr class="param stripe"><td>{STREET_NUM=1, CITY=Kosice, PHONE=4524533738, EMAIL=test_slovakia@gmail.com, LNAME=fnameRegSlovakia, COUNTRY=Slovakia, ZIP=040 01, ADDRESS2=, ADDRESS1=Hlavna, FNAME=fnameRegSlovakia}</td></tr><tr><th>Messages</th></tr><tr><td><div class="messages">On page Step2 label for radio buttons is ENTER PAYMENT ADDRESS [*Required]<br/>Total on Step2 is ? 39.380,00<br/>Subtotal on Step2 is? 39.380,00<br/>Saved &lt;a href=../screenshot/FAIL/11_Jan_2014__06_08_30PM.png&gt;Screenshot&lt;/a&gt;</div></td></tr><tr><th>Exception</th></tr><tr><td><div class="stacktrace">org.openqa.selenium.NoSuchElementException: Unable to locate element: {&quot;method&quot;:&quot;id&quot;,&quot;selector&quot;:&quot;is-WIRECARD_CREDIT_CARD&quot;}
Command duration or timeout: 10.03 seconds
For documentation on this error, please visit: http://seleniumhq.org/exceptions/no_such_element.html
Build info: version: &apos;2.38.0&apos;, revision: &apos;bd32d4e&apos;, time: &apos;2013-12-05 16:16:40&apos;
System info: host: &apos;localhost&apos;, ip: &apos;127.0.0.1&apos;, os.name: &apos;Mac OS X&apos;, os.arch: &apos;x86_64&apos;, os.version: &apos;10.7.5&apos;, java.version: &apos;1.7.0_25&apos;
Session ID: 4b813a54-b69b-6f4c-8db6-c6869b0bdb48
Driver info: org.openqa.selenium.firefox.FirefoxDriver
Capabilities [{platform=MAC, acceptSslCerts=true, javascriptEnabled=true, cssSelectorsEnabled=true, databaseEnabled=true, browserName=firefox, handlesAlerts=true, browserConnectionEnabled=true, webStorageEnabled=true, nativeEvents=false, rotatable=false, locationContextEnabled=true, applicationCacheEnabled=false, takesScreenshot=true, version=26.0}]
	at org.openqa.selenium.remote.ErrorHandler.createThrowable(ErrorHandler.java:193)
	at org.openqa.selenium.remote.ErrorHandler.throwIfResponseFailed(ErrorHandler.java:145)
	at org.openqa.selenium.remote.RemoteWebDriver.execute(RemoteWebDriver.java:554)
	at org.openqa.selenium.remote.RemoteWebDriver.findElement(RemoteWebDriver.java:307)
	at org.openqa.selenium.remote.RemoteWebDriver.findElementById(RemoteWebDriver.java:348)
	at org.openqa.selenium.By$ById.findElement(By.java:220)
	at org.openqa.selenium.remote.RemoteWebDriver.findElement(RemoteWebDriver.java:299)
	at com.puma.util.PumaCommonMethods.submitStep2(PumaCommonMethods.java:932)
	at com.puma.test.CheckoutEndToEnd.step1Fields(CheckoutEndToEnd.java:220)
Caused by: org.openqa.selenium.remote.ErrorHandler$UnknownServerException: Unable to locate element: {&quot;method&quot;:&quot;id&quot;,&quot;selector&quot;:&quot;is-WIRECARD_CREDIT_CARD&quot;}
Build info: version: &apos;2.38.0&apos;, revision: &apos;bd32d4e&apos;, time: &apos;2013-12-05 16:16:40&apos;
System info: host: &apos;localhost&apos;, ip: &apos;127.0.0.1&apos;, os.name: &apos;Mac OS X&apos;, os.arch: &apos;x86_64&apos;, os.version: &apos;10.7.5&apos;, java.version: &apos;1.7.0_25&apos;
Driver info: driver.version: unknown
	at &lt;anonymous class&gt;.FirefoxDriver.prototype.findElementInternal_(file:///var/folders/_2/pb85wgk175l660128q0hftvh0000gp/T/anonymous7730574225391617414webdriver-profile/extensions/fxdriver@googlecode.com/components/driver_component.js:8860)
	at &lt;anonymous class&gt;.fxdriver.Timer.prototype.setTimeout/&lt;.notify(file:///var/folders/_2/pb85wgk175l660128q0hftvh0000gp/T/anonymous7730574225391617414webdriver-profile/extensions/fxdriver@googlecode.com/components/driver_component.js:396)
... Removed 27 stack frames</div></td></tr></table><p class="totop"><a href="#summary">back to summary</a></p><h3 id="m8">com.puma.test.CheckoutEndToEnd#step1Fields</h3><table class="result"><tr class="param"><th>Parameter #1</th></tr><tr class="param stripe"><td>{STREET_NUM=1, CITY=Milan, PHONE=442 453 3741, EMAIL=test@yahoo.com, LNAME=lneMilan, COUNTRY=Italy, ZIP=20121, ADDRESS2=, ADDRESS1=Via Tommaso Grossi, FNAME=fnameMilan}</td></tr><tr><th>Messages</th></tr><tr><td><div class="messages">On page Step2 label for radio buttons is ENTER PAYMENT ADDRESS [*Required]<br/>Total on Step2 is ? 14.320,00<br/>Subtotal on Step2 is? 14.320,00<br/>Saved &lt;a href=../screenshot/FAIL/11_Jan_2014__05_58_45PM.png&gt;Screenshot&lt;/a&gt;</div></td></tr><tr><th>Exception</th></tr><tr><td><div class="stacktrace">org.openqa.selenium.NoSuchElementException: Unable to locate element: {&quot;method&quot;:&quot;id&quot;,&quot;selector&quot;:&quot;is-WIRECARD_CREDIT_CARD&quot;}
Command duration or timeout: 10.06 seconds
For documentation on this error, please visit: http://seleniumhq.org/exceptions/no_such_element.html
Build info: version: &apos;2.38.0&apos;, revision: &apos;bd32d4e&apos;, time: &apos;2013-12-05 16:16:40&apos;
System info: host: &apos;localhost&apos;, ip: &apos;127.0.0.1&apos;, os.name: &apos;Mac OS X&apos;, os.arch: &apos;x86_64&apos;, os.version: &apos;10.7.5&apos;, java.version: &apos;1.7.0_25&apos;
Session ID: d9cfd5fb-7cd9-3e4d-a6ac-d447ae7511b6
Driver info: org.openqa.selenium.firefox.FirefoxDriver
Capabilities [{platform=MAC, acceptSslCerts=true, javascriptEnabled=true, cssSelectorsEnabled=true, databaseEnabled=true, browserName=firefox, handlesAlerts=true, browserConnectionEnabled=true, webStorageEnabled=true, nativeEvents=false, rotatable=false, locationContextEnabled=true, applicationCacheEnabled=false, takesScreenshot=true, version=26.0}]
	at org.openqa.selenium.remote.ErrorHandler.createThrowable(ErrorHandler.java:193)
	at org.openqa.selenium.remote.ErrorHandler.throwIfResponseFailed(ErrorHandler.java:145)
	at org.openqa.selenium.remote.RemoteWebDriver.execute(RemoteWebDriver.java:554)
	at org.openqa.selenium.remote.RemoteWebDriver.findElement(RemoteWebDriver.java:307)
	at org.openqa.selenium.remote.RemoteWebDriver.findElementById(RemoteWebDriver.java:348)
	at org.openqa.selenium.By$ById.findElement(By.java:220)
	at org.openqa.selenium.remote.RemoteWebDriver.findElement(RemoteWebDriver.java:299)
	at com.puma.util.PumaCommonMethods.submitStep2(PumaCommonMethods.java:932)
	at com.puma.test.CheckoutEndToEnd.step1Fields(CheckoutEndToEnd.java:220)
Caused by: org.openqa.selenium.remote.ErrorHandler$UnknownServerException: Unable to locate element: {&quot;method&quot;:&quot;id&quot;,&quot;selector&quot;:&quot;is-WIRECARD_CREDIT_CARD&quot;}
Build info: version: &apos;2.38.0&apos;, revision: &apos;bd32d4e&apos;, time: &apos;2013-12-05 16:16:40&apos;
System info: host: &apos;localhost&apos;, ip: &apos;127.0.0.1&apos;, os.name: &apos;Mac OS X&apos;, os.arch: &apos;x86_64&apos;, os.version: &apos;10.7.5&apos;, java.version: &apos;1.7.0_25&apos;
Driver info: driver.version: unknown
	at &lt;anonymous class&gt;.FirefoxDriver.prototype.findElementInternal_(file:///var/folders/_2/pb85wgk175l660128q0hftvh0000gp/T/anonymous2924472853213195716webdriver-profile/extensions/fxdriver@googlecode.com/components/driver_component.js:8860)
	at &lt;anonymous class&gt;.fxdriver.Timer.prototype.setTimeout/&lt;.notify(file:///var/folders/_2/pb85wgk175l660128q0hftvh0000gp/T/anonymous2924472853213195716webdriver-profile/extensions/fxdriver@googlecode.com/components/driver_component.js:396)
... Removed 27 stack frames</div></td></tr></table><p class="totop"><a href="#summary">back to summary</a></p><h3 id="m9">com.puma.test.CheckoutEndToEnd#step1Fields</h3><table class="result"><tr class="param"><th>Parameter #1</th></tr><tr class="param stripe"><td>{STREET_NUM=8, CITY=Budapest, PHONE=4424533748, EMAIL=testHungary@gmail.com, LNAME=fnameRegHungary, COUNTRY=Hungary, ZIP=1073, ADDRESS2=, ADDRESS1=Erzsebet korut, FNAME=fnameRegHungary}</td></tr><tr><th>Messages</th></tr><tr><td><div class="messages">On page Step2 label for radio buttons is ENTER PAYMENT ADDRESS [*Required]<br/>Total on Step2 is ? 25.060,00<br/>Subtotal on Step2 is? 25.060,00<br/>Saved &lt;a href=../screenshot/FAIL/11_Jan_2014__06_02_52PM.png&gt;Screenshot&lt;/a&gt;</div></td></tr><tr><th>Exception</th></tr><tr><td><div class="stacktrace">org.openqa.selenium.NoSuchElementException: Unable to locate element: {&quot;method&quot;:&quot;id&quot;,&quot;selector&quot;:&quot;is-WIRECARD_CREDIT_CARD&quot;}
Command duration or timeout: 10.06 seconds
For documentation on this error, please visit: http://seleniumhq.org/exceptions/no_such_element.html
Build info: version: &apos;2.38.0&apos;, revision: &apos;bd32d4e&apos;, time: &apos;2013-12-05 16:16:40&apos;
System info: host: &apos;localhost&apos;, ip: &apos;127.0.0.1&apos;, os.name: &apos;Mac OS X&apos;, os.arch: &apos;x86_64&apos;, os.version: &apos;10.7.5&apos;, java.version: &apos;1.7.0_25&apos;
Session ID: c482b576-3b04-2348-b47b-ab2a1653febd
Driver info: org.openqa.selenium.firefox.FirefoxDriver
Capabilities [{platform=MAC, acceptSslCerts=true, javascriptEnabled=true, cssSelectorsEnabled=true, databaseEnabled=true, browserName=firefox, handlesAlerts=true, browserConnectionEnabled=true, webStorageEnabled=true, nativeEvents=false, rotatable=false, locationContextEnabled=true, applicationCacheEnabled=false, takesScreenshot=true, version=26.0}]
	at org.openqa.selenium.remote.ErrorHandler.createThrowable(ErrorHandler.java:193)
	at org.openqa.selenium.remote.ErrorHandler.throwIfResponseFailed(ErrorHandler.java:145)
	at org.openqa.selenium.remote.RemoteWebDriver.execute(RemoteWebDriver.java:554)
	at org.openqa.selenium.remote.RemoteWebDriver.findElement(RemoteWebDriver.java:307)
	at org.openqa.selenium.remote.RemoteWebDriver.findElementById(RemoteWebDriver.java:348)
	at org.openqa.selenium.By$ById.findElement(By.java:220)
	at org.openqa.selenium.remote.RemoteWebDriver.findElement(RemoteWebDriver.java:299)
	at com.puma.util.PumaCommonMethods.submitStep2(PumaCommonMethods.java:932)
	at com.puma.test.CheckoutEndToEnd.step1Fields(CheckoutEndToEnd.java:220)
Caused by: org.openqa.selenium.remote.ErrorHandler$UnknownServerException: Unable to locate element: {&quot;method&quot;:&quot;id&quot;,&quot;selector&quot;:&quot;is-WIRECARD_CREDIT_CARD&quot;}
Build info: version: &apos;2.38.0&apos;, revision: &apos;bd32d4e&apos;, time: &apos;2013-12-05 16:16:40&apos;
System info: host: &apos;localhost&apos;, ip: &apos;127.0.0.1&apos;, os.name: &apos;Mac OS X&apos;, os.arch: &apos;x86_64&apos;, os.version: &apos;10.7.5&apos;, java.version: &apos;1.7.0_25&apos;
Driver info: driver.version: unknown
	at &lt;anonymous class&gt;.FirefoxDriver.prototype.findElementInternal_(file:///var/folders/_2/pb85wgk175l660128q0hftvh0000gp/T/anonymous1917496117557634909webdriver-profile/extensions/fxdriver@googlecode.com/components/driver_component.js:8860)
	at &lt;anonymous class&gt;.fxdriver.Timer.prototype.setTimeout/&lt;.notify(file:///var/folders/_2/pb85wgk175l660128q0hftvh0000gp/T/anonymous1917496117557634909webdriver-profile/extensions/fxdriver@googlecode.com/components/driver_component.js:396)
... Removed 27 stack frames</div></td></tr></table><p class="totop"><a href="#summary">back to summary</a></p><h3 id="m10">com.puma.test.CheckoutEndToEnd#step1Fields</h3><table class="result"><tr class="param"><th>Parameter #1</th></tr><tr class="param stripe"><td>{STREET_NUM=1, CITY=PRAGUE, PHONE=420-2-2484-1111, EMAIL=test@yahoo.com, LNAME=lnamePrague, COUNTRY=Czech Republic, ZIP=186 00, ADDRESS2=, ADDRESS1=POBREZNI, FNAME=fnamePrague}</td></tr><tr><th>Messages</th></tr><tr><td><div class="messages">On page Step2 label for radio buttons is ENTER PAYMENT ADDRESS [*Required]<br/>Total on Step2 is ? 3.580,00<br/>Subtotal on Step2 is? 3.580,00<br/>Saved &lt;a href=../screenshot/FAIL/11_Jan_2014__05_51_29PM.png&gt;Screenshot&lt;/a&gt;</div></td></tr><tr><th>Exception</th></tr><tr><td><div class="stacktrace">org.openqa.selenium.NoSuchElementException: Unable to locate element: {&quot;method&quot;:&quot;id&quot;,&quot;selector&quot;:&quot;is-WIRECARD_CREDIT_CARD&quot;}
Command duration or timeout: 10.06 seconds
For documentation on this error, please visit: http://seleniumhq.org/exceptions/no_such_element.html
Build info: version: &apos;2.38.0&apos;, revision: &apos;bd32d4e&apos;, time: &apos;2013-12-05 16:16:40&apos;
System info: host: &apos;localhost&apos;, ip: &apos;127.0.0.1&apos;, os.name: &apos;Mac OS X&apos;, os.arch: &apos;x86_64&apos;, os.version: &apos;10.7.5&apos;, java.version: &apos;1.7.0_25&apos;
Session ID: 23aa744e-d541-6d48-a44e-70f21ae898b5
Driver info: org.openqa.selenium.firefox.FirefoxDriver
Capabilities [{platform=MAC, acceptSslCerts=true, javascriptEnabled=true, cssSelectorsEnabled=true, databaseEnabled=true, browserName=firefox, handlesAlerts=true, browserConnectionEnabled=true, webStorageEnabled=true, nativeEvents=false, rotatable=false, locationContextEnabled=true, applicationCacheEnabled=false, takesScreenshot=true, version=26.0}]
	at org.openqa.selenium.remote.ErrorHandler.createThrowable(ErrorHandler.java:193)
	at org.openqa.selenium.remote.ErrorHandler.throwIfResponseFailed(ErrorHandler.java:145)
	at org.openqa.selenium.remote.RemoteWebDriver.execute(RemoteWebDriver.java:554)
	at org.openqa.selenium.remote.RemoteWebDriver.findElement(RemoteWebDriver.java:307)
	at org.openqa.selenium.remote.RemoteWebDriver.findElementById(RemoteWebDriver.java:348)
	at org.openqa.selenium.By$ById.findElement(By.java:220)
	at org.openqa.selenium.remote.RemoteWebDriver.findElement(RemoteWebDriver.java:299)
	at com.puma.util.PumaCommonMethods.submitStep2(PumaCommonMethods.java:932)
	at com.puma.test.CheckoutEndToEnd.step1Fields(CheckoutEndToEnd.java:220)
Caused by: org.openqa.selenium.remote.ErrorHandler$UnknownServerException: Unable to locate element: {&quot;method&quot;:&quot;id&quot;,&quot;selector&quot;:&quot;is-WIRECARD_CREDIT_CARD&quot;}
Build info: version: &apos;2.38.0&apos;, revision: &apos;bd32d4e&apos;, time: &apos;2013-12-05 16:16:40&apos;
System info: host: &apos;localhost&apos;, ip: &apos;127.0.0.1&apos;, os.name: &apos;Mac OS X&apos;, os.arch: &apos;x86_64&apos;, os.version: &apos;10.7.5&apos;, java.version: &apos;1.7.0_25&apos;
Driver info: driver.version: unknown
	at &lt;anonymous class&gt;.FirefoxDriver.prototype.findElementInternal_(file:///var/folders/_2/pb85wgk175l660128q0hftvh0000gp/T/anonymous5690994426999197046webdriver-profile/extensions/fxdriver@googlecode.com/components/driver_component.js:8860)
	at &lt;anonymous class&gt;.fxdriver.Timer.prototype.setTimeout/&lt;.notify(file:///var/folders/_2/pb85wgk175l660128q0hftvh0000gp/T/anonymous5690994426999197046webdriver-profile/extensions/fxdriver@googlecode.com/components/driver_component.js:396)
... Removed 27 stack frames</div></td></tr></table><p class="totop"><a href="#summary">back to summary</a></p><h3 id="m11">com.puma.test.CheckoutEndToEnd#step1Fields</h3><table class="result"><tr class="param"><th>Parameter #1</th></tr><tr class="param stripe"><td>{STREET_NUM=9, CITY=Clervaux, PHONE=4424533748, EMAIL=test@latvia.com, LNAME=fnameRegLuxemburg, COUNTRY=Luxembourg, ZIP=9710, ADDRESS2=, ADDRESS1=Grand Rue, FNAME=fnameRegLuxemburg}</td></tr><tr><th>Messages</th></tr><tr><td><div class="messages">On page Step2 label for radio buttons is ENTER PAYMENT ADDRESS [*Required]<br/>Total on Step2 is ? 21.480,00<br/>Subtotal on Step2 is? 21.480,00<br/>Saved &lt;a href=../screenshot/FAIL/11_Jan_2014__06_01_28PM.png&gt;Screenshot&lt;/a&gt;</div></td></tr><tr><th>Exception</th></tr><tr><td><div class="stacktrace">org.openqa.selenium.NoSuchElementException: Unable to locate element: {&quot;method&quot;:&quot;id&quot;,&quot;selector&quot;:&quot;is-WIRECARD_CREDIT_CARD&quot;}
Command duration or timeout: 10.04 seconds
For documentation on this error, please visit: http://seleniumhq.org/exceptions/no_such_element.html
Build info: version: &apos;2.38.0&apos;, revision: &apos;bd32d4e&apos;, time: &apos;2013-12-05 16:16:40&apos;
System info: host: &apos;localhost&apos;, ip: &apos;127.0.0.1&apos;, os.name: &apos;Mac OS X&apos;, os.arch: &apos;x86_64&apos;, os.version: &apos;10.7.5&apos;, java.version: &apos;1.7.0_25&apos;
Session ID: 44ef0b8f-c8d8-4946-8c57-ae40f5048065
Driver info: org.openqa.selenium.firefox.FirefoxDriver
Capabilities [{platform=MAC, acceptSslCerts=true, javascriptEnabled=true, cssSelectorsEnabled=true, databaseEnabled=true, browserName=firefox, handlesAlerts=true, browserConnectionEnabled=true, webStorageEnabled=true, nativeEvents=false, rotatable=false, locationContextEnabled=true, applicationCacheEnabled=false, takesScreenshot=true, version=26.0}]
	at org.openqa.selenium.remote.ErrorHandler.createThrowable(ErrorHandler.java:193)
	at org.openqa.selenium.remote.ErrorHandler.throwIfResponseFailed(ErrorHandler.java:145)
	at org.openqa.selenium.remote.RemoteWebDriver.execute(RemoteWebDriver.java:554)
	at org.openqa.selenium.remote.RemoteWebDriver.findElement(RemoteWebDriver.java:307)
	at org.openqa.selenium.remote.RemoteWebDriver.findElementById(RemoteWebDriver.java:348)
	at org.openqa.selenium.By$ById.findElement(By.java:220)
	at org.openqa.selenium.remote.RemoteWebDriver.findElement(RemoteWebDriver.java:299)
	at com.puma.util.PumaCommonMethods.submitStep2(PumaCommonMethods.java:932)
	at com.puma.test.CheckoutEndToEnd.step1Fields(CheckoutEndToEnd.java:220)
Caused by: org.openqa.selenium.remote.ErrorHandler$UnknownServerException: Unable to locate element: {&quot;method&quot;:&quot;id&quot;,&quot;selector&quot;:&quot;is-WIRECARD_CREDIT_CARD&quot;}
Build info: version: &apos;2.38.0&apos;, revision: &apos;bd32d4e&apos;, time: &apos;2013-12-05 16:16:40&apos;
System info: host: &apos;localhost&apos;, ip: &apos;127.0.0.1&apos;, os.name: &apos;Mac OS X&apos;, os.arch: &apos;x86_64&apos;, os.version: &apos;10.7.5&apos;, java.version: &apos;1.7.0_25&apos;
Driver info: driver.version: unknown
	at &lt;anonymous class&gt;.FirefoxDriver.prototype.findElementInternal_(file:///var/folders/_2/pb85wgk175l660128q0hftvh0000gp/T/anonymous3134392462659314839webdriver-profile/extensions/fxdriver@googlecode.com/components/driver_component.js:8860)
	at &lt;anonymous class&gt;.fxdriver.Timer.prototype.setTimeout/&lt;.notify(file:///var/folders/_2/pb85wgk175l660128q0hftvh0000gp/T/anonymous3134392462659314839webdriver-profile/extensions/fxdriver@googlecode.com/components/driver_component.js:396)
... Removed 27 stack frames</div></td></tr></table><p class="totop"><a href="#summary">back to summary</a></p><h3 id="m12">com.puma.test.CheckoutEndToEnd#step1Fields</h3><table class="result"><tr class="param"><th>Parameter #1</th></tr><tr class="param stripe"><td>{STREET_NUM=3, CITY=Tallinn, PHONE=442-453-3741, EMAIL=test@sbcglobal.net, LNAME=lnameTalinn, COUNTRY=Estonia, ZIP=10145, ADDRESS2=, ADDRESS1=Tornimae, FNAME=fnameTalinn}</td></tr><tr><th>Messages</th></tr><tr><td><div class="messages">On page Step2 label for radio buttons is ENTER PAYMENT ADDRESS [*Required]<br/>Total on Step2 is ? 3.580,00<br/>Subtotal on Step2 is? 3.580,00<br/>Saved &lt;a href=../screenshot/FAIL/11_Jan_2014__05_54_36PM.png&gt;Screenshot&lt;/a&gt;</div></td></tr><tr><th>Exception</th></tr><tr><td><div class="stacktrace">org.openqa.selenium.NoSuchElementException: Unable to locate element: {&quot;method&quot;:&quot;id&quot;,&quot;selector&quot;:&quot;is-WIRECARD_CREDIT_CARD&quot;}
Command duration or timeout: 10.08 seconds
For documentation on this error, please visit: http://seleniumhq.org/exceptions/no_such_element.html
Build info: version: &apos;2.38.0&apos;, revision: &apos;bd32d4e&apos;, time: &apos;2013-12-05 16:16:40&apos;
System info: host: &apos;localhost&apos;, ip: &apos;127.0.0.1&apos;, os.name: &apos;Mac OS X&apos;, os.arch: &apos;x86_64&apos;, os.version: &apos;10.7.5&apos;, java.version: &apos;1.7.0_25&apos;
Session ID: 6baf5957-6a60-394c-ba84-4ed008a6aee8
Driver info: org.openqa.selenium.firefox.FirefoxDriver
Capabilities [{platform=MAC, acceptSslCerts=true, javascriptEnabled=true, cssSelectorsEnabled=true, databaseEnabled=true, browserName=firefox, handlesAlerts=true, browserConnectionEnabled=true, webStorageEnabled=true, nativeEvents=false, rotatable=false, locationContextEnabled=true, applicationCacheEnabled=false, takesScreenshot=true, version=26.0}]
	at org.openqa.selenium.remote.ErrorHandler.createThrowable(ErrorHandler.java:193)
	at org.openqa.selenium.remote.ErrorHandler.throwIfResponseFailed(ErrorHandler.java:145)
	at org.openqa.selenium.remote.RemoteWebDriver.execute(RemoteWebDriver.java:554)
	at org.openqa.selenium.remote.RemoteWebDriver.findElement(RemoteWebDriver.java:307)
	at org.openqa.selenium.remote.RemoteWebDriver.findElementById(RemoteWebDriver.java:348)
	at org.openqa.selenium.By$ById.findElement(By.java:220)
	at org.openqa.selenium.remote.RemoteWebDriver.findElement(RemoteWebDriver.java:299)
	at com.puma.util.PumaCommonMethods.submitStep2(PumaCommonMethods.java:932)
	at com.puma.test.CheckoutEndToEnd.step1Fields(CheckoutEndToEnd.java:220)
Caused by: org.openqa.selenium.remote.ErrorHandler$UnknownServerException: Unable to locate element: {&quot;method&quot;:&quot;id&quot;,&quot;selector&quot;:&quot;is-WIRECARD_CREDIT_CARD&quot;}
Build info: version: &apos;2.38.0&apos;, revision: &apos;bd32d4e&apos;, time: &apos;2013-12-05 16:16:40&apos;
System info: host: &apos;localhost&apos;, ip: &apos;127.0.0.1&apos;, os.name: &apos;Mac OS X&apos;, os.arch: &apos;x86_64&apos;, os.version: &apos;10.7.5&apos;, java.version: &apos;1.7.0_25&apos;
Driver info: driver.version: unknown
	at &lt;anonymous class&gt;.FirefoxDriver.prototype.findElementInternal_(file:///var/folders/_2/pb85wgk175l660128q0hftvh0000gp/T/anonymous1295553325907409883webdriver-profile/extensions/fxdriver@googlecode.com/components/driver_component.js:8860)
	at &lt;anonymous class&gt;.fxdriver.Timer.prototype.setTimeout/&lt;.notify(file:///var/folders/_2/pb85wgk175l660128q0hftvh0000gp/T/anonymous1295553325907409883webdriver-profile/extensions/fxdriver@googlecode.com/components/driver_component.js:396)
... Removed 27 stack frames</div></td></tr></table><p class="totop"><a href="#summary">back to summary</a></p><h3 id="m13">com.puma.test.CheckoutEndToEnd#step1Fields</h3><table class="result"><tr class="param"><th>Parameter #1</th></tr><tr class="param stripe"><td>{STREET_NUM=144, CITY=Amsterdam, PHONE=4424533738, EMAIL=test_amsterdam@gmail.com, LNAME=fnameRegNetherlands, COUNTRY=Netherlands, ZIP=1017 AE, ADDRESS2=, ADDRESS1=Amstel, FNAME=fnameRegNetherlands}</td></tr><tr><th>Messages</th></tr><tr><td><div class="messages">On page Step2 label for radio buttons is ENTER PAYMENT ADDRESS [*Required]<br/>Total on Step2 is ? 28.640,00<br/>Subtotal on Step2 is? 28.640,00<br/>Saved &lt;a href=../screenshot/FAIL/11_Jan_2014__06_04_12PM.png&gt;Screenshot&lt;/a&gt;</div></td></tr><tr><th>Exception</th></tr><tr><td><div class="stacktrace">org.openqa.selenium.NoSuchElementException: Unable to locate element: {&quot;method&quot;:&quot;id&quot;,&quot;selector&quot;:&quot;is-WIRECARD_CREDIT_CARD&quot;}
Command duration or timeout: 10.11 seconds
For documentation on this error, please visit: http://seleniumhq.org/exceptions/no_such_element.html
Build info: version: &apos;2.38.0&apos;, revision: &apos;bd32d4e&apos;, time: &apos;2013-12-05 16:16:40&apos;
System info: host: &apos;localhost&apos;, ip: &apos;127.0.0.1&apos;, os.name: &apos;Mac OS X&apos;, os.arch: &apos;x86_64&apos;, os.version: &apos;10.7.5&apos;, java.version: &apos;1.7.0_25&apos;
Session ID: a4288b83-a776-154a-9dab-c64d48b2fd2f
Driver info: org.openqa.selenium.firefox.FirefoxDriver
Capabilities [{platform=MAC, acceptSslCerts=true, javascriptEnabled=true, cssSelectorsEnabled=true, databaseEnabled=true, browserName=firefox, handlesAlerts=true, browserConnectionEnabled=true, webStorageEnabled=true, nativeEvents=false, rotatable=false, locationContextEnabled=true, applicationCacheEnabled=false, takesScreenshot=true, version=26.0}]
	at org.openqa.selenium.remote.ErrorHandler.createThrowable(ErrorHandler.java:193)
	at org.openqa.selenium.remote.ErrorHandler.throwIfResponseFailed(ErrorHandler.java:145)
	at org.openqa.selenium.remote.RemoteWebDriver.execute(RemoteWebDriver.java:554)
	at org.openqa.selenium.remote.RemoteWebDriver.findElement(RemoteWebDriver.java:307)
	at org.openqa.selenium.remote.RemoteWebDriver.findElementById(RemoteWebDriver.java:348)
	at org.openqa.selenium.By$ById.findElement(By.java:220)
	at org.openqa.selenium.remote.RemoteWebDriver.findElement(RemoteWebDriver.java:299)
	at com.puma.util.PumaCommonMethods.submitStep2(PumaCommonMethods.java:932)
	at com.puma.test.CheckoutEndToEnd.step1Fields(CheckoutEndToEnd.java:220)
Caused by: org.openqa.selenium.remote.ErrorHandler$UnknownServerException: Unable to locate element: {&quot;method&quot;:&quot;id&quot;,&quot;selector&quot;:&quot;is-WIRECARD_CREDIT_CARD&quot;}
Build info: version: &apos;2.38.0&apos;, revision: &apos;bd32d4e&apos;, time: &apos;2013-12-05 16:16:40&apos;
System info: host: &apos;localhost&apos;, ip: &apos;127.0.0.1&apos;, os.name: &apos;Mac OS X&apos;, os.arch: &apos;x86_64&apos;, os.version: &apos;10.7.5&apos;, java.version: &apos;1.7.0_25&apos;
Driver info: driver.version: unknown
	at &lt;anonymous class&gt;.FirefoxDriver.prototype.findElementInternal_(file:///var/folders/_2/pb85wgk175l660128q0hftvh0000gp/T/anonymous3871205702438330880webdriver-profile/extensions/fxdriver@googlecode.com/components/driver_component.js:8860)
	at &lt;anonymous class&gt;.fxdriver.Timer.prototype.setTimeout/&lt;.notify(file:///var/folders/_2/pb85wgk175l660128q0hftvh0000gp/T/anonymous3871205702438330880webdriver-profile/extensions/fxdriver@googlecode.com/components/driver_component.js:396)
... Removed 27 stack frames</div></td></tr></table><p class="totop"><a href="#summary">back to summary</a></p><h3 id="m14">com.puma.test.CheckoutEndToEnd#step1Fields</h3><table class="result"><tr class="param"><th>Parameter #1</th></tr><tr class="param stripe"><td>{STREET_NUM=10, CITY=Athens, PHONE=442 453 3741, EMAIL=test@gmail.com, LNAME=lnAthens, COUNTRY=Greece, ZIP=11742, ADDRESS2=, ADDRESS1=Syngrou Avenue, FNAME=fnameAthens}</td></tr><tr><th>Messages</th></tr><tr><td><div class="messages">On page Step2 label for radio buttons is ENTER PAYMENT ADDRESS [*Required]<br/>Total on Step2 is ? 10.740,00<br/>Subtotal on Step2 is? 10.740,00<br/>Saved &lt;a href=../screenshot/FAIL/11_Jan_2014__05_57_27PM.png&gt;Screenshot&lt;/a&gt;</div></td></tr><tr><th>Exception</th></tr><tr><td><div class="stacktrace">org.openqa.selenium.NoSuchElementException: Unable to locate element: {&quot;method&quot;:&quot;id&quot;,&quot;selector&quot;:&quot;is-WIRECARD_CREDIT_CARD&quot;}
Command duration or timeout: 10.05 seconds
For documentation on this error, please visit: http://seleniumhq.org/exceptions/no_such_element.html
Build info: version: &apos;2.38.0&apos;, revision: &apos;bd32d4e&apos;, time: &apos;2013-12-05 16:16:40&apos;
System info: host: &apos;localhost&apos;, ip: &apos;127.0.0.1&apos;, os.name: &apos;Mac OS X&apos;, os.arch: &apos;x86_64&apos;, os.version: &apos;10.7.5&apos;, java.version: &apos;1.7.0_25&apos;
Session ID: 54b9b2e2-bd6f-964d-a092-adac298c275f
Driver info: org.openqa.selenium.firefox.FirefoxDriver
Capabilities [{platform=MAC, acceptSslCerts=true, javascriptEnabled=true, cssSelectorsEnabled=true, databaseEnabled=true, browserName=firefox, handlesAlerts=true, browserConnectionEnabled=true, webStorageEnabled=true, nativeEvents=false, rotatable=false, locationContextEnabled=true, applicationCacheEnabled=false, takesScreenshot=true, version=26.0}]
	at org.openqa.selenium.remote.ErrorHandler.createThrowable(ErrorHandler.java:193)
	at org.openqa.selenium.remote.ErrorHandler.throwIfResponseFailed(ErrorHandler.java:145)
	at org.openqa.selenium.remote.RemoteWebDriver.execute(RemoteWebDriver.java:554)
	at org.openqa.selenium.remote.RemoteWebDriver.findElement(RemoteWebDriver.java:307)
	at org.openqa.selenium.remote.RemoteWebDriver.findElementById(RemoteWebDriver.java:348)
	at org.openqa.selenium.By$ById.findElement(By.java:220)
	at org.openqa.selenium.remote.RemoteWebDriver.findElement(RemoteWebDriver.java:299)
	at com.puma.util.PumaCommonMethods.submitStep2(PumaCommonMethods.java:932)
	at com.puma.test.CheckoutEndToEnd.step1Fields(CheckoutEndToEnd.java:220)
Caused by: org.openqa.selenium.remote.ErrorHandler$UnknownServerException: Unable to locate element: {&quot;method&quot;:&quot;id&quot;,&quot;selector&quot;:&quot;is-WIRECARD_CREDIT_CARD&quot;}
Build info: version: &apos;2.38.0&apos;, revision: &apos;bd32d4e&apos;, time: &apos;2013-12-05 16:16:40&apos;
System info: host: &apos;localhost&apos;, ip: &apos;127.0.0.1&apos;, os.name: &apos;Mac OS X&apos;, os.arch: &apos;x86_64&apos;, os.version: &apos;10.7.5&apos;, java.version: &apos;1.7.0_25&apos;
Driver info: driver.version: unknown
	at &lt;anonymous class&gt;.FirefoxDriver.prototype.findElementInternal_(file:///var/folders/_2/pb85wgk175l660128q0hftvh0000gp/T/anonymous2512965353557351766webdriver-profile/extensions/fxdriver@googlecode.com/components/driver_component.js:8860)
	at &lt;anonymous class&gt;.fxdriver.Timer.prototype.setTimeout/&lt;.notify(file:///var/folders/_2/pb85wgk175l660128q0hftvh0000gp/T/anonymous2512965353557351766webdriver-profile/extensions/fxdriver@googlecode.com/components/driver_component.js:396)
... Removed 27 stack frames</div></td></tr></table><p class="totop"><a href="#summary">back to summary</a></p><h3 id="m15">com.puma.test.CheckoutEndToEnd#step1Fields</h3><table class="result"><tr class="param"><th>Parameter #1</th></tr><tr class="param stripe"><td>{STREET_NUM=111, CITY=Porto, PHONE=4524533738, EMAIL=test_poRtugal@gmail.com, LNAME=fnameRegPortugal, COUNTRY=Portugal, ZIP=4350-226, ADDRESS2=, ADDRESS1=Rua Padre Manuel da Nobrega, FNAME=fnameRegPortugal}</td></tr><tr><th>Messages</th></tr><tr><td><div class="messages">On page Step2 label for radio buttons is ENTER PAYMENT ADDRESS [*Required]<br/>Total on Step2 is ? 35.800,00<br/>Subtotal on Step2 is? 35.800,00<br/>Saved &lt;a href=../screenshot/FAIL/11_Jan_2014__06_07_05PM.png&gt;Screenshot&lt;/a&gt;</div></td></tr><tr><th>Exception</th></tr><tr><td><div class="stacktrace">org.openqa.selenium.NoSuchElementException: Unable to locate element: {&quot;method&quot;:&quot;id&quot;,&quot;selector&quot;:&quot;is-WIRECARD_CREDIT_CARD&quot;}
Command duration or timeout: 10.03 seconds
For documentation on this error, please visit: http://seleniumhq.org/exceptions/no_such_element.html
Build info: version: &apos;2.38.0&apos;, revision: &apos;bd32d4e&apos;, time: &apos;2013-12-05 16:16:40&apos;
System info: host: &apos;localhost&apos;, ip: &apos;127.0.0.1&apos;, os.name: &apos;Mac OS X&apos;, os.arch: &apos;x86_64&apos;, os.version: &apos;10.7.5&apos;, java.version: &apos;1.7.0_25&apos;
Session ID: ca9d6c4a-a733-774a-a785-bc5c641f3bba
Driver info: org.openqa.selenium.firefox.FirefoxDriver
Capabilities [{platform=MAC, acceptSslCerts=true, javascriptEnabled=true, cssSelectorsEnabled=true, databaseEnabled=true, browserName=firefox, handlesAlerts=true, browserConnectionEnabled=true, webStorageEnabled=true, nativeEvents=false, rotatable=false, locationContextEnabled=true, applicationCacheEnabled=false, takesScreenshot=true, version=26.0}]
	at org.openqa.selenium.remote.ErrorHandler.createThrowable(ErrorHandler.java:193)
	at org.openqa.selenium.remote.ErrorHandler.throwIfResponseFailed(ErrorHandler.java:145)
	at org.openqa.selenium.remote.RemoteWebDriver.execute(RemoteWebDriver.java:554)
	at org.openqa.selenium.remote.RemoteWebDriver.findElement(RemoteWebDriver.java:307)
	at org.openqa.selenium.remote.RemoteWebDriver.findElementById(RemoteWebDriver.java:348)
	at org.openqa.selenium.By$ById.findElement(By.java:220)
	at org.openqa.selenium.remote.RemoteWebDriver.findElement(RemoteWebDriver.java:299)
	at com.puma.util.PumaCommonMethods.submitStep2(PumaCommonMethods.java:932)
	at com.puma.test.CheckoutEndToEnd.step1Fields(CheckoutEndToEnd.java:220)
Caused by: org.openqa.selenium.remote.ErrorHandler$UnknownServerException: Unable to locate element: {&quot;method&quot;:&quot;id&quot;,&quot;selector&quot;:&quot;is-WIRECARD_CREDIT_CARD&quot;}
Build info: version: &apos;2.38.0&apos;, revision: &apos;bd32d4e&apos;, time: &apos;2013-12-05 16:16:40&apos;
System info: host: &apos;localhost&apos;, ip: &apos;127.0.0.1&apos;, os.name: &apos;Mac OS X&apos;, os.arch: &apos;x86_64&apos;, os.version: &apos;10.7.5&apos;, java.version: &apos;1.7.0_25&apos;
Driver info: driver.version: unknown
	at &lt;anonymous class&gt;.FirefoxDriver.prototype.findElementInternal_(file:///var/folders/_2/pb85wgk175l660128q0hftvh0000gp/T/anonymous8135069973857349579webdriver-profile/extensions/fxdriver@googlecode.com/components/driver_component.js:8860)
	at &lt;anonymous class&gt;.fxdriver.Timer.prototype.setTimeout/&lt;.notify(file:///var/folders/_2/pb85wgk175l660128q0hftvh0000gp/T/anonymous8135069973857349579webdriver-profile/extensions/fxdriver@googlecode.com/components/driver_component.js:396)
... Removed 27 stack frames</div></td></tr></table><p class="totop"><a href="#summary">back to summary</a></p><h3 id="m16">com.puma.test.CheckoutEndToEnd#step1Fields</h3><table class="result"><tr class="param"><th>Parameter #1</th></tr><tr class="param stripe"><td>{STREET_NUM=45, CITY=Warsaw, PHONE=4424533738, EMAIL=test_poland@gmail.com, LNAME=fnameRegPoland, COUNTRY=Poland, ZIP=00-692, ADDRESS2=, ADDRESS1=Aleje Jerozolimskie, FNAME=fnameRegPoland}</td></tr><tr><th>Messages</th></tr><tr><td><div class="messages">On page Step2 label for radio buttons is ENTER PAYMENT ADDRESS [*Required]<br/>Total on Step2 is ? 32.220,00<br/>Subtotal on Step2 is? 32.220,00<br/>Saved &lt;a href=../screenshot/FAIL/11_Jan_2014__06_05_43PM.png&gt;Screenshot&lt;/a&gt;</div></td></tr><tr><th>Exception</th></tr><tr><td><div class="stacktrace">org.openqa.selenium.NoSuchElementException: Unable to locate element: {&quot;method&quot;:&quot;id&quot;,&quot;selector&quot;:&quot;is-WIRECARD_CREDIT_CARD&quot;}
Command duration or timeout: 10.02 seconds
For documentation on this error, please visit: http://seleniumhq.org/exceptions/no_such_element.html
Build info: version: &apos;2.38.0&apos;, revision: &apos;bd32d4e&apos;, time: &apos;2013-12-05 16:16:40&apos;
System info: host: &apos;localhost&apos;, ip: &apos;127.0.0.1&apos;, os.name: &apos;Mac OS X&apos;, os.arch: &apos;x86_64&apos;, os.version: &apos;10.7.5&apos;, java.version: &apos;1.7.0_25&apos;
Session ID: f79f3867-7cb1-d34e-b969-6f718e2ae238
Driver info: org.openqa.selenium.firefox.FirefoxDriver
Capabilities [{platform=MAC, acceptSslCerts=true, javascriptEnabled=true, cssSelectorsEnabled=true, databaseEnabled=true, browserName=firefox, handlesAlerts=true, browserConnectionEnabled=true, webStorageEnabled=true, nativeEvents=false, rotatable=false, locationContextEnabled=true, applicationCacheEnabled=false, takesScreenshot=true, version=26.0}]
	at org.openqa.selenium.remote.ErrorHandler.createThrowable(ErrorHandler.java:193)
	at org.openqa.selenium.remote.ErrorHandler.throwIfResponseFailed(ErrorHandler.java:145)
	at org.openqa.selenium.remote.RemoteWebDriver.execute(RemoteWebDriver.java:554)
	at org.openqa.selenium.remote.RemoteWebDriver.findElement(RemoteWebDriver.java:307)
	at org.openqa.selenium.remote.RemoteWebDriver.findElementById(RemoteWebDriver.java:348)
	at org.openqa.selenium.By$ById.findElement(By.java:220)
	at org.openqa.selenium.remote.RemoteWebDriver.findElement(RemoteWebDriver.java:299)
	at com.puma.util.PumaCommonMethods.submitStep2(PumaCommonMethods.java:932)
	at com.puma.test.CheckoutEndToEnd.step1Fields(CheckoutEndToEnd.java:220)
Caused by: org.openqa.selenium.remote.ErrorHandler$UnknownServerException: Unable to locate element: {&quot;method&quot;:&quot;id&quot;,&quot;selector&quot;:&quot;is-WIRECARD_CREDIT_CARD&quot;}
Build info: version: &apos;2.38.0&apos;, revision: &apos;bd32d4e&apos;, time: &apos;2013-12-05 16:16:40&apos;
System info: host: &apos;localhost&apos;, ip: &apos;127.0.0.1&apos;, os.name: &apos;Mac OS X&apos;, os.arch: &apos;x86_64&apos;, os.version: &apos;10.7.5&apos;, java.version: &apos;1.7.0_25&apos;
Driver info: driver.version: unknown
	at &lt;anonymous class&gt;.FirefoxDriver.prototype.findElementInternal_(file:///var/folders/_2/pb85wgk175l660128q0hftvh0000gp/T/anonymous5016254362509998490webdriver-profile/extensions/fxdriver@googlecode.com/components/driver_component.js:8860)
	at &lt;anonymous class&gt;.fxdriver.Timer.prototype.setTimeout/&lt;.notify(file:///var/folders/_2/pb85wgk175l660128q0hftvh0000gp/T/anonymous5016254362509998490webdriver-profile/extensions/fxdriver@googlecode.com/components/driver_component.js:396)
... Removed 27 stack frames</div></td></tr></table><p class="totop"><a href="#summary">back to summary</a></p><h3 id="m17">com.puma.test.CheckoutEndToEnd#step1Fields</h3><table class="result"><tr class="param"><th>Parameter #1</th></tr><tr class="param stripe"><td>{STREET_NUM=15, CITY=Ljubljana, PHONE=4524533738, EMAIL=testSlovenia@gmail.com, LNAME=fnameRegSlovenia, COUNTRY=Slovenia, ZIP=1000, ADDRESS2=, ADDRESS1=Slovenska Cesta, FNAME=fnameRegSlovenia}</td></tr><tr><th>Messages</th></tr><tr><td><div class="messages">On page Step2 label for radio buttons is ENTER PAYMENT ADDRESS [*Required]<br/>Total on Step2 is ? 42.960,00<br/>Subtotal on Step2 is? 42.960,00<br/>Saved &lt;a href=../screenshot/FAIL/11_Jan_2014__06_09_52PM.png&gt;Screenshot&lt;/a&gt;</div></td></tr><tr><th>Exception</th></tr><tr><td><div class="stacktrace">org.openqa.selenium.NoSuchElementException: Unable to locate element: {&quot;method&quot;:&quot;id&quot;,&quot;selector&quot;:&quot;is-WIRECARD_CREDIT_CARD&quot;}
Command duration or timeout: 10.01 seconds
For documentation on this error, please visit: http://seleniumhq.org/exceptions/no_such_element.html
Build info: version: &apos;2.38.0&apos;, revision: &apos;bd32d4e&apos;, time: &apos;2013-12-05 16:16:40&apos;
System info: host: &apos;localhost&apos;, ip: &apos;127.0.0.1&apos;, os.name: &apos;Mac OS X&apos;, os.arch: &apos;x86_64&apos;, os.version: &apos;10.7.5&apos;, java.version: &apos;1.7.0_25&apos;
Session ID: d0849aa2-499f-e54b-8de1-0baa500ac7f5
Driver info: org.openqa.selenium.firefox.FirefoxDriver
Capabilities [{platform=MAC, acceptSslCerts=true, javascriptEnabled=true, cssSelectorsEnabled=true, databaseEnabled=true, browserName=firefox, handlesAlerts=true, browserConnectionEnabled=true, webStorageEnabled=true, nativeEvents=false, rotatable=false, locationContextEnabled=true, applicationCacheEnabled=false, takesScreenshot=true, version=26.0}]
	at org.openqa.selenium.remote.ErrorHandler.createThrowable(ErrorHandler.java:193)
	at org.openqa.selenium.remote.ErrorHandler.throwIfResponseFailed(ErrorHandler.java:145)
	at org.openqa.selenium.remote.RemoteWebDriver.execute(RemoteWebDriver.java:554)
	at org.openqa.selenium.remote.RemoteWebDriver.findElement(RemoteWebDriver.java:307)
	at org.openqa.selenium.remote.RemoteWebDriver.findElementById(RemoteWebDriver.java:348)
	at org.openqa.selenium.By$ById.findElement(By.java:220)
	at org.openqa.selenium.remote.RemoteWebDriver.findElement(RemoteWebDriver.java:299)
	at com.puma.util.PumaCommonMethods.submitStep2(PumaCommonMethods.java:932)
	at com.puma.test.CheckoutEndToEnd.step1Fields(CheckoutEndToEnd.java:220)
Caused by: org.openqa.selenium.remote.ErrorHandler$UnknownServerException: Unable to locate element: {&quot;method&quot;:&quot;id&quot;,&quot;selector&quot;:&quot;is-WIRECARD_CREDIT_CARD&quot;}
Build info: version: &apos;2.38.0&apos;, revision: &apos;bd32d4e&apos;, time: &apos;2013-12-05 16:16:40&apos;
System info: host: &apos;localhost&apos;, ip: &apos;127.0.0.1&apos;, os.name: &apos;Mac OS X&apos;, os.arch: &apos;x86_64&apos;, os.version: &apos;10.7.5&apos;, java.version: &apos;1.7.0_25&apos;
Driver info: driver.version: unknown
	at &lt;anonymous class&gt;.FirefoxDriver.prototype.findElementInternal_(file:///var/folders/_2/pb85wgk175l660128q0hftvh0000gp/T/anonymous2257977545926511397webdriver-profile/extensions/fxdriver@googlecode.com/components/driver_component.js:8860)
	at &lt;anonymous class&gt;.fxdriver.Timer.prototype.setTimeout/&lt;.notify(file:///var/folders/_2/pb85wgk175l660128q0hftvh0000gp/T/anonymous2257977545926511397webdriver-profile/extensions/fxdriver@googlecode.com/components/driver_component.js:396)
... Removed 27 stack frames</div></td></tr></table><p class="totop"><a href="#summary">back to summary</a></p><h3 id="m18">com.puma.test.CheckoutSignIn#checkoutSignInRegistered</h3><table class="result"><tr class="param"><th>Parameter #1</th><th>Parameter #2</th><th>Parameter #3</th></tr><tr class="param stripe"><td>software_test</td><td>kipling1</td><td>Sorry, this does not match our records.</td></tr><tr><th colspan="3">Messages</th></tr><tr><td colspan="3"><div class="messages">Saved &lt;a href=../screenshot/FAIL/11_Jan_2014__06_12_20PM.png&gt;Screenshot&lt;/a&gt;</div></td></tr><tr><th colspan="3">Exception</th></tr><tr><td colspan="3"><div class="stacktrace">java.lang.NullPointerException
	at com.puma.test.CheckoutSignIn.checkoutSignInRegistered(CheckoutSignIn.java:125)
... Removed 23 stack frames</div></td></tr></table><p class="totop"><a href="#summary">back to summary</a></p><h3 id="m19">com.puma.test.CheckoutSignIn#checkoutSignInRegistered</h3><table class="result"><tr class="param"><th>Parameter #1</th><th>Parameter #2</th><th>Parameter #3</th></tr><tr class="param stripe"><td></td><td></td><td>eror msg</td></tr><tr><th colspan="3">Messages</th></tr><tr><td colspan="3"><div class="messages">Saved &lt;a href=../screenshot/FAIL/11_Jan_2014__06_12_21PM.png&gt;Screenshot&lt;/a&gt;</div></td></tr><tr><th colspan="3">Exception</th></tr><tr><td colspan="3"><div class="stacktrace">java.lang.NullPointerException
	at com.puma.test.CheckoutSignIn.checkoutSignInRegistered(CheckoutSignIn.java:125)
... Removed 23 stack frames</div></td></tr></table><p class="totop"><a href="#summary">back to summary</a></p><h3 id="m20">com.puma.test.CheckoutSignIn#checkoutSignInRegistered</h3><table class="result"><tr class="param"><th>Parameter #1</th><th>Parameter #2</th><th>Parameter #3</th></tr><tr class="param stripe"><td>software@yahoo.com</td><td>kipling1</td><td>Sorry, this does not match our records.</td></tr><tr><th colspan="3">Messages</th></tr><tr><td colspan="3"><div class="messages">Saved &lt;a href=../screenshot/FAIL/11_Jan_2014__06_12_21PM.png&gt;Screenshot&lt;/a&gt;</div></td></tr><tr><th colspan="3">Exception</th></tr><tr><td colspan="3"><div class="stacktrace">java.lang.NullPointerException
	at com.puma.test.CheckoutSignIn.checkoutSignInRegistered(CheckoutSignIn.java:125)
... Removed 23 stack frames</div></td></tr></table><p class="totop"><a href="#summary">back to summary</a></p><h3 id="m21">com.puma.test.CheckoutSignIn#checkoutSignInRegistered</h3><table class="result"><tr class="param"><th>Parameter #1</th><th>Parameter #2</th><th>Parameter #3</th></tr><tr class="param stripe"><td>software_test22@hotmail.com</td><td>kipling22</td><td>err msg</td></tr><tr><th colspan="3">Messages</th></tr><tr><td colspan="3"><div class="messages">Saved &lt;a href=../screenshot/FAIL/11_Jan_2014__06_12_21PM.png&gt;Screenshot&lt;/a&gt;</div></td></tr><tr><th colspan="3">Exception</th></tr><tr><td colspan="3"><div class="stacktrace">java.lang.NullPointerException
	at com.puma.test.CheckoutSignIn.checkoutSignInRegistered(CheckoutSignIn.java:125)
... Removed 23 stack frames</div></td></tr></table><p class="totop"><a href="#summary">back to summary</a></p><h3 id="m22">com.puma.test.CheckoutSignIn#checkoutSignInRegistered</h3><table class="result"><tr class="param"><th>Parameter #1</th><th>Parameter #2</th><th>Parameter #3</th></tr><tr class="param stripe"><td>software_test22@hotmail.com</td><td>kipling1</td><td>Checkout</td></tr><tr><th colspan="3">Messages</th></tr><tr><td colspan="3"><div class="messages">Saved &lt;a href=../screenshot/FAIL/11_Jan_2014__06_12_20PM.png&gt;Screenshot&lt;/a&gt;</div></td></tr><tr><th colspan="3">Exception</th></tr><tr><td colspan="3"><div class="stacktrace">java.lang.NullPointerException
	at com.puma.test.CheckoutSignIn.checkoutSignInRegistered(CheckoutSignIn.java:125)
... Removed 23 stack frames</div></td></tr></table><p class="totop"><a href="#summary">back to summary</a></p><h3 id="m23">com.puma.test.CheckoutSignIn#getToPDP</h3><table class="result"><tr><th>Messages</th></tr><tr><td><div class="messages">Saved &lt;a href=../screenshot/FAIL/11_Jan_2014__06_12_22PM.png&gt;Screenshot&lt;/a&gt;</div></td></tr><tr><th>Exception</th></tr><tr><td><div class="stacktrace">java.lang.NullPointerException
	at com.puma.util.PumaCommonMethods.openPumaHomePage(PumaCommonMethods.java:314)
	at com.puma.util.PumaCommonMethods.homePageMainNav(PumaCommonMethods.java:382)
	at com.puma.test.CheckoutSignIn.getToPDP(CheckoutSignIn.java:60)
... Removed 23 stack frames</div></td></tr></table><p class="totop"><a href="#summary">back to summary</a></p><h3 id="m24">com.puma.test.CheckoutSignInPage#getFromHomeToStep1</h3><table class="result"><tr><th>Messages</th></tr><tr><td><div class="messages">Saved &lt;a href=../screenshot/FAIL/11_Jan_2014__06_12_22PM.png&gt;Screenshot&lt;/a&gt;</div></td></tr><tr><th>Exception</th></tr><tr><td><div class="stacktrace">java.lang.NullPointerException
	at com.puma.util.PumaCommonMethods.openPumaHomePage(PumaCommonMethods.java:314)
	at com.puma.util.PumaCommonMethods.homePageMainNav(PumaCommonMethods.java:382)
	at com.puma.test.CheckoutSignInPage.getFromHomeToStep1(CheckoutSignInPage.java:65)
... Removed 23 stack frames</div></td></tr></table><p class="totop"><a href="#summary">back to summary</a></p><h3 id="m25">com.puma.test.CheckoutStep1#getFromHomeToStep1</h3><table class="result"><tr><th>Messages</th></tr><tr><td><div class="messages">Saved &lt;a href=../screenshot/FAIL/11_Jan_2014__06_12_22PM.png&gt;Screenshot&lt;/a&gt;</div></td></tr><tr><th>Exception</th></tr><tr><td><div class="stacktrace">java.lang.NullPointerException
	at com.puma.util.PumaCommonMethods.openPumaHomePage(PumaCommonMethods.java:314)
	at com.puma.util.PumaCommonMethods.homePageMainNav(PumaCommonMethods.java:382)
	at com.puma.test.CheckoutStep1.getFromHomeToStep1(CheckoutStep1.java:81)
... Removed 23 stack frames</div></td></tr></table><p class="totop"><a href="#summary">back to summary</a></p><h3 id="m26">com.puma.test.CheckoutStep1Unit#getFromHomeToStep1</h3><table class="result"><tr><th>Messages</th></tr><tr><td><div class="messages">Saved &lt;a href=../screenshot/FAIL/11_Jan_2014__06_12_23PM.png&gt;Screenshot&lt;/a&gt;</div></td></tr><tr><th>Exception</th></tr><tr><td><div class="stacktrace">java.lang.NullPointerException
	at com.puma.util.PumaCommonMethods.openPumaHomePage(PumaCommonMethods.java:314)
	at com.puma.util.PumaCommonMethods.homePageMainNav(PumaCommonMethods.java:382)
	at com.puma.test.CheckoutStep1Unit.getFromHomeToStep1(CheckoutStep1Unit.java:74)
... Removed 23 stack frames</div></td></tr></table><p class="totop"><a href="#summary">back to summary</a></p><h3 id="m27">com.puma.test.PDPTest#homePageMainNav</h3><table class="result"><tr><th>Messages</th></tr><tr><td><div class="messages">Saved &lt;a href=../screenshot/FAIL/11_Jan_2014__06_13_25PM.png&gt;Screenshot&lt;/a&gt;</div></td></tr><tr><th>Exception</th></tr><tr><td><div class="stacktrace">java.lang.NullPointerException
	at com.puma.util.PumaCommonMethods.openPumaHomePage(PumaCommonMethods.java:314)
	at com.puma.util.PumaCommonMethods.homePageMainNav(PumaCommonMethods.java:382)
	at com.puma.test.PDPTest.homePageMainNav(PDPTest.java:53)
... Removed 23 stack frames</div></td></tr></table><p class="totop"><a href="#summary">back to summary</a></p><h3 id="m28">com.puma.test.PumaUtilNavSearch#openPumaHomePage</h3><table class="result"><tr><th>Messages</th></tr><tr><td><div class="messages">Saved &lt;a href=../screenshot/FAIL/11_Jan_2014__06_13_26PM.png&gt;Screenshot&lt;/a&gt;</div></td></tr><tr><th>Exception</th></tr><tr><td><div class="stacktrace">java.lang.NullPointerException
	at com.puma.util.PumaCommonMethods.openPumaHomePage(PumaCommonMethods.java:314)
	at com.puma.test.PumaUtilNavSearch.openPumaHomePage(PumaUtilNavSearch.java:52)
... Removed 23 stack frames</div></td></tr></table><p class="totop"><a href="#summary">back to summary</a></p><h3 id="m29">com.puma.test.PumaUtilNavSearch#searchForPants</h3><table class="result"><tr><th>Messages</th></tr><tr><td><div class="messages">Saved &lt;a href=../screenshot/FAIL/11_Jan_2014__06_13_27PM.png&gt;Screenshot&lt;/a&gt;</div></td></tr><tr><th>Exception</th></tr><tr><td><div class="stacktrace">java.lang.NullPointerException
	at com.puma.util.PumaCommonMethods.searchForPants(PumaCommonMethods.java:362)
	at com.puma.test.PumaUtilNavSearch.searchForPants(PumaUtilNavSearch.java:73)
... Removed 23 stack frames</div></td></tr></table><p class="totop"><a href="#summary">back to summary</a></p><h3 id="m30">com.puma.test.PumaUtilNavSearch#searchForSku</h3><table class="result"><tr><th>Messages</th></tr><tr><td><div class="messages">Saved &lt;a href=../screenshot/FAIL/11_Jan_2014__06_13_26PM.png&gt;Screenshot&lt;/a&gt;</div></td></tr><tr><th>Exception</th></tr><tr><td><div class="stacktrace">java.lang.NullPointerException
	at com.puma.util.PumaCommonMethods.searchForSku(PumaCommonMethods.java:330)
	at com.puma.test.PumaUtilNavSearch.searchForSku(PumaUtilNavSearch.java:59)
... Removed 23 stack frames</div></td></tr></table><p class="totop"><a href="#summary">back to summary</a></p><h3 id="m31">com.puma.test.CheckoutEndToEnd#getToStep1</h3><table class="result"></table><p class="totop"><a href="#summary">back to summary</a></p><h3 id="m32">com.puma.test.CheckoutEndToEnd#oneTimeTearDown</h3><table class="result"></table><p class="totop"><a href="#summary">back to summary</a></p><h3 id="m33">com.puma.test.CheckoutEndToEnd#oneTimeTearDown</h3><table class="result"></table><p class="totop"><a href="#summary">back to summary</a></p><h3 id="m34">com.puma.test.CartTest#fromMiniCartToCart</h3><table class="result"></table><p class="totop"><a href="#summary">back to summary</a></p><h3 id="m35">com.puma.test.CheckoutEndToEnd#step1Fields</h3><table class="result"><tr class="param"><th>Parameter #1</th></tr><tr class="param stripe"><td>{FNAME=}</td></tr></table><p class="totop"><a href="#summary">back to summary</a></p><h3 id="m36">com.puma.test.CheckoutEndToEnd#step1Fields</h3><table class="result"><tr class="param"><th>Parameter #1</th></tr><tr class="param stripe"><td>{STREET_NUM=4, CITY=Stockholm, PHONE=4524532738, EMAIL=testSweden@hotmail.com, LNAME=fnameRegSweden, COUNTRY=Sweden, ZIP=11164, ADDRESS2=, ADDRESS1=Nils Ericssons Plan, FNAME=fnameRegSweden}</td></tr></table><p class="totop"><a href="#summary">back to summary</a></p><h3 id="m37">com.puma.test.CheckoutSignIn#checkoutSignInGuest</h3><table class="result"></table><p class="totop"><a href="#summary">back to summary</a></p><h3 id="m38">com.puma.test.CheckoutStep1#step1Fields</h3><table class="result"></table><p class="totop"><a href="#summary">back to summary</a></p><h3 id="m39">com.puma.test.CheckoutStep1Unit#step1CountryDropDown</h3><table class="result"></table><p class="totop"><a href="#summary">back to summary</a></p><h3 id="m40">com.puma.test.CheckoutStep1Unit#step1FieldsAddress1</h3><table class="result"></table><p class="totop"><a href="#summary">back to summary</a></p><h3 id="m41">com.puma.test.CheckoutStep1Unit#step1FieldsCity</h3><table class="result"></table><p class="totop"><a href="#summary">back to summary</a></p><h3 id="m42">com.puma.test.CheckoutStep1Unit#step1FieldsEmail</h3><table class="result"></table><p class="totop"><a href="#summary">back to summary</a></p><h3 id="m43">com.puma.test.CheckoutStep1Unit#step1FieldsLname</h3><table class="result"></table><p class="totop"><a href="#summary">back to summary</a></p><h3 id="m44">com.puma.test.CheckoutStep1Unit#step1FieldsName</h3><table class="result"></table><p class="totop"><a href="#summary">back to summary</a></p><h3 id="m45">com.puma.test.CheckoutStep1Unit#step1FieldsZip</h3><table class="result"></table><p class="totop"><a href="#summary">back to summary</a></p><h3 id="m46">com.puma.test.CheckoutStep1Unit#step1NextStepBtnUI</h3><table class="result"></table><p class="totop"><a href="#summary">back to summary</a></p><h3 id="m47">com.puma.test.CheckoutStep1Unit#step1SalutationBirthday</h3><table class="result"></table><p class="totop"><a href="#summary">back to summary</a></p><h3 id="m48">com.puma.test.PDPTest#pdpPageSelectColor</h3><table class="result"></table><p class="totop"><a href="#summary">back to summary</a></p><h3 id="m49">com.puma.test.PDPTest#pdpPageSelectQuantity</h3><table class="result"></table><p class="totop"><a href="#summary">back to summary</a></p><h3 id="m50">com.puma.test.PDPTest#pdpPageSelectSize</h3><table class="result"></table><p class="totop"><a href="#summary">back to summary</a></p><h3 id="m51">com.puma.test.PDPTest#pdpPageSizeChart</h3><table class="result"></table><p class="totop"><a href="#summary">back to summary</a></p><h3 id="m52">com.puma.test.PDPTest#pdpPageZoomIn</h3><table class="result"></table><p class="totop"><a href="#summary">back to summary</a></p><h3 id="m53">com.puma.test.PDPTest#subcatPageFunct</h3><table class="result"></table><p class="totop"><a href="#summary">back to summary</a></p><h3 id="m54">com.puma.test.PDPTest#subcatPageUI</h3><table class="result"></table><p class="totop"><a href="#summary">back to summary</a></p><h3 id="m55">com.puma.util.GatherInfo#getFromHomeToStep1</h3><table class="result"><tr><th>Messages</th></tr><tr><td><div class="messages">On Home page title is Official PUMA Online Store | Russia<br/>On subcategory page title is &apos;Men&apos;s Fleece Track Pants - EU&apos;<br/>Selected color on PDP is: &apos;black-white&apos;<br/>After click on 2nd color swatch label changed to &apos;medium gray heather&apos;<br/>ALERT: Size chart might be missing on PDP<br/>Page title on Cart page is PUMA Cart<br/>On checkout &apos;Sign In&apos; page title is Sites-EU-Site<br/>Saved &lt;a href=../screenshot/PASS/11_Jan_2014__06_13_25PM.png&gt;Screenshot&lt;/a&gt;</div></td></tr></table><p class="totop"><a href="#summary">back to summary</a></p><h3 id="m56">com.puma.util.GatherInfo#step1CountryDropDownSaveToTx</h3><table class="result"><tr><th>Messages</th></tr><tr><td><div class="messages">Saved &lt;a href=../screenshot/PASS/11_Jan_2014__06_13_27PM.png&gt;Screenshot&lt;/a&gt;</div></td></tr></table><p class="totop"><a href="#summary">back to summary</a></p></body></html>