<?xml version="1.0" encoding="UTF-8"?>
<!-- Generated by org.testng.reporters.JUnitXMLReporter -->
<testsuite hostname="localhost" name="Default test(failed)" tests="17" failures="1" timestamp="24 Jan 2014 02:38:28 GMT" time="86.858" errors="0">
  <testcase name="@BeforeMethod getToStep1" time="0.0" classname="com.puma.test.CheckoutEndToEnd">
    <failure type="org.openqa.selenium.remote.UnreachableBrowserException" message="Error communicating with the remote browser. It may have died.
Build info: version: &amp;apos;2.38.0&amp;apos;, revision: &amp;apos;bd32d4e&amp;apos;, time: &amp;apos;2013-12-05 16:16:40&amp;apos;
System info: host: &amp;apos;localhost&amp;apos;, ip: &amp;apos;127.0.0.1&amp;apos;, os.name: &amp;apos;Mac OS X&amp;apos;, os.arch: &amp;apos;x86_64&amp;apos;, os.version: &amp;apos;10.7.5&amp;apos;, java.version: &amp;apos;1.7.0_25&amp;apos;
Driver info: driver.version: RemoteWebDriver">
      <![CDATA[org.openqa.selenium.remote.UnreachableBrowserException: Error communicating with the remote browser. It may have died.
Build info: version: '2.38.0', revision: 'bd32d4e', time: '2013-12-05 16:16:40'
System info: host: 'localhost', ip: '127.0.0.1', os.name: 'Mac OS X', os.arch: 'x86_64', os.version: '10.7.5', java.version: '1.7.0_25'
Driver info: driver.version: RemoteWebDriver
	at org.openqa.selenium.remote.RemoteWebDriver.execute(RemoteWebDriver.java:548)
	at org.openqa.selenium.remote.RemoteWebDriver.get(RemoteWebDriver.java:276)
	at com.puma.util.PumaCommonMethods.openPumaHomePage(PumaCommonMethods.java:489)
	at com.puma.util.PumaCommonMethods.homePageMainNav(PumaCommonMethods.java:557)
	at com.puma.test.CheckoutEndToEnd.getToStep1(CheckoutEndToEnd.java:92)
Caused by: java.net.ConnectException: Connection refused
	at java.net.PlainSocketImpl.socketConnect(Native Method)
	at java.net.AbstractPlainSocketImpl.doConnect(AbstractPlainSocketImpl.java:339)
	at java.net.AbstractPlainSocketImpl.connectToAddress(AbstractPlainSocketImpl.java:200)
	at java.net.AbstractPlainSocketImpl.connect(AbstractPlainSocketImpl.java:182)
	at java.net.SocksSocketImpl.connect(SocksSocketImpl.java:392)
	at java.net.Socket.connect(Socket.java:579)
	at org.apache.http.conn.scheme.PlainSocketFactory.connectSocket(PlainSocketFactory.java:117)
	at org.apache.http.impl.conn.DefaultClientConnectionOperator.openConnection(DefaultClientConnectionOperator.java:178)
	at org.apache.http.impl.conn.AbstractPoolEntry.open(AbstractPoolEntry.java:144)
	at org.apache.http.impl.conn.AbstractPooledConnAdapter.open(AbstractPooledConnAdapter.java:131)
	at org.apache.http.impl.client.DefaultRequestDirector.tryConnect(DefaultRequestDirector.java:610)
	at org.apache.http.impl.client.DefaultRequestDirector.execute(DefaultRequestDirector.java:445)
	at org.apache.http.impl.client.AbstractHttpClient.doExecute(AbstractHttpClient.java:863)
	at org.apache.http.impl.client.CloseableHttpClient.execute(CloseableHttpClient.java:72)
	at org.apache.http.impl.client.CloseableHttpClient.execute(CloseableHttpClient.java:57)
	at org.openqa.selenium.remote.HttpCommandExecutor.fallBackExecute(HttpCommandExecutor.java:337)
	at org.openqa.selenium.remote.HttpCommandExecutor.execute(HttpCommandExecutor.java:298)
	at org.openqa.selenium.firefox.internal.NewProfileExtensionConnection.execute(NewProfileExtensionConnection.java:165)
	at org.openqa.selenium.firefox.FirefoxDriver$LazyCommandExecutor.execute(FirefoxDriver.java:366)
	at org.openqa.selenium.remote.RemoteWebDriver.execute(RemoteWebDriver.java:527)
	... 30 more
... Removed 26 stack frames]]>
    </failure>
  </testcase> <!-- @BeforeMethod getToStep1 -->
  <testcase name="@AfterMethod oneTimeTearDown" time="0.0" classname="com.puma.test.CheckoutEndToEnd">
    <skipped/>
  </testcase> <!-- @AfterMethod oneTimeTearDown -->
  <testcase name="@BeforeMethod getToStep1" time="0.0" classname="com.puma.test.CheckoutEndToEnd">
    <skipped/>
  </testcase> <!-- @BeforeMethod getToStep1 -->
  <testcase name="@AfterMethod oneTimeTearDown" time="0.0" classname="com.puma.test.CheckoutEndToEnd">
    <skipped/>
  </testcase> <!-- @AfterMethod oneTimeTearDown -->
  <testcase name="@BeforeMethod getToStep1" time="0.0" classname="com.puma.test.CheckoutEndToEnd">
    <skipped/>
  </testcase> <!-- @BeforeMethod getToStep1 -->
  <testcase name="@AfterMethod oneTimeTearDown" time="0.0" classname="com.puma.test.CheckoutEndToEnd">
    <skipped/>
  </testcase> <!-- @AfterMethod oneTimeTearDown -->
  <testcase name="@BeforeMethod getToStep1" time="0.0" classname="com.puma.test.CheckoutEndToEnd">
    <skipped/>
  </testcase> <!-- @BeforeMethod getToStep1 -->
  <testcase name="@AfterMethod oneTimeTearDown" time="0.0" classname="com.puma.test.CheckoutEndToEnd">
    <skipped/>
  </testcase> <!-- @AfterMethod oneTimeTearDown -->
  <testcase name="@BeforeMethod getToStep1" time="0.0" classname="com.puma.test.CheckoutEndToEnd">
    <skipped/>
  </testcase> <!-- @BeforeMethod getToStep1 -->
  <testcase name="@AfterMethod oneTimeTearDown" time="0.0" classname="com.puma.test.CheckoutEndToEnd">
    <skipped/>
  </testcase> <!-- @AfterMethod oneTimeTearDown -->
  <testcase name="@BeforeMethod getToStep1" time="0.0" classname="com.puma.test.CheckoutEndToEnd">
    <skipped/>
  </testcase> <!-- @BeforeMethod getToStep1 -->
  <testcase name="@AfterMethod oneTimeTearDown" time="0.0" classname="com.puma.test.CheckoutEndToEnd">
    <skipped/>
  </testcase> <!-- @AfterMethod oneTimeTearDown -->
  <testcase name="@BeforeMethod getToStep1" time="0.0" classname="com.puma.test.CheckoutEndToEnd">
    <skipped/>
  </testcase> <!-- @BeforeMethod getToStep1 -->
  <testcase name="@AfterMethod oneTimeTearDown" time="0.0" classname="com.puma.test.CheckoutEndToEnd">
    <skipped/>
  </testcase> <!-- @AfterMethod oneTimeTearDown -->
  <testcase name="@BeforeMethod getToStep1" time="0.0" classname="com.puma.test.CheckoutEndToEnd">
    <skipped/>
  </testcase> <!-- @BeforeMethod getToStep1 -->
  <testcase name="@AfterMethod oneTimeTearDown" time="0.0" classname="com.puma.test.CheckoutEndToEnd">
    <skipped/>
  </testcase> <!-- @AfterMethod oneTimeTearDown -->
  <testcase name="@BeforeMethod getToStep1" time="0.0" classname="com.puma.test.CheckoutEndToEnd">
    <skipped/>
  </testcase> <!-- @BeforeMethod getToStep1 -->
  <testcase name="@AfterMethod oneTimeTearDown" time="0.0" classname="com.puma.test.CheckoutEndToEnd">
    <skipped/>
  </testcase> <!-- @AfterMethod oneTimeTearDown -->
  <testcase name="@BeforeMethod getToStep1" time="0.0" classname="com.puma.test.CheckoutEndToEnd">
    <skipped/>
  </testcase> <!-- @BeforeMethod getToStep1 -->
  <testcase name="@AfterMethod oneTimeTearDown" time="0.0" classname="com.puma.test.CheckoutEndToEnd">
    <skipped/>
  </testcase> <!-- @AfterMethod oneTimeTearDown -->
  <testcase name="@BeforeMethod getToStep1" time="0.0" classname="com.puma.test.CheckoutEndToEnd">
    <skipped/>
  </testcase> <!-- @BeforeMethod getToStep1 -->
  <testcase name="@AfterMethod oneTimeTearDown" time="0.0" classname="com.puma.test.CheckoutEndToEnd">
    <skipped/>
  </testcase> <!-- @AfterMethod oneTimeTearDown -->
  <testcase name="@BeforeMethod getToStep1" time="0.0" classname="com.puma.test.CheckoutEndToEnd">
    <skipped/>
  </testcase> <!-- @BeforeMethod getToStep1 -->
  <testcase name="@AfterMethod oneTimeTearDown" time="0.0" classname="com.puma.test.CheckoutEndToEnd">
    <skipped/>
  </testcase> <!-- @AfterMethod oneTimeTearDown -->
  <testcase name="@BeforeMethod getToStep1" time="0.0" classname="com.puma.test.CheckoutEndToEnd">
    <skipped/>
  </testcase> <!-- @BeforeMethod getToStep1 -->
  <testcase name="@AfterMethod oneTimeTearDown" time="0.0" classname="com.puma.test.CheckoutEndToEnd">
    <skipped/>
  </testcase> <!-- @AfterMethod oneTimeTearDown -->
  <testcase name="@BeforeMethod getToStep1" time="0.0" classname="com.puma.test.CheckoutEndToEnd">
    <skipped/>
  </testcase> <!-- @BeforeMethod getToStep1 -->
  <testcase name="@AfterMethod oneTimeTearDown" time="0.0" classname="com.puma.test.CheckoutEndToEnd">
    <skipped/>
  </testcase> <!-- @AfterMethod oneTimeTearDown -->
  <testcase name="@BeforeMethod getToStep1" time="0.0" classname="com.puma.test.CheckoutEndToEnd">
    <skipped/>
  </testcase> <!-- @BeforeMethod getToStep1 -->
  <testcase name="@AfterMethod oneTimeTearDown" time="0.0" classname="com.puma.test.CheckoutEndToEnd">
    <skipped/>
  </testcase> <!-- @AfterMethod oneTimeTearDown -->
  <testcase name="@BeforeMethod getToStep1" time="0.0" classname="com.puma.test.CheckoutEndToEnd">
    <skipped/>
  </testcase> <!-- @BeforeMethod getToStep1 -->
  <testcase name="@AfterMethod oneTimeTearDown" time="0.0" classname="com.puma.test.CheckoutEndToEnd">
    <skipped/>
  </testcase> <!-- @AfterMethod oneTimeTearDown -->
  <testcase name="step1Fields" time="21.131" classname="com.puma.test.CheckoutEndToEnd">
    <failure type="org.openqa.selenium.NoSuchElementException" message="Unable to locate element: {&amp;quot;method&amp;quot;:&amp;quot;css selector&amp;quot;,&amp;quot;selector&amp;quot;:&amp;quot;tr.order-total &amp;quot;}
Command duration or timeout: 10.11 seconds
For documentation on this error, please visit: http://seleniumhq.org/exceptions/no_such_element.html
Build info: version: &amp;apos;2.38.0&amp;apos;, revision: &amp;apos;bd32d4e&amp;apos;, time: &amp;apos;2013-12-05 16:16:40&amp;apos;
System info: host: &amp;apos;localhost&amp;apos;, ip: &amp;apos;127.0.0.1&amp;apos;, os.name: &amp;apos;Mac OS X&amp;apos;, os.arch: &amp;apos;x86_64&amp;apos;, os.version: &amp;apos;10.7.5&amp;apos;, java.version: &amp;apos;1.7.0_25&amp;apos;
Session ID: bb54cf5a-5b58-7844-9e05-d30984b68bd5
Driver info: org.openqa.selenium.firefox.FirefoxDriver
Capabilities [{platform=MAC, acceptSslCerts=true, javascriptEnabled=true, cssSelectorsEnabled=true, databaseEnabled=true, browserName=firefox, handlesAlerts=true, browserConnectionEnabled=true, webStorageEnabled=true, nativeEvents=false, rotatable=false, locationContextEnabled=true, applicationCacheEnabled=false, takesScreenshot=true, version=26.0}]">
      <![CDATA[org.openqa.selenium.NoSuchElementException: Unable to locate element: {"method":"css selector","selector":"tr.order-total "}
Command duration or timeout: 10.11 seconds
For documentation on this error, please visit: http://seleniumhq.org/exceptions/no_such_element.html
Build info: version: '2.38.0', revision: 'bd32d4e', time: '2013-12-05 16:16:40'
System info: host: 'localhost', ip: '127.0.0.1', os.name: 'Mac OS X', os.arch: 'x86_64', os.version: '10.7.5', java.version: '1.7.0_25'
Session ID: bb54cf5a-5b58-7844-9e05-d30984b68bd5
Driver info: org.openqa.selenium.firefox.FirefoxDriver
Capabilities [{platform=MAC, acceptSslCerts=true, javascriptEnabled=true, cssSelectorsEnabled=true, databaseEnabled=true, browserName=firefox, handlesAlerts=true, browserConnectionEnabled=true, webStorageEnabled=true, nativeEvents=false, rotatable=false, locationContextEnabled=true, applicationCacheEnabled=false, takesScreenshot=true, version=26.0}]
	at org.openqa.selenium.remote.ErrorHandler.createThrowable(ErrorHandler.java:193)
	at org.openqa.selenium.remote.ErrorHandler.throwIfResponseFailed(ErrorHandler.java:145)
	at org.openqa.selenium.remote.RemoteWebDriver.execute(RemoteWebDriver.java:554)
	at org.openqa.selenium.remote.RemoteWebDriver.findElement(RemoteWebDriver.java:307)
	at org.openqa.selenium.remote.RemoteWebDriver.findElementByCssSelector(RemoteWebDriver.java:396)
	at org.openqa.selenium.By$ByCssSelector.findElement(By.java:432)
	at org.openqa.selenium.remote.RemoteWebDriver.findElement(RemoteWebDriver.java:299)
	at com.puma.util.PumaCommonMethods.submitStep2(PumaCommonMethods.java:991)
	at com.puma.test.CheckoutEndToEnd.step1Fields(CheckoutEndToEnd.java:221)
Caused by: org.openqa.selenium.remote.ErrorHandler$UnknownServerException: Unable to locate element: {"method":"css selector","selector":"tr.order-total "}
Build info: version: '2.38.0', revision: 'bd32d4e', time: '2013-12-05 16:16:40'
System info: host: 'localhost', ip: '127.0.0.1', os.name: 'Mac OS X', os.arch: 'x86_64', os.version: '10.7.5', java.version: '1.7.0_25'
Driver info: driver.version: unknown
	at <anonymous class>.FirefoxDriver.prototype.findElementInternal_(file:///var/folders/_2/pb85wgk175l660128q0hftvh0000gp/T/anonymous1122220492455784665webdriver-profile/extensions/fxdriver@googlecode.com/components/driver_component.js:8860)
	at <anonymous class>.fxdriver.Timer.prototype.setTimeout/<.notify(file:///var/folders/_2/pb85wgk175l660128q0hftvh0000gp/T/anonymous1122220492455784665webdriver-profile/extensions/fxdriver@googlecode.com/components/driver_component.js:396)
... Removed 28 stack frames]]>
    </failure>
  </testcase> <!-- step1Fields -->
  <testcase name="step1Fields" time="0.001" classname="com.puma.test.CheckoutEndToEnd">
    <skipped/>
  </testcase> <!-- step1Fields -->
  <testcase name="step1Fields" time="0.0" classname="com.puma.test.CheckoutEndToEnd">
    <skipped/>
  </testcase> <!-- step1Fields -->
  <testcase name="step1Fields" time="0.0" classname="com.puma.test.CheckoutEndToEnd">
    <skipped/>
  </testcase> <!-- step1Fields -->
  <testcase name="step1Fields" time="0.0" classname="com.puma.test.CheckoutEndToEnd">
    <skipped/>
  </testcase> <!-- step1Fields -->
  <testcase name="step1Fields" time="0.001" classname="com.puma.test.CheckoutEndToEnd">
    <skipped/>
  </testcase> <!-- step1Fields -->
  <testcase name="step1Fields" time="0.0" classname="com.puma.test.CheckoutEndToEnd">
    <skipped/>
  </testcase> <!-- step1Fields -->
  <testcase name="step1Fields" time="0.001" classname="com.puma.test.CheckoutEndToEnd">
    <skipped/>
  </testcase> <!-- step1Fields -->
  <testcase name="step1Fields" time="0.001" classname="com.puma.test.CheckoutEndToEnd">
    <skipped/>
  </testcase> <!-- step1Fields -->
  <testcase name="step1Fields" time="0.0" classname="com.puma.test.CheckoutEndToEnd">
    <skipped/>
  </testcase> <!-- step1Fields -->
  <testcase name="step1Fields" time="0.001" classname="com.puma.test.CheckoutEndToEnd">
    <skipped/>
  </testcase> <!-- step1Fields -->
  <testcase name="step1Fields" time="0.001" classname="com.puma.test.CheckoutEndToEnd">
    <skipped/>
  </testcase> <!-- step1Fields -->
  <testcase name="step1Fields" time="0.001" classname="com.puma.test.CheckoutEndToEnd">
    <skipped/>
  </testcase> <!-- step1Fields -->
  <testcase name="step1Fields" time="0.0" classname="com.puma.test.CheckoutEndToEnd">
    <skipped/>
  </testcase> <!-- step1Fields -->
  <testcase name="step1Fields" time="0.0" classname="com.puma.test.CheckoutEndToEnd">
    <skipped/>
  </testcase> <!-- step1Fields -->
  <testcase name="step1Fields" time="0.0" classname="com.puma.test.CheckoutEndToEnd">
    <skipped/>
  </testcase> <!-- step1Fields -->
  <testcase name="step1Fields" time="0.0" classname="com.puma.test.CheckoutEndToEnd">
    <skipped/>
  </testcase> <!-- step1Fields -->
</testsuite> <!-- Default test(failed) -->
