<?xml version="1.0" encoding="UTF-8"?>
<!-- Generated by org.testng.reporters.JUnitXMLReporter -->
<testsuite hostname="localhost" name="Default test" tests="18" failures="4" timestamp="19 Jan 2014 10:21:21 GMT" time="708.269" errors="0">
  <testcase name="@BeforeMethod getToStep1" time="0.0" classname="com.puma.test.CheckoutEndToEnd">
    <failure type="org.openqa.selenium.remote.UnreachableBrowserException" message="Error communicating with the remote browser. It may have died.
Build info: version: &amp;apos;2.38.0&amp;apos;, revision: &amp;apos;bd32d4e&amp;apos;, time: &amp;apos;2013-12-05 16:16:40&amp;apos;
System info: host: &amp;apos;localhost&amp;apos;, ip: &amp;apos;127.0.0.1&amp;apos;, os.name: &amp;apos;Mac OS X&amp;apos;, os.arch: &amp;apos;x86_64&amp;apos;, os.version: &amp;apos;10.7.5&amp;apos;, java.version: &amp;apos;1.7.0_25&amp;apos;
Driver info: driver.version: RemoteWebDriver">
      <![CDATA[org.openqa.selenium.remote.UnreachableBrowserException: Error communicating with the remote browser. It may have died.
Build info: version: '2.38.0', revision: 'bd32d4e', time: '2013-12-05 16:16:40'
System info: host: 'localhost', ip: '127.0.0.1', os.name: 'Mac OS X', os.arch: 'x86_64', os.version: '10.7.5', java.version: '1.7.0_25'
Driver info: driver.version: RemoteWebDriver
	at org.openqa.selenium.remote.RemoteWebDriver.execute(RemoteWebDriver.java:548)
	at org.openqa.selenium.remote.RemoteWebDriver.get(RemoteWebDriver.java:276)
	at com.puma.util.PumaCommonMethods.openPumaHomePage(PumaCommonMethods.java:387)
	at com.puma.util.PumaCommonMethods.homePageMainNav(PumaCommonMethods.java:455)
	at com.puma.test.CheckoutEndToEnd.getToStep1(CheckoutEndToEnd.java:92)
	at sun.reflect.NativeMethodAccessorImpl.invoke0(Native Method)
	at sun.reflect.NativeMethodAccessorImpl.invoke(NativeMethodAccessorImpl.java:57)
	at sun.reflect.DelegatingMethodAccessorImpl.invoke(DelegatingMethodAccessorImpl.java:43)
	at java.lang.reflect.Method.invoke(Method.java:606)
	at org.testng.internal.MethodInvocationHelper.invokeMethod(MethodInvocationHelper.java:84)
	at org.testng.internal.Invoker.invokeConfigurationMethod(Invoker.java:564)
	at org.testng.internal.Invoker.invokeConfigurations(Invoker.java:213)
	at org.testng.internal.Invoker.invokeMethod(Invoker.java:653)
	at org.testng.internal.Invoker.invokeTestMethod(Invoker.java:901)
	at org.testng.internal.Invoker.invokeTestMethods(Invoker.java:1231)
	at org.testng.internal.TestMethodWorker.invokeTestMethods(TestMethodWorker.java:127)
	at org.testng.internal.TestMethodWorker.run(TestMethodWorker.java:111)
	at org.testng.TestRunner.privateRun(TestRunner.java:767)
	at org.testng.TestRunner.run(TestRunner.java:617)
	at org.testng.SuiteRunner.runTest(SuiteRunner.java:334)
	at org.testng.SuiteRunner.runSequentially(SuiteRunner.java:329)
	at org.testng.SuiteRunner.privateRun(SuiteRunner.java:291)
	at org.testng.SuiteRunner.run(SuiteRunner.java:240)
	at org.testng.SuiteRunnerWorker.runSuite(SuiteRunnerWorker.java:52)
	at org.testng.SuiteRunnerWorker.run(SuiteRunnerWorker.java:86)
	at org.testng.TestNG.runSuitesSequentially(TestNG.java:1224)
	at org.testng.TestNG.runSuitesLocally(TestNG.java:1149)
	at org.testng.TestNG.run(TestNG.java:1057)
	at org.testng.remote.RemoteTestNG.run(RemoteTestNG.java:111)
	at org.testng.remote.RemoteTestNG.initAndRun(RemoteTestNG.java:204)
	at org.testng.remote.RemoteTestNG.main(RemoteTestNG.java:175)
Caused by: java.net.ConnectException: Connection refused
	at java.net.PlainSocketImpl.socketConnect(Native Method)
	at java.net.AbstractPlainSocketImpl.doConnect(AbstractPlainSocketImpl.java:339)
	at java.net.AbstractPlainSocketImpl.connectToAddress(AbstractPlainSocketImpl.java:200)
	at java.net.AbstractPlainSocketImpl.connect(AbstractPlainSocketImpl.java:182)
	at java.net.SocksSocketImpl.connect(SocksSocketImpl.java:392)
	at java.net.Socket.connect(Socket.java:579)
	at org.apache.http.conn.scheme.PlainSocketFactory.connectSocket(PlainSocketFactory.java:117)
	at org.apache.http.impl.conn.DefaultClientConnectionOperator.openConnection(DefaultClientConnectionOperator.java:178)
	at org.apache.http.impl.conn.AbstractPoolEntry.open(AbstractPoolEntry.java:144)
	at org.apache.http.impl.conn.AbstractPooledConnAdapter.open(AbstractPooledConnAdapter.java:131)
	at org.apache.http.impl.client.DefaultRequestDirector.tryConnect(DefaultRequestDirector.java:610)
	at org.apache.http.impl.client.DefaultRequestDirector.execute(DefaultRequestDirector.java:445)
	at org.apache.http.impl.client.AbstractHttpClient.doExecute(AbstractHttpClient.java:863)
	at org.apache.http.impl.client.CloseableHttpClient.execute(CloseableHttpClient.java:72)
	at org.apache.http.impl.client.CloseableHttpClient.execute(CloseableHttpClient.java:57)
	at org.openqa.selenium.remote.HttpCommandExecutor.fallBackExecute(HttpCommandExecutor.java:337)
	at org.openqa.selenium.remote.HttpCommandExecutor.execute(HttpCommandExecutor.java:298)
	at org.openqa.selenium.firefox.internal.NewProfileExtensionConnection.execute(NewProfileExtensionConnection.java:165)
	at org.openqa.selenium.firefox.FirefoxDriver$LazyCommandExecutor.execute(FirefoxDriver.java:366)
	at org.openqa.selenium.remote.RemoteWebDriver.execute(RemoteWebDriver.java:527)
	... 30 more
]]>
    </failure>
  </testcase> <!-- @BeforeMethod getToStep1 -->
  <testcase name="@AfterMethod oneTimeTearDown" time="0.0" classname="com.puma.test.CheckoutEndToEnd">
    <skipped/>
  </testcase> <!-- @AfterMethod oneTimeTearDown -->
  <testcase name="@BeforeMethod getToStep1" time="0.0" classname="com.puma.test.CheckoutEndToEnd">
    <skipped/>
  </testcase> <!-- @BeforeMethod getToStep1 -->
  <testcase name="@AfterMethod oneTimeTearDown" time="0.0" classname="com.puma.test.CheckoutEndToEnd">
    <skipped/>
  </testcase> <!-- @AfterMethod oneTimeTearDown -->
  <testcase name="@BeforeMethod getToStep1" time="0.0" classname="com.puma.test.CheckoutEndToEnd">
    <skipped/>
  </testcase> <!-- @BeforeMethod getToStep1 -->
  <testcase name="@AfterMethod oneTimeTearDown" time="0.0" classname="com.puma.test.CheckoutEndToEnd">
    <skipped/>
  </testcase> <!-- @AfterMethod oneTimeTearDown -->
  <testcase name="@BeforeMethod getToStep1" time="0.0" classname="com.puma.test.CheckoutEndToEnd">
    <skipped/>
  </testcase> <!-- @BeforeMethod getToStep1 -->
  <testcase name="@AfterMethod oneTimeTearDown" time="0.0" classname="com.puma.test.CheckoutEndToEnd">
    <skipped/>
  </testcase> <!-- @AfterMethod oneTimeTearDown -->
  <testcase name="@BeforeMethod getToStep1" time="0.0" classname="com.puma.test.CheckoutEndToEnd">
    <skipped/>
  </testcase> <!-- @BeforeMethod getToStep1 -->
  <testcase name="@AfterMethod oneTimeTearDown" time="0.0" classname="com.puma.test.CheckoutEndToEnd">
    <skipped/>
  </testcase> <!-- @AfterMethod oneTimeTearDown -->
  <testcase name="@BeforeMethod getToStep1" time="0.0" classname="com.puma.test.CheckoutEndToEnd">
    <skipped/>
  </testcase> <!-- @BeforeMethod getToStep1 -->
  <testcase name="@AfterMethod oneTimeTearDown" time="0.0" classname="com.puma.test.CheckoutEndToEnd">
    <skipped/>
  </testcase> <!-- @AfterMethod oneTimeTearDown -->
  <testcase name="@BeforeMethod getToStep1" time="0.0" classname="com.puma.test.CheckoutEndToEnd">
    <skipped/>
  </testcase> <!-- @BeforeMethod getToStep1 -->
  <testcase name="@AfterMethod oneTimeTearDown" time="0.0" classname="com.puma.test.CheckoutEndToEnd">
    <skipped/>
  </testcase> <!-- @AfterMethod oneTimeTearDown -->
  <testcase name="@BeforeMethod getToStep1" time="0.0" classname="com.puma.test.CheckoutEndToEnd">
    <skipped/>
  </testcase> <!-- @BeforeMethod getToStep1 -->
  <testcase name="@AfterMethod oneTimeTearDown" time="0.0" classname="com.puma.test.CheckoutEndToEnd">
    <skipped/>
  </testcase> <!-- @AfterMethod oneTimeTearDown -->
  <testcase name="@BeforeMethod getToStep1" time="0.0" classname="com.puma.test.CheckoutEndToEnd">
    <skipped/>
  </testcase> <!-- @BeforeMethod getToStep1 -->
  <testcase name="@AfterMethod oneTimeTearDown" time="0.0" classname="com.puma.test.CheckoutEndToEnd">
    <skipped/>
  </testcase> <!-- @AfterMethod oneTimeTearDown -->
  <testcase name="step1Fields" time="41.614" classname="com.puma.test.CheckoutEndToEnd"/>
  <testcase name="step1Fields" time="18.482" classname="com.puma.test.CheckoutEndToEnd">
    <failure type="org.openqa.selenium.NoSuchElementException" message="Unable to locate element: {&amp;quot;method&amp;quot;:&amp;quot;id&amp;quot;,&amp;quot;selector&amp;quot;:&amp;quot;is-WIRECARD_CREDIT_CARD&amp;quot;}
Command duration or timeout: 10.02 seconds
For documentation on this error, please visit: http://seleniumhq.org/exceptions/no_such_element.html
Build info: version: &amp;apos;2.38.0&amp;apos;, revision: &amp;apos;bd32d4e&amp;apos;, time: &amp;apos;2013-12-05 16:16:40&amp;apos;
System info: host: &amp;apos;localhost&amp;apos;, ip: &amp;apos;127.0.0.1&amp;apos;, os.name: &amp;apos;Mac OS X&amp;apos;, os.arch: &amp;apos;x86_64&amp;apos;, os.version: &amp;apos;10.7.5&amp;apos;, java.version: &amp;apos;1.7.0_25&amp;apos;
Session ID: 5e53bcce-7e50-4a4f-a273-1663d1874b72
Driver info: org.openqa.selenium.firefox.FirefoxDriver
Capabilities [{platform=MAC, acceptSslCerts=true, javascriptEnabled=true, cssSelectorsEnabled=true, databaseEnabled=true, browserName=firefox, handlesAlerts=true, browserConnectionEnabled=true, webStorageEnabled=true, nativeEvents=false, rotatable=false, locationContextEnabled=true, applicationCacheEnabled=false, takesScreenshot=true, version=26.0}]">
      <![CDATA[org.openqa.selenium.NoSuchElementException: Unable to locate element: {"method":"id","selector":"is-WIRECARD_CREDIT_CARD"}
Command duration or timeout: 10.02 seconds
For documentation on this error, please visit: http://seleniumhq.org/exceptions/no_such_element.html
Build info: version: '2.38.0', revision: 'bd32d4e', time: '2013-12-05 16:16:40'
System info: host: 'localhost', ip: '127.0.0.1', os.name: 'Mac OS X', os.arch: 'x86_64', os.version: '10.7.5', java.version: '1.7.0_25'
Session ID: 5e53bcce-7e50-4a4f-a273-1663d1874b72
Driver info: org.openqa.selenium.firefox.FirefoxDriver
Capabilities [{platform=MAC, acceptSslCerts=true, javascriptEnabled=true, cssSelectorsEnabled=true, databaseEnabled=true, browserName=firefox, handlesAlerts=true, browserConnectionEnabled=true, webStorageEnabled=true, nativeEvents=false, rotatable=false, locationContextEnabled=true, applicationCacheEnabled=false, takesScreenshot=true, version=26.0}]
	at sun.reflect.NativeConstructorAccessorImpl.newInstance0(Native Method)
	at sun.reflect.NativeConstructorAccessorImpl.newInstance(NativeConstructorAccessorImpl.java:57)
	at sun.reflect.DelegatingConstructorAccessorImpl.newInstance(DelegatingConstructorAccessorImpl.java:45)
	at java.lang.reflect.Constructor.newInstance(Constructor.java:526)
	at org.openqa.selenium.remote.ErrorHandler.createThrowable(ErrorHandler.java:193)
	at org.openqa.selenium.remote.ErrorHandler.throwIfResponseFailed(ErrorHandler.java:145)
	at org.openqa.selenium.remote.RemoteWebDriver.execute(RemoteWebDriver.java:554)
	at org.openqa.selenium.remote.RemoteWebDriver.findElement(RemoteWebDriver.java:307)
	at org.openqa.selenium.remote.RemoteWebDriver.findElementById(RemoteWebDriver.java:348)
	at org.openqa.selenium.By$ById.findElement(By.java:220)
	at org.openqa.selenium.remote.RemoteWebDriver.findElement(RemoteWebDriver.java:299)
	at com.puma.util.PumaCommonMethods.submitStep2(PumaCommonMethods.java:886)
	at com.puma.test.CheckoutEndToEnd.step1Fields(CheckoutEndToEnd.java:220)
	at sun.reflect.NativeMethodAccessorImpl.invoke0(Native Method)
	at sun.reflect.NativeMethodAccessorImpl.invoke(NativeMethodAccessorImpl.java:57)
	at sun.reflect.DelegatingMethodAccessorImpl.invoke(DelegatingMethodAccessorImpl.java:43)
	at java.lang.reflect.Method.invoke(Method.java:606)
	at org.testng.internal.MethodInvocationHelper.invokeMethod(MethodInvocationHelper.java:84)
	at org.testng.internal.Invoker.invokeMethod(Invoker.java:714)
	at org.testng.internal.Invoker.invokeTestMethod(Invoker.java:901)
	at org.testng.internal.Invoker.invokeTestMethods(Invoker.java:1231)
	at org.testng.internal.TestMethodWorker.invokeTestMethods(TestMethodWorker.java:127)
	at org.testng.internal.TestMethodWorker.run(TestMethodWorker.java:111)
	at org.testng.TestRunner.privateRun(TestRunner.java:767)
	at org.testng.TestRunner.run(TestRunner.java:617)
	at org.testng.SuiteRunner.runTest(SuiteRunner.java:334)
	at org.testng.SuiteRunner.runSequentially(SuiteRunner.java:329)
	at org.testng.SuiteRunner.privateRun(SuiteRunner.java:291)
	at org.testng.SuiteRunner.run(SuiteRunner.java:240)
	at org.testng.SuiteRunnerWorker.runSuite(SuiteRunnerWorker.java:52)
	at org.testng.SuiteRunnerWorker.run(SuiteRunnerWorker.java:86)
	at org.testng.TestNG.runSuitesSequentially(TestNG.java:1224)
	at org.testng.TestNG.runSuitesLocally(TestNG.java:1149)
	at org.testng.TestNG.run(TestNG.java:1057)
	at org.testng.remote.RemoteTestNG.run(RemoteTestNG.java:111)
	at org.testng.remote.RemoteTestNG.initAndRun(RemoteTestNG.java:204)
	at org.testng.remote.RemoteTestNG.main(RemoteTestNG.java:175)
Caused by: org.openqa.selenium.remote.ErrorHandler$UnknownServerException: Unable to locate element: {"method":"id","selector":"is-WIRECARD_CREDIT_CARD"}
Build info: version: '2.38.0', revision: 'bd32d4e', time: '2013-12-05 16:16:40'
System info: host: 'localhost', ip: '127.0.0.1', os.name: 'Mac OS X', os.arch: 'x86_64', os.version: '10.7.5', java.version: '1.7.0_25'
Driver info: driver.version: unknown
	at <anonymous class>.FirefoxDriver.prototype.findElementInternal_(file:///var/folders/_2/pb85wgk175l660128q0hftvh0000gp/T/anonymous4652778199216020360webdriver-profile/extensions/fxdriver@googlecode.com/components/driver_component.js:8860)
	at <anonymous class>.fxdriver.Timer.prototype.setTimeout/<.notify(file:///var/folders/_2/pb85wgk175l660128q0hftvh0000gp/T/anonymous4652778199216020360webdriver-profile/extensions/fxdriver@googlecode.com/components/driver_component.js:396)
]]>
    </failure>
  </testcase> <!-- step1Fields -->
  <testcase name="step1Fields" time="18.13" classname="com.puma.test.CheckoutEndToEnd">
    <failure type="org.openqa.selenium.NoSuchElementException" message="Unable to locate element: {&amp;quot;method&amp;quot;:&amp;quot;id&amp;quot;,&amp;quot;selector&amp;quot;:&amp;quot;is-WIRECARD_CREDIT_CARD&amp;quot;}
Command duration or timeout: 10.02 seconds
For documentation on this error, please visit: http://seleniumhq.org/exceptions/no_such_element.html
Build info: version: &amp;apos;2.38.0&amp;apos;, revision: &amp;apos;bd32d4e&amp;apos;, time: &amp;apos;2013-12-05 16:16:40&amp;apos;
System info: host: &amp;apos;localhost&amp;apos;, ip: &amp;apos;127.0.0.1&amp;apos;, os.name: &amp;apos;Mac OS X&amp;apos;, os.arch: &amp;apos;x86_64&amp;apos;, os.version: &amp;apos;10.7.5&amp;apos;, java.version: &amp;apos;1.7.0_25&amp;apos;
Session ID: 2b7989e8-7992-b340-ba13-bb6c60769208
Driver info: org.openqa.selenium.firefox.FirefoxDriver
Capabilities [{platform=MAC, acceptSslCerts=true, javascriptEnabled=true, cssSelectorsEnabled=true, databaseEnabled=true, browserName=firefox, handlesAlerts=true, browserConnectionEnabled=true, webStorageEnabled=true, nativeEvents=false, rotatable=false, locationContextEnabled=true, applicationCacheEnabled=false, takesScreenshot=true, version=26.0}]">
      <![CDATA[org.openqa.selenium.NoSuchElementException: Unable to locate element: {"method":"id","selector":"is-WIRECARD_CREDIT_CARD"}
Command duration or timeout: 10.02 seconds
For documentation on this error, please visit: http://seleniumhq.org/exceptions/no_such_element.html
Build info: version: '2.38.0', revision: 'bd32d4e', time: '2013-12-05 16:16:40'
System info: host: 'localhost', ip: '127.0.0.1', os.name: 'Mac OS X', os.arch: 'x86_64', os.version: '10.7.5', java.version: '1.7.0_25'
Session ID: 2b7989e8-7992-b340-ba13-bb6c60769208
Driver info: org.openqa.selenium.firefox.FirefoxDriver
Capabilities [{platform=MAC, acceptSslCerts=true, javascriptEnabled=true, cssSelectorsEnabled=true, databaseEnabled=true, browserName=firefox, handlesAlerts=true, browserConnectionEnabled=true, webStorageEnabled=true, nativeEvents=false, rotatable=false, locationContextEnabled=true, applicationCacheEnabled=false, takesScreenshot=true, version=26.0}]
	at sun.reflect.NativeConstructorAccessorImpl.newInstance0(Native Method)
	at sun.reflect.NativeConstructorAccessorImpl.newInstance(NativeConstructorAccessorImpl.java:57)
	at sun.reflect.DelegatingConstructorAccessorImpl.newInstance(DelegatingConstructorAccessorImpl.java:45)
	at java.lang.reflect.Constructor.newInstance(Constructor.java:526)
	at org.openqa.selenium.remote.ErrorHandler.createThrowable(ErrorHandler.java:193)
	at org.openqa.selenium.remote.ErrorHandler.throwIfResponseFailed(ErrorHandler.java:145)
	at org.openqa.selenium.remote.RemoteWebDriver.execute(RemoteWebDriver.java:554)
	at org.openqa.selenium.remote.RemoteWebDriver.findElement(RemoteWebDriver.java:307)
	at org.openqa.selenium.remote.RemoteWebDriver.findElementById(RemoteWebDriver.java:348)
	at org.openqa.selenium.By$ById.findElement(By.java:220)
	at org.openqa.selenium.remote.RemoteWebDriver.findElement(RemoteWebDriver.java:299)
	at com.puma.util.PumaCommonMethods.submitStep2(PumaCommonMethods.java:886)
	at com.puma.test.CheckoutEndToEnd.step1Fields(CheckoutEndToEnd.java:220)
	at sun.reflect.NativeMethodAccessorImpl.invoke0(Native Method)
	at sun.reflect.NativeMethodAccessorImpl.invoke(NativeMethodAccessorImpl.java:57)
	at sun.reflect.DelegatingMethodAccessorImpl.invoke(DelegatingMethodAccessorImpl.java:43)
	at java.lang.reflect.Method.invoke(Method.java:606)
	at org.testng.internal.MethodInvocationHelper.invokeMethod(MethodInvocationHelper.java:84)
	at org.testng.internal.Invoker.invokeMethod(Invoker.java:714)
	at org.testng.internal.Invoker.invokeTestMethod(Invoker.java:901)
	at org.testng.internal.Invoker.invokeTestMethods(Invoker.java:1231)
	at org.testng.internal.TestMethodWorker.invokeTestMethods(TestMethodWorker.java:127)
	at org.testng.internal.TestMethodWorker.run(TestMethodWorker.java:111)
	at org.testng.TestRunner.privateRun(TestRunner.java:767)
	at org.testng.TestRunner.run(TestRunner.java:617)
	at org.testng.SuiteRunner.runTest(SuiteRunner.java:334)
	at org.testng.SuiteRunner.runSequentially(SuiteRunner.java:329)
	at org.testng.SuiteRunner.privateRun(SuiteRunner.java:291)
	at org.testng.SuiteRunner.run(SuiteRunner.java:240)
	at org.testng.SuiteRunnerWorker.runSuite(SuiteRunnerWorker.java:52)
	at org.testng.SuiteRunnerWorker.run(SuiteRunnerWorker.java:86)
	at org.testng.TestNG.runSuitesSequentially(TestNG.java:1224)
	at org.testng.TestNG.runSuitesLocally(TestNG.java:1149)
	at org.testng.TestNG.run(TestNG.java:1057)
	at org.testng.remote.RemoteTestNG.run(RemoteTestNG.java:111)
	at org.testng.remote.RemoteTestNG.initAndRun(RemoteTestNG.java:204)
	at org.testng.remote.RemoteTestNG.main(RemoteTestNG.java:175)
Caused by: org.openqa.selenium.remote.ErrorHandler$UnknownServerException: Unable to locate element: {"method":"id","selector":"is-WIRECARD_CREDIT_CARD"}
Build info: version: '2.38.0', revision: 'bd32d4e', time: '2013-12-05 16:16:40'
System info: host: 'localhost', ip: '127.0.0.1', os.name: 'Mac OS X', os.arch: 'x86_64', os.version: '10.7.5', java.version: '1.7.0_25'
Driver info: driver.version: unknown
	at <anonymous class>.FirefoxDriver.prototype.findElementInternal_(file:///var/folders/_2/pb85wgk175l660128q0hftvh0000gp/T/anonymous3506113512661832725webdriver-profile/extensions/fxdriver@googlecode.com/components/driver_component.js:8860)
	at <anonymous class>.fxdriver.Timer.prototype.setTimeout/<.notify(file:///var/folders/_2/pb85wgk175l660128q0hftvh0000gp/T/anonymous3506113512661832725webdriver-profile/extensions/fxdriver@googlecode.com/components/driver_component.js:396)
]]>
    </failure>
  </testcase> <!-- step1Fields -->
  <testcase name="step1Fields" time="41.693" classname="com.puma.test.CheckoutEndToEnd"/>
  <testcase name="step1Fields" time="41.989" classname="com.puma.test.CheckoutEndToEnd"/>
  <testcase name="step1Fields" time="43.495" classname="com.puma.test.CheckoutEndToEnd"/>
  <testcase name="step1Fields" time="44.475" classname="com.puma.test.CheckoutEndToEnd"/>
  <testcase name="step1Fields" time="18.4" classname="com.puma.test.CheckoutEndToEnd">
    <failure type="org.openqa.selenium.NoSuchElementException" message="Unable to locate element: {&amp;quot;method&amp;quot;:&amp;quot;id&amp;quot;,&amp;quot;selector&amp;quot;:&amp;quot;is-WIRECARD_CREDIT_CARD&amp;quot;}
Command duration or timeout: 10.03 seconds
For documentation on this error, please visit: http://seleniumhq.org/exceptions/no_such_element.html
Build info: version: &amp;apos;2.38.0&amp;apos;, revision: &amp;apos;bd32d4e&amp;apos;, time: &amp;apos;2013-12-05 16:16:40&amp;apos;
System info: host: &amp;apos;localhost&amp;apos;, ip: &amp;apos;127.0.0.1&amp;apos;, os.name: &amp;apos;Mac OS X&amp;apos;, os.arch: &amp;apos;x86_64&amp;apos;, os.version: &amp;apos;10.7.5&amp;apos;, java.version: &amp;apos;1.7.0_25&amp;apos;
Session ID: 4879019b-50b4-fb4d-85f6-cdf2e10da71d
Driver info: org.openqa.selenium.firefox.FirefoxDriver
Capabilities [{platform=MAC, acceptSslCerts=true, javascriptEnabled=true, cssSelectorsEnabled=true, databaseEnabled=true, browserName=firefox, handlesAlerts=true, browserConnectionEnabled=true, webStorageEnabled=true, nativeEvents=false, rotatable=false, locationContextEnabled=true, applicationCacheEnabled=false, takesScreenshot=true, version=26.0}]">
      <![CDATA[org.openqa.selenium.NoSuchElementException: Unable to locate element: {"method":"id","selector":"is-WIRECARD_CREDIT_CARD"}
Command duration or timeout: 10.03 seconds
For documentation on this error, please visit: http://seleniumhq.org/exceptions/no_such_element.html
Build info: version: '2.38.0', revision: 'bd32d4e', time: '2013-12-05 16:16:40'
System info: host: 'localhost', ip: '127.0.0.1', os.name: 'Mac OS X', os.arch: 'x86_64', os.version: '10.7.5', java.version: '1.7.0_25'
Session ID: 4879019b-50b4-fb4d-85f6-cdf2e10da71d
Driver info: org.openqa.selenium.firefox.FirefoxDriver
Capabilities [{platform=MAC, acceptSslCerts=true, javascriptEnabled=true, cssSelectorsEnabled=true, databaseEnabled=true, browserName=firefox, handlesAlerts=true, browserConnectionEnabled=true, webStorageEnabled=true, nativeEvents=false, rotatable=false, locationContextEnabled=true, applicationCacheEnabled=false, takesScreenshot=true, version=26.0}]
	at sun.reflect.NativeConstructorAccessorImpl.newInstance0(Native Method)
	at sun.reflect.NativeConstructorAccessorImpl.newInstance(NativeConstructorAccessorImpl.java:57)
	at sun.reflect.DelegatingConstructorAccessorImpl.newInstance(DelegatingConstructorAccessorImpl.java:45)
	at java.lang.reflect.Constructor.newInstance(Constructor.java:526)
	at org.openqa.selenium.remote.ErrorHandler.createThrowable(ErrorHandler.java:193)
	at org.openqa.selenium.remote.ErrorHandler.throwIfResponseFailed(ErrorHandler.java:145)
	at org.openqa.selenium.remote.RemoteWebDriver.execute(RemoteWebDriver.java:554)
	at org.openqa.selenium.remote.RemoteWebDriver.findElement(RemoteWebDriver.java:307)
	at org.openqa.selenium.remote.RemoteWebDriver.findElementById(RemoteWebDriver.java:348)
	at org.openqa.selenium.By$ById.findElement(By.java:220)
	at org.openqa.selenium.remote.RemoteWebDriver.findElement(RemoteWebDriver.java:299)
	at com.puma.util.PumaCommonMethods.submitStep2(PumaCommonMethods.java:886)
	at com.puma.test.CheckoutEndToEnd.step1Fields(CheckoutEndToEnd.java:220)
	at sun.reflect.NativeMethodAccessorImpl.invoke0(Native Method)
	at sun.reflect.NativeMethodAccessorImpl.invoke(NativeMethodAccessorImpl.java:57)
	at sun.reflect.DelegatingMethodAccessorImpl.invoke(DelegatingMethodAccessorImpl.java:43)
	at java.lang.reflect.Method.invoke(Method.java:606)
	at org.testng.internal.MethodInvocationHelper.invokeMethod(MethodInvocationHelper.java:84)
	at org.testng.internal.Invoker.invokeMethod(Invoker.java:714)
	at org.testng.internal.Invoker.invokeTestMethod(Invoker.java:901)
	at org.testng.internal.Invoker.invokeTestMethods(Invoker.java:1231)
	at org.testng.internal.TestMethodWorker.invokeTestMethods(TestMethodWorker.java:127)
	at org.testng.internal.TestMethodWorker.run(TestMethodWorker.java:111)
	at org.testng.TestRunner.privateRun(TestRunner.java:767)
	at org.testng.TestRunner.run(TestRunner.java:617)
	at org.testng.SuiteRunner.runTest(SuiteRunner.java:334)
	at org.testng.SuiteRunner.runSequentially(SuiteRunner.java:329)
	at org.testng.SuiteRunner.privateRun(SuiteRunner.java:291)
	at org.testng.SuiteRunner.run(SuiteRunner.java:240)
	at org.testng.SuiteRunnerWorker.runSuite(SuiteRunnerWorker.java:52)
	at org.testng.SuiteRunnerWorker.run(SuiteRunnerWorker.java:86)
	at org.testng.TestNG.runSuitesSequentially(TestNG.java:1224)
	at org.testng.TestNG.runSuitesLocally(TestNG.java:1149)
	at org.testng.TestNG.run(TestNG.java:1057)
	at org.testng.remote.RemoteTestNG.run(RemoteTestNG.java:111)
	at org.testng.remote.RemoteTestNG.initAndRun(RemoteTestNG.java:204)
	at org.testng.remote.RemoteTestNG.main(RemoteTestNG.java:175)
Caused by: org.openqa.selenium.remote.ErrorHandler$UnknownServerException: Unable to locate element: {"method":"id","selector":"is-WIRECARD_CREDIT_CARD"}
Build info: version: '2.38.0', revision: 'bd32d4e', time: '2013-12-05 16:16:40'
System info: host: 'localhost', ip: '127.0.0.1', os.name: 'Mac OS X', os.arch: 'x86_64', os.version: '10.7.5', java.version: '1.7.0_25'
Driver info: driver.version: unknown
	at <anonymous class>.FirefoxDriver.prototype.findElementInternal_(file:///var/folders/_2/pb85wgk175l660128q0hftvh0000gp/T/anonymous7438684710835129592webdriver-profile/extensions/fxdriver@googlecode.com/components/driver_component.js:8860)
	at <anonymous class>.fxdriver.Timer.prototype.setTimeout/<.notify(file:///var/folders/_2/pb85wgk175l660128q0hftvh0000gp/T/anonymous7438684710835129592webdriver-profile/extensions/fxdriver@googlecode.com/components/driver_component.js:396)
]]>
    </failure>
  </testcase> <!-- step1Fields -->
  <testcase name="step1Fields" time="18.172" classname="com.puma.test.CheckoutEndToEnd">
    <failure type="org.openqa.selenium.NoSuchElementException" message="Unable to locate element: {&amp;quot;method&amp;quot;:&amp;quot;id&amp;quot;,&amp;quot;selector&amp;quot;:&amp;quot;is-WIRECARD_CREDIT_CARD&amp;quot;}
Command duration or timeout: 10.01 seconds
For documentation on this error, please visit: http://seleniumhq.org/exceptions/no_such_element.html
Build info: version: &amp;apos;2.38.0&amp;apos;, revision: &amp;apos;bd32d4e&amp;apos;, time: &amp;apos;2013-12-05 16:16:40&amp;apos;
System info: host: &amp;apos;localhost&amp;apos;, ip: &amp;apos;127.0.0.1&amp;apos;, os.name: &amp;apos;Mac OS X&amp;apos;, os.arch: &amp;apos;x86_64&amp;apos;, os.version: &amp;apos;10.7.5&amp;apos;, java.version: &amp;apos;1.7.0_25&amp;apos;
Session ID: b60b03dc-ccb6-aa41-baf7-ac1c1e8781f1
Driver info: org.openqa.selenium.firefox.FirefoxDriver
Capabilities [{platform=MAC, acceptSslCerts=true, javascriptEnabled=true, cssSelectorsEnabled=true, databaseEnabled=true, browserName=firefox, handlesAlerts=true, browserConnectionEnabled=true, webStorageEnabled=true, nativeEvents=false, rotatable=false, locationContextEnabled=true, applicationCacheEnabled=false, takesScreenshot=true, version=26.0}]">
      <![CDATA[org.openqa.selenium.NoSuchElementException: Unable to locate element: {"method":"id","selector":"is-WIRECARD_CREDIT_CARD"}
Command duration or timeout: 10.01 seconds
For documentation on this error, please visit: http://seleniumhq.org/exceptions/no_such_element.html
Build info: version: '2.38.0', revision: 'bd32d4e', time: '2013-12-05 16:16:40'
System info: host: 'localhost', ip: '127.0.0.1', os.name: 'Mac OS X', os.arch: 'x86_64', os.version: '10.7.5', java.version: '1.7.0_25'
Session ID: b60b03dc-ccb6-aa41-baf7-ac1c1e8781f1
Driver info: org.openqa.selenium.firefox.FirefoxDriver
Capabilities [{platform=MAC, acceptSslCerts=true, javascriptEnabled=true, cssSelectorsEnabled=true, databaseEnabled=true, browserName=firefox, handlesAlerts=true, browserConnectionEnabled=true, webStorageEnabled=true, nativeEvents=false, rotatable=false, locationContextEnabled=true, applicationCacheEnabled=false, takesScreenshot=true, version=26.0}]
	at sun.reflect.NativeConstructorAccessorImpl.newInstance0(Native Method)
	at sun.reflect.NativeConstructorAccessorImpl.newInstance(NativeConstructorAccessorImpl.java:57)
	at sun.reflect.DelegatingConstructorAccessorImpl.newInstance(DelegatingConstructorAccessorImpl.java:45)
	at java.lang.reflect.Constructor.newInstance(Constructor.java:526)
	at org.openqa.selenium.remote.ErrorHandler.createThrowable(ErrorHandler.java:193)
	at org.openqa.selenium.remote.ErrorHandler.throwIfResponseFailed(ErrorHandler.java:145)
	at org.openqa.selenium.remote.RemoteWebDriver.execute(RemoteWebDriver.java:554)
	at org.openqa.selenium.remote.RemoteWebDriver.findElement(RemoteWebDriver.java:307)
	at org.openqa.selenium.remote.RemoteWebDriver.findElementById(RemoteWebDriver.java:348)
	at org.openqa.selenium.By$ById.findElement(By.java:220)
	at org.openqa.selenium.remote.RemoteWebDriver.findElement(RemoteWebDriver.java:299)
	at com.puma.util.PumaCommonMethods.submitStep2(PumaCommonMethods.java:886)
	at com.puma.test.CheckoutEndToEnd.step1Fields(CheckoutEndToEnd.java:220)
	at sun.reflect.NativeMethodAccessorImpl.invoke0(Native Method)
	at sun.reflect.NativeMethodAccessorImpl.invoke(NativeMethodAccessorImpl.java:57)
	at sun.reflect.DelegatingMethodAccessorImpl.invoke(DelegatingMethodAccessorImpl.java:43)
	at java.lang.reflect.Method.invoke(Method.java:606)
	at org.testng.internal.MethodInvocationHelper.invokeMethod(MethodInvocationHelper.java:84)
	at org.testng.internal.Invoker.invokeMethod(Invoker.java:714)
	at org.testng.internal.Invoker.invokeTestMethod(Invoker.java:901)
	at org.testng.internal.Invoker.invokeTestMethods(Invoker.java:1231)
	at org.testng.internal.TestMethodWorker.invokeTestMethods(TestMethodWorker.java:127)
	at org.testng.internal.TestMethodWorker.run(TestMethodWorker.java:111)
	at org.testng.TestRunner.privateRun(TestRunner.java:767)
	at org.testng.TestRunner.run(TestRunner.java:617)
	at org.testng.SuiteRunner.runTest(SuiteRunner.java:334)
	at org.testng.SuiteRunner.runSequentially(SuiteRunner.java:329)
	at org.testng.SuiteRunner.privateRun(SuiteRunner.java:291)
	at org.testng.SuiteRunner.run(SuiteRunner.java:240)
	at org.testng.SuiteRunnerWorker.runSuite(SuiteRunnerWorker.java:52)
	at org.testng.SuiteRunnerWorker.run(SuiteRunnerWorker.java:86)
	at org.testng.TestNG.runSuitesSequentially(TestNG.java:1224)
	at org.testng.TestNG.runSuitesLocally(TestNG.java:1149)
	at org.testng.TestNG.run(TestNG.java:1057)
	at org.testng.remote.RemoteTestNG.run(RemoteTestNG.java:111)
	at org.testng.remote.RemoteTestNG.initAndRun(RemoteTestNG.java:204)
	at org.testng.remote.RemoteTestNG.main(RemoteTestNG.java:175)
Caused by: org.openqa.selenium.remote.ErrorHandler$UnknownServerException: Unable to locate element: {"method":"id","selector":"is-WIRECARD_CREDIT_CARD"}
Build info: version: '2.38.0', revision: 'bd32d4e', time: '2013-12-05 16:16:40'
System info: host: 'localhost', ip: '127.0.0.1', os.name: 'Mac OS X', os.arch: 'x86_64', os.version: '10.7.5', java.version: '1.7.0_25'
Driver info: driver.version: unknown
	at <anonymous class>.FirefoxDriver.prototype.findElementInternal_(file:///var/folders/_2/pb85wgk175l660128q0hftvh0000gp/T/anonymous4398379670137287648webdriver-profile/extensions/fxdriver@googlecode.com/components/driver_component.js:8860)
	at <anonymous class>.fxdriver.Timer.prototype.setTimeout/<.notify(file:///var/folders/_2/pb85wgk175l660128q0hftvh0000gp/T/anonymous4398379670137287648webdriver-profile/extensions/fxdriver@googlecode.com/components/driver_component.js:396)
]]>
    </failure>
  </testcase> <!-- step1Fields -->
  <testcase name="step1Fields" time="0.001" classname="com.puma.test.CheckoutEndToEnd">
    <skipped/>
  </testcase> <!-- step1Fields -->
  <testcase name="step1Fields" time="0.001" classname="com.puma.test.CheckoutEndToEnd">
    <skipped/>
  </testcase> <!-- step1Fields -->
  <testcase name="step1Fields" time="0.0" classname="com.puma.test.CheckoutEndToEnd">
    <skipped/>
  </testcase> <!-- step1Fields -->
  <testcase name="step1Fields" time="0.0" classname="com.puma.test.CheckoutEndToEnd">
    <skipped/>
  </testcase> <!-- step1Fields -->
  <testcase name="step1Fields" time="0.001" classname="com.puma.test.CheckoutEndToEnd">
    <skipped/>
  </testcase> <!-- step1Fields -->
  <testcase name="step1Fields" time="0.0" classname="com.puma.test.CheckoutEndToEnd">
    <skipped/>
  </testcase> <!-- step1Fields -->
  <testcase name="step1Fields" time="0.001" classname="com.puma.test.CheckoutEndToEnd">
    <skipped/>
  </testcase> <!-- step1Fields -->
  <testcase name="step1Fields" time="0.0" classname="com.puma.test.CheckoutEndToEnd">
    <skipped/>
  </testcase> <!-- step1Fields -->
  <testcase name="step1Fields" time="0.001" classname="com.puma.test.CheckoutEndToEnd">
    <skipped/>
  </testcase> <!-- step1Fields -->
</testsuite> <!-- Default test -->
