<?xml version="1.0" encoding="UTF-8"?>
<!-- Generated by org.testng.reporters.JUnitReportReporter -->
<testsuite hostname="localhost" name="com.puma.test.TestAntBuild" tests="1" failures="1" timestamp="9 Dec 2013 23:20:20 GMT" time="17.301" errors="0">
  <testcase name="openUrl" time="17.301" classname="com.puma.test.TestAntBuild">
    <failure type="org.openqa.selenium.NoSuchElementException" message="Unable to locate element: {&quot;method&quot;:&quot;id&quot;,&quot;selector&quot;:&quot;button&quot;}
Command duration or timeout: 4.68 seconds
For documentation on this error, please visit: http://seleniumhq.org/exceptions/no_such_element.html
Build info: version: &#039;2.33.0&#039;, revision: &#039;4e90c97&#039;, time: &#039;2013-05-22 15:33:32&#039;
System info: os.name: &#039;Mac OS X&#039;, os.arch: &#039;x86_64&#039;, os.version: &#039;10.7.5&#039;, java.version: &#039;1.7.0_25&#039;
Session ID: 86225b24-7abb-474c-ad6d-29327a8527d9
Driver info: org.openqa.selenium.firefox.FirefoxDriver
Capabilities [{platform=MAC, databaseEnabled=true, cssSelectorsEnabled=true, javascriptEnabled=true, acceptSslCerts=true, handlesAlerts=true, browserName=firefox, browserConnectionEnabled=true, nativeEvents=false, webStorageEnabled=true, rotatable=false, locationContextEnabled=true, applicationCacheEnabled=true, takesScreenshot=true, version=24.0}]">
      <![CDATA[org.openqa.selenium.NoSuchElementException: Unable to locate element: {"method":"id","selector":"button"}
Command duration or timeout: 4.68 seconds
For documentation on this error, please visit: http://seleniumhq.org/exceptions/no_such_element.html
Build info: version: '2.33.0', revision: '4e90c97', time: '2013-05-22 15:33:32'
System info: os.name: 'Mac OS X', os.arch: 'x86_64', os.version: '10.7.5', java.version: '1.7.0_25'
Session ID: 86225b24-7abb-474c-ad6d-29327a8527d9
Driver info: org.openqa.selenium.firefox.FirefoxDriver
Capabilities [{platform=MAC, databaseEnabled=true, cssSelectorsEnabled=true, javascriptEnabled=true, acceptSslCerts=true, handlesAlerts=true, browserName=firefox, browserConnectionEnabled=true, nativeEvents=false, webStorageEnabled=true, rotatable=false, locationContextEnabled=true, applicationCacheEnabled=true, takesScreenshot=true, version=24.0}]
	at sun.reflect.NativeConstructorAccessorImpl.newInstance0(Native Method)
	at sun.reflect.NativeConstructorAccessorImpl.newInstance(NativeConstructorAccessorImpl.java:57)
	at sun.reflect.DelegatingConstructorAccessorImpl.newInstance(DelegatingConstructorAccessorImpl.java:45)
	at java.lang.reflect.Constructor.newInstance(Constructor.java:526)
	at org.openqa.selenium.remote.ErrorHandler.createThrowable(ErrorHandler.java:191)
	at org.openqa.selenium.remote.ErrorHandler.throwIfResponseFailed(ErrorHandler.java:145)
	at org.openqa.selenium.remote.RemoteWebDriver.execute(RemoteWebDriver.java:554)
	at org.openqa.selenium.remote.RemoteWebDriver.findElement(RemoteWebDriver.java:307)
	at org.openqa.selenium.remote.RemoteWebDriver.findElementById(RemoteWebDriver.java:348)
	at org.openqa.selenium.By$ById.findElement(By.java:216)
	at org.openqa.selenium.remote.RemoteWebDriver.findElement(RemoteWebDriver.java:299)
	at com.puma.test.TestAntBuild.openUrl(TestAntBuild.java:34)
	at sun.reflect.NativeMethodAccessorImpl.invoke0(Native Method)
	at sun.reflect.NativeMethodAccessorImpl.invoke(NativeMethodAccessorImpl.java:57)
	at sun.reflect.DelegatingMethodAccessorImpl.invoke(DelegatingMethodAccessorImpl.java:43)
	at java.lang.reflect.Method.invoke(Method.java:606)
	at org.testng.internal.MethodInvocationHelper.invokeMethod(MethodInvocationHelper.java:84)
	at org.testng.internal.Invoker.invokeMethod(Invoker.java:714)
	at org.testng.internal.Invoker.invokeTestMethod(Invoker.java:901)
	at org.testng.internal.Invoker.invokeTestMethods(Invoker.java:1231)
	at org.testng.internal.TestMethodWorker.invokeTestMethods(TestMethodWorker.java:127)
	at org.testng.internal.TestMethodWorker.run(TestMethodWorker.java:111)
	at org.testng.TestRunner.privateRun(TestRunner.java:767)
	at org.testng.TestRunner.run(TestRunner.java:617)
	at org.testng.SuiteRunner.runTest(SuiteRunner.java:334)
	at org.testng.SuiteRunner.runSequentially(SuiteRunner.java:329)
	at org.testng.SuiteRunner.privateRun(SuiteRunner.java:291)
	at org.testng.SuiteRunner.run(SuiteRunner.java:240)
	at org.testng.SuiteRunnerWorker.runSuite(SuiteRunnerWorker.java:52)
	at org.testng.SuiteRunnerWorker.run(SuiteRunnerWorker.java:86)
	at org.testng.TestNG.runSuitesSequentially(TestNG.java:1224)
	at org.testng.TestNG.runSuitesLocally(TestNG.java:1149)
	at org.testng.TestNG.run(TestNG.java:1057)
	at org.testng.TestNG.privateMain(TestNG.java:1364)
	at org.testng.TestNG.main(TestNG.java:1333)
Caused by: org.openqa.selenium.remote.ErrorHandler$UnknownServerException: Unable to locate element: {"method":"id","selector":"button"}
Build info: version: '2.33.0', revision: '4e90c97', time: '2013-05-22 15:33:32'
System info: os.name: 'Mac OS X', os.arch: 'x86_64', os.version: '10.7.5', java.version: '1.7.0_25'
Driver info: driver.version: unknown
	at <anonymous class>.FirefoxDriver.prototype.findElementInternal_(file:///var/folders/_2/pb85wgk175l660128q0hftvh0000gp/T/anonymous5587884753051538011webdriver-profile/extensions/fxdriver@googlecode.com/components/driver_component.js:8444)
	at <anonymous class>.FirefoxDriver.prototype.findElement(file:///var/folders/_2/pb85wgk175l660128q0hftvh0000gp/T/anonymous5587884753051538011webdriver-profile/extensions/fxdriver@googlecode.com/components/driver_component.js:8453)
	at <anonymous class>.DelayedCommand.prototype.executeInternal_/h(file:///var/folders/_2/pb85wgk175l660128q0hftvh0000gp/T/anonymous5587884753051538011webdriver-profile/extensions/fxdriver@googlecode.com/components/command_processor.js:10456)
	at <anonymous class>.DelayedCommand.prototype.executeInternal_(file:///var/folders/_2/pb85wgk175l660128q0hftvh0000gp/T/anonymous5587884753051538011webdriver-profile/extensions/fxdriver@googlecode.com/components/command_processor.js:10461)
	at <anonymous class>.DelayedCommand.prototype.execute/<(file:///var/folders/_2/pb85wgk175l660128q0hftvh0000gp/T/anonymous5587884753051538011webdriver-profile/extensions/fxdriver@googlecode.com/components/command_processor.js:10401)
]]>
    </failure>
  </testcase> <!-- openUrl -->
</testsuite> <!-- com.puma.test.TestAntBuild -->
