<!DOCTYPE html PUBLIC "-//W3C//DTD XHTML 1.1//EN" "http://www.w3.org/TR/xhtml11/DTD/xhtml11.dtd">
<html xmlns="http://www.w3.org/1999/xhtml"><head><title>TestNG Report</title><style type="text/css">table {margin-bottom:10px;border-collapse:collapse;empty-cells:show}th,td {border:1px solid #009;padding:.25em .5em}th {vertical-align:bottom}td {vertical-align:top}table a {font-weight:bold}.stripe td {background-color: #E6EBF9}.num {text-align:right}.passedodd td {background-color: #3F3}.passedeven td {background-color: #0A0}.skippedodd td {background-color: #DDD}.skippedeven td {background-color: #CCC}.failedodd td,.attn {background-color: #F33}.failedeven td,.stripe .attn {background-color: #D00}.stacktrace {white-space:pre;font-family:monospace}.totop {font-size:85%;text-align:center;border-bottom:2px solid #000}</style></head><body><table><tr><th>Test</th><th># Passed</th><th># Skipped</th><th># Failed</th><th>Time (ms)</th><th>Included Groups</th><th>Excluded Groups</th></tr><tr><th colspan="7">Default suite</th></tr><tr><td><a href="#t0">Default test</a></td><td class="num">5</td><td class="num attn">9</td><td class="num attn">4</td><td class="num">708,269</td><td></td><td></td></tr></table><table><thead><tr><th>Class</th><th>Method</th><th>Start</th><th>Time (ms)</th></tr></thead><tbody><tr><th colspan="4">Default suite</th></tr></tbody><tbody id="t0"><tr><th colspan="4">Default test &#8212; failed (configuration methods)</th></tr><tr class="failedeven"><td rowspan="1">com.puma.test.CheckoutEndToEnd</td><td><a href="#m0">getToStep1</a></td><td rowspan="1">1390126874408</td><td rowspan="1">0</td></tr><tr><th colspan="4">Default test &#8212; failed</th></tr><tr class="failedeven"><td rowspan="4">com.puma.test.CheckoutEndToEnd</td><td><a href="#m1">step1Fields</a></td><td rowspan="4">1390126786291</td><td rowspan="4">18400</td></tr><tr class="failedeven"><td><a href="#m2">step1Fields</a></td></tr><tr class="failedeven"><td><a href="#m3">step1Fields</a></td></tr><tr class="failedeven"><td><a href="#m4">step1Fields</a></td></tr><tr><th colspan="4">Default test &#8212; skipped (configuration methods)</th></tr><tr class="skippedeven"><td rowspan="18">com.puma.test.CheckoutEndToEnd</td><td><a href="#m5">getToStep1</a></td><td rowspan="8">1390126881525</td><td rowspan="8">0</td></tr><tr class="skippedeven"><td><a href="#m6">getToStep1</a></td></tr><tr class="skippedeven"><td><a href="#m7">getToStep1</a></td></tr><tr class="skippedeven"><td><a href="#m8">getToStep1</a></td></tr><tr class="skippedeven"><td><a href="#m9">getToStep1</a></td></tr><tr class="skippedeven"><td><a href="#m10">getToStep1</a></td></tr><tr class="skippedeven"><td><a href="#m11">getToStep1</a></td></tr><tr class="skippedeven"><td><a href="#m12">getToStep1</a></td></tr><tr class="skippedeven"><td><a href="#m13">oneTimeTearDown</a></td><td rowspan="9">1390126881529</td><td rowspan="9">0</td></tr><tr class="skippedeven"><td><a href="#m14">oneTimeTearDown</a></td></tr><tr class="skippedeven"><td><a href="#m15">oneTimeTearDown</a></td></tr><tr class="skippedeven"><td><a href="#m16">oneTimeTearDown</a></td></tr><tr class="skippedeven"><td><a href="#m17">oneTimeTearDown</a></td></tr><tr class="skippedeven"><td><a href="#m18">oneTimeTearDown</a></td></tr><tr class="skippedeven"><td><a href="#m19">oneTimeTearDown</a></td></tr><tr class="skippedeven"><td><a href="#m20">oneTimeTearDown</a></td></tr><tr class="skippedeven"><td><a href="#m21">oneTimeTearDown</a></td></tr><tr class="skippedeven"><td><a href="#m22">sendOrdersToTxt</a></td><td rowspan="1">1390126881591</td><td rowspan="1">0</td></tr><tr><th colspan="4">Default test &#8212; skipped</th></tr><tr class="skippedeven"><td rowspan="9">com.puma.test.CheckoutEndToEnd</td><td><a href="#m23">step1Fields</a></td><td rowspan="9">1390126881528</td><td rowspan="9">1</td></tr><tr class="skippedeven"><td><a href="#m24">step1Fields</a></td></tr><tr class="skippedeven"><td><a href="#m25">step1Fields</a></td></tr><tr class="skippedeven"><td><a href="#m26">step1Fields</a></td></tr><tr class="skippedeven"><td><a href="#m27">step1Fields</a></td></tr><tr class="skippedeven"><td><a href="#m28">step1Fields</a></td></tr><tr class="skippedeven"><td><a href="#m29">step1Fields</a></td></tr><tr class="skippedeven"><td><a href="#m30">step1Fields</a></td></tr><tr class="skippedeven"><td><a href="#m31">step1Fields</a></td></tr><tr><th colspan="4">Default test &#8212; passed</th></tr><tr class="passedeven"><td rowspan="5">com.puma.test.CheckoutEndToEnd</td><td><a href="#m32">step1Fields</a></td><td rowspan="5">1390126427504</td><td rowspan="5">41693</td></tr><tr class="passedeven"><td><a href="#m33">step1Fields</a></td></tr><tr class="passedeven"><td><a href="#m34">step1Fields</a></td></tr><tr class="passedeven"><td><a href="#m35">step1Fields</a></td></tr><tr class="passedeven"><td><a href="#m36">step1Fields</a></td></tr></tbody></table><h2>Default test</h2><h3 id="m0">com.puma.test.CheckoutEndToEnd#getToStep1</h3><table class="result"><tr><th>Exception</th></tr><tr><td><div class="stacktrace">org.openqa.selenium.remote.UnreachableBrowserException: Error communicating with the remote browser. It may have died.
Build info: version: &apos;2.38.0&apos;, revision: &apos;bd32d4e&apos;, time: &apos;2013-12-05 16:16:40&apos;
System info: host: &apos;localhost&apos;, ip: &apos;127.0.0.1&apos;, os.name: &apos;Mac OS X&apos;, os.arch: &apos;x86_64&apos;, os.version: &apos;10.7.5&apos;, java.version: &apos;1.7.0_25&apos;
Driver info: driver.version: RemoteWebDriver
	at org.openqa.selenium.remote.RemoteWebDriver.execute(RemoteWebDriver.java:548)
	at org.openqa.selenium.remote.RemoteWebDriver.get(RemoteWebDriver.java:276)
	at com.puma.util.PumaCommonMethods.openPumaHomePage(PumaCommonMethods.java:387)
	at com.puma.util.PumaCommonMethods.homePageMainNav(PumaCommonMethods.java:455)
	at com.puma.test.CheckoutEndToEnd.getToStep1(CheckoutEndToEnd.java:92)
	at sun.reflect.NativeMethodAccessorImpl.invoke0(Native Method)
	at sun.reflect.NativeMethodAccessorImpl.invoke(NativeMethodAccessorImpl.java:57)
	at sun.reflect.DelegatingMethodAccessorImpl.invoke(DelegatingMethodAccessorImpl.java:43)
	at java.lang.reflect.Method.invoke(Method.java:606)
	at org.testng.internal.MethodInvocationHelper.invokeMethod(MethodInvocationHelper.java:84)
	at org.testng.internal.Invoker.invokeConfigurationMethod(Invoker.java:564)
	at org.testng.internal.Invoker.invokeConfigurations(Invoker.java:213)
	at org.testng.internal.Invoker.invokeMethod(Invoker.java:653)
	at org.testng.internal.Invoker.invokeTestMethod(Invoker.java:901)
	at org.testng.internal.Invoker.invokeTestMethods(Invoker.java:1231)
	at org.testng.internal.TestMethodWorker.invokeTestMethods(TestMethodWorker.java:127)
	at org.testng.internal.TestMethodWorker.run(TestMethodWorker.java:111)
	at org.testng.TestRunner.privateRun(TestRunner.java:767)
	at org.testng.TestRunner.run(TestRunner.java:617)
	at org.testng.SuiteRunner.runTest(SuiteRunner.java:334)
	at org.testng.SuiteRunner.runSequentially(SuiteRunner.java:329)
	at org.testng.SuiteRunner.privateRun(SuiteRunner.java:291)
	at org.testng.SuiteRunner.run(SuiteRunner.java:240)
	at org.testng.SuiteRunnerWorker.runSuite(SuiteRunnerWorker.java:52)
	at org.testng.SuiteRunnerWorker.run(SuiteRunnerWorker.java:86)
	at org.testng.TestNG.runSuitesSequentially(TestNG.java:1224)
	at org.testng.TestNG.runSuitesLocally(TestNG.java:1149)
	at org.testng.TestNG.run(TestNG.java:1057)
	at org.testng.remote.RemoteTestNG.run(RemoteTestNG.java:111)
	at org.testng.remote.RemoteTestNG.initAndRun(RemoteTestNG.java:204)
	at org.testng.remote.RemoteTestNG.main(RemoteTestNG.java:175)
Caused by: java.net.ConnectException: Connection refused
	at java.net.PlainSocketImpl.socketConnect(Native Method)
	at java.net.AbstractPlainSocketImpl.doConnect(AbstractPlainSocketImpl.java:339)
	at java.net.AbstractPlainSocketImpl.connectToAddress(AbstractPlainSocketImpl.java:200)
	at java.net.AbstractPlainSocketImpl.connect(AbstractPlainSocketImpl.java:182)
	at java.net.SocksSocketImpl.connect(SocksSocketImpl.java:392)
	at java.net.Socket.connect(Socket.java:579)
	at org.apache.http.conn.scheme.PlainSocketFactory.connectSocket(PlainSocketFactory.java:117)
	at org.apache.http.impl.conn.DefaultClientConnectionOperator.openConnection(DefaultClientConnectionOperator.java:178)
	at org.apache.http.impl.conn.AbstractPoolEntry.open(AbstractPoolEntry.java:144)
	at org.apache.http.impl.conn.AbstractPooledConnAdapter.open(AbstractPooledConnAdapter.java:131)
	at org.apache.http.impl.client.DefaultRequestDirector.tryConnect(DefaultRequestDirector.java:610)
	at org.apache.http.impl.client.DefaultRequestDirector.execute(DefaultRequestDirector.java:445)
	at org.apache.http.impl.client.AbstractHttpClient.doExecute(AbstractHttpClient.java:863)
	at org.apache.http.impl.client.CloseableHttpClient.execute(CloseableHttpClient.java:72)
	at org.apache.http.impl.client.CloseableHttpClient.execute(CloseableHttpClient.java:57)
	at org.openqa.selenium.remote.HttpCommandExecutor.fallBackExecute(HttpCommandExecutor.java:337)
	at org.openqa.selenium.remote.HttpCommandExecutor.execute(HttpCommandExecutor.java:298)
	at org.openqa.selenium.firefox.internal.NewProfileExtensionConnection.execute(NewProfileExtensionConnection.java:165)
	at org.openqa.selenium.firefox.FirefoxDriver$LazyCommandExecutor.execute(FirefoxDriver.java:366)
	at org.openqa.selenium.remote.RemoteWebDriver.execute(RemoteWebDriver.java:527)
	... 30 more
</div></td></tr></table><p class="totop"><a href="#summary">back to summary</a></p><h3 id="m1">com.puma.test.CheckoutEndToEnd#step1Fields</h3><table class="result"><tr class="param"><th>Parameter #1</th></tr><tr class="param stripe"><td>{STREET_NUM=40, CITY=Liepaja, PHONE=4424533748, EMAIL=test@msn.com, LNAME=fnameRegLatvia, COUNTRY=Latvia, ZIP=3401, ADDRESS2=, ADDRESS1=Veca Ostmala, FNAME=fnameRegLatvia}</td></tr><tr><th>Messages</th></tr><tr><td><div class="messages">On page Step2 label for radio buttons is ENTER PAYMENT ADDRESS [*Required]<br/>Total on Step2 is € 3.580,00<br/>Subtotal on Step2 is€ 3.580,00<br/>Saved &lt;a href=../screenshot/FAIL/19_Jan_2014__02_20_05AM.png&gt;Screenshot&lt;/a&gt;</div></td></tr><tr><th>Exception</th></tr><tr><td><div class="stacktrace">org.openqa.selenium.NoSuchElementException: Unable to locate element: {&quot;method&quot;:&quot;id&quot;,&quot;selector&quot;:&quot;is-WIRECARD_CREDIT_CARD&quot;}
Command duration or timeout: 10.03 seconds
For documentation on this error, please visit: http://seleniumhq.org/exceptions/no_such_element.html
Build info: version: &apos;2.38.0&apos;, revision: &apos;bd32d4e&apos;, time: &apos;2013-12-05 16:16:40&apos;
System info: host: &apos;localhost&apos;, ip: &apos;127.0.0.1&apos;, os.name: &apos;Mac OS X&apos;, os.arch: &apos;x86_64&apos;, os.version: &apos;10.7.5&apos;, java.version: &apos;1.7.0_25&apos;
Session ID: 4879019b-50b4-fb4d-85f6-cdf2e10da71d
Driver info: org.openqa.selenium.firefox.FirefoxDriver
Capabilities [{platform=MAC, acceptSslCerts=true, javascriptEnabled=true, cssSelectorsEnabled=true, databaseEnabled=true, browserName=firefox, handlesAlerts=true, browserConnectionEnabled=true, webStorageEnabled=true, nativeEvents=false, rotatable=false, locationContextEnabled=true, applicationCacheEnabled=false, takesScreenshot=true, version=26.0}]
	at sun.reflect.NativeConstructorAccessorImpl.newInstance0(Native Method)
	at sun.reflect.NativeConstructorAccessorImpl.newInstance(NativeConstructorAccessorImpl.java:57)
	at sun.reflect.DelegatingConstructorAccessorImpl.newInstance(DelegatingConstructorAccessorImpl.java:45)
	at java.lang.reflect.Constructor.newInstance(Constructor.java:526)
	at org.openqa.selenium.remote.ErrorHandler.createThrowable(ErrorHandler.java:193)
	at org.openqa.selenium.remote.ErrorHandler.throwIfResponseFailed(ErrorHandler.java:145)
	at org.openqa.selenium.remote.RemoteWebDriver.execute(RemoteWebDriver.java:554)
	at org.openqa.selenium.remote.RemoteWebDriver.findElement(RemoteWebDriver.java:307)
	at org.openqa.selenium.remote.RemoteWebDriver.findElementById(RemoteWebDriver.java:348)
	at org.openqa.selenium.By$ById.findElement(By.java:220)
	at org.openqa.selenium.remote.RemoteWebDriver.findElement(RemoteWebDriver.java:299)
	at com.puma.util.PumaCommonMethods.submitStep2(PumaCommonMethods.java:886)
	at com.puma.test.CheckoutEndToEnd.step1Fields(CheckoutEndToEnd.java:220)
	at sun.reflect.NativeMethodAccessorImpl.invoke0(Native Method)
	at sun.reflect.NativeMethodAccessorImpl.invoke(NativeMethodAccessorImpl.java:57)
	at sun.reflect.DelegatingMethodAccessorImpl.invoke(DelegatingMethodAccessorImpl.java:43)
	at java.lang.reflect.Method.invoke(Method.java:606)
	at org.testng.internal.MethodInvocationHelper.invokeMethod(MethodInvocationHelper.java:84)
	at org.testng.internal.Invoker.invokeMethod(Invoker.java:714)
	at org.testng.internal.Invoker.invokeTestMethod(Invoker.java:901)
	at org.testng.internal.Invoker.invokeTestMethods(Invoker.java:1231)
	at org.testng.internal.TestMethodWorker.invokeTestMethods(TestMethodWorker.java:127)
	at org.testng.internal.TestMethodWorker.run(TestMethodWorker.java:111)
	at org.testng.TestRunner.privateRun(TestRunner.java:767)
	at org.testng.TestRunner.run(TestRunner.java:617)
	at org.testng.SuiteRunner.runTest(SuiteRunner.java:334)
	at org.testng.SuiteRunner.runSequentially(SuiteRunner.java:329)
	at org.testng.SuiteRunner.privateRun(SuiteRunner.java:291)
	at org.testng.SuiteRunner.run(SuiteRunner.java:240)
	at org.testng.SuiteRunnerWorker.runSuite(SuiteRunnerWorker.java:52)
	at org.testng.SuiteRunnerWorker.run(SuiteRunnerWorker.java:86)
	at org.testng.TestNG.runSuitesSequentially(TestNG.java:1224)
	at org.testng.TestNG.runSuitesLocally(TestNG.java:1149)
	at org.testng.TestNG.run(TestNG.java:1057)
	at org.testng.remote.RemoteTestNG.run(RemoteTestNG.java:111)
	at org.testng.remote.RemoteTestNG.initAndRun(RemoteTestNG.java:204)
	at org.testng.remote.RemoteTestNG.main(RemoteTestNG.java:175)
Caused by: org.openqa.selenium.remote.ErrorHandler$UnknownServerException: Unable to locate element: {&quot;method&quot;:&quot;id&quot;,&quot;selector&quot;:&quot;is-WIRECARD_CREDIT_CARD&quot;}
Build info: version: &apos;2.38.0&apos;, revision: &apos;bd32d4e&apos;, time: &apos;2013-12-05 16:16:40&apos;
System info: host: &apos;localhost&apos;, ip: &apos;127.0.0.1&apos;, os.name: &apos;Mac OS X&apos;, os.arch: &apos;x86_64&apos;, os.version: &apos;10.7.5&apos;, java.version: &apos;1.7.0_25&apos;
Driver info: driver.version: unknown
	at &lt;anonymous class&gt;.FirefoxDriver.prototype.findElementInternal_(file:///var/folders/_2/pb85wgk175l660128q0hftvh0000gp/T/anonymous7438684710835129592webdriver-profile/extensions/fxdriver@googlecode.com/components/driver_component.js:8860)
	at &lt;anonymous class&gt;.fxdriver.Timer.prototype.setTimeout/&lt;.notify(file:///var/folders/_2/pb85wgk175l660128q0hftvh0000gp/T/anonymous7438684710835129592webdriver-profile/extensions/fxdriver@googlecode.com/components/driver_component.js:396)
</div></td></tr></table><p class="totop"><a href="#summary">back to summary</a></p><h3 id="m2">com.puma.test.CheckoutEndToEnd#step1Fields</h3><table class="result"><tr class="param"><th>Parameter #1</th></tr><tr class="param stripe"><td>{STREET_NUM=24-28, CITY=Copenhagen, PHONE=011 45 33 74 14 14, EMAIL=test@yahoo.com, LNAME=lnameSCopenhagen, COUNTRY=Denmark, ZIP=1253, ADDRESS2=, ADDRESS1=Toldbodgade, FNAME=fnameSCopenhagen}</td></tr><tr><th>Messages</th></tr><tr><td><div class="messages">On page Step2 label for radio buttons is ENTER PAYMENT ADDRESS [*Required]<br/>Total on Step2 is € 7.160,00<br/>Subtotal on Step2 is€ 7.160,00<br/>Saved &lt;a href=../screenshot/FAIL/19_Jan_2014__02_13_06AM.png&gt;Screenshot&lt;/a&gt;</div></td></tr><tr><th>Exception</th></tr><tr><td><div class="stacktrace">org.openqa.selenium.NoSuchElementException: Unable to locate element: {&quot;method&quot;:&quot;id&quot;,&quot;selector&quot;:&quot;is-WIRECARD_CREDIT_CARD&quot;}
Command duration or timeout: 10.02 seconds
For documentation on this error, please visit: http://seleniumhq.org/exceptions/no_such_element.html
Build info: version: &apos;2.38.0&apos;, revision: &apos;bd32d4e&apos;, time: &apos;2013-12-05 16:16:40&apos;
System info: host: &apos;localhost&apos;, ip: &apos;127.0.0.1&apos;, os.name: &apos;Mac OS X&apos;, os.arch: &apos;x86_64&apos;, os.version: &apos;10.7.5&apos;, java.version: &apos;1.7.0_25&apos;
Session ID: 2b7989e8-7992-b340-ba13-bb6c60769208
Driver info: org.openqa.selenium.firefox.FirefoxDriver
Capabilities [{platform=MAC, acceptSslCerts=true, javascriptEnabled=true, cssSelectorsEnabled=true, databaseEnabled=true, browserName=firefox, handlesAlerts=true, browserConnectionEnabled=true, webStorageEnabled=true, nativeEvents=false, rotatable=false, locationContextEnabled=true, applicationCacheEnabled=false, takesScreenshot=true, version=26.0}]
	at sun.reflect.NativeConstructorAccessorImpl.newInstance0(Native Method)
	at sun.reflect.NativeConstructorAccessorImpl.newInstance(NativeConstructorAccessorImpl.java:57)
	at sun.reflect.DelegatingConstructorAccessorImpl.newInstance(DelegatingConstructorAccessorImpl.java:45)
	at java.lang.reflect.Constructor.newInstance(Constructor.java:526)
	at org.openqa.selenium.remote.ErrorHandler.createThrowable(ErrorHandler.java:193)
	at org.openqa.selenium.remote.ErrorHandler.throwIfResponseFailed(ErrorHandler.java:145)
	at org.openqa.selenium.remote.RemoteWebDriver.execute(RemoteWebDriver.java:554)
	at org.openqa.selenium.remote.RemoteWebDriver.findElement(RemoteWebDriver.java:307)
	at org.openqa.selenium.remote.RemoteWebDriver.findElementById(RemoteWebDriver.java:348)
	at org.openqa.selenium.By$ById.findElement(By.java:220)
	at org.openqa.selenium.remote.RemoteWebDriver.findElement(RemoteWebDriver.java:299)
	at com.puma.util.PumaCommonMethods.submitStep2(PumaCommonMethods.java:886)
	at com.puma.test.CheckoutEndToEnd.step1Fields(CheckoutEndToEnd.java:220)
	at sun.reflect.NativeMethodAccessorImpl.invoke0(Native Method)
	at sun.reflect.NativeMethodAccessorImpl.invoke(NativeMethodAccessorImpl.java:57)
	at sun.reflect.DelegatingMethodAccessorImpl.invoke(DelegatingMethodAccessorImpl.java:43)
	at java.lang.reflect.Method.invoke(Method.java:606)
	at org.testng.internal.MethodInvocationHelper.invokeMethod(MethodInvocationHelper.java:84)
	at org.testng.internal.Invoker.invokeMethod(Invoker.java:714)
	at org.testng.internal.Invoker.invokeTestMethod(Invoker.java:901)
	at org.testng.internal.Invoker.invokeTestMethods(Invoker.java:1231)
	at org.testng.internal.TestMethodWorker.invokeTestMethods(TestMethodWorker.java:127)
	at org.testng.internal.TestMethodWorker.run(TestMethodWorker.java:111)
	at org.testng.TestRunner.privateRun(TestRunner.java:767)
	at org.testng.TestRunner.run(TestRunner.java:617)
	at org.testng.SuiteRunner.runTest(SuiteRunner.java:334)
	at org.testng.SuiteRunner.runSequentially(SuiteRunner.java:329)
	at org.testng.SuiteRunner.privateRun(SuiteRunner.java:291)
	at org.testng.SuiteRunner.run(SuiteRunner.java:240)
	at org.testng.SuiteRunnerWorker.runSuite(SuiteRunnerWorker.java:52)
	at org.testng.SuiteRunnerWorker.run(SuiteRunnerWorker.java:86)
	at org.testng.TestNG.runSuitesSequentially(TestNG.java:1224)
	at org.testng.TestNG.runSuitesLocally(TestNG.java:1149)
	at org.testng.TestNG.run(TestNG.java:1057)
	at org.testng.remote.RemoteTestNG.run(RemoteTestNG.java:111)
	at org.testng.remote.RemoteTestNG.initAndRun(RemoteTestNG.java:204)
	at org.testng.remote.RemoteTestNG.main(RemoteTestNG.java:175)
Caused by: org.openqa.selenium.remote.ErrorHandler$UnknownServerException: Unable to locate element: {&quot;method&quot;:&quot;id&quot;,&quot;selector&quot;:&quot;is-WIRECARD_CREDIT_CARD&quot;}
Build info: version: &apos;2.38.0&apos;, revision: &apos;bd32d4e&apos;, time: &apos;2013-12-05 16:16:40&apos;
System info: host: &apos;localhost&apos;, ip: &apos;127.0.0.1&apos;, os.name: &apos;Mac OS X&apos;, os.arch: &apos;x86_64&apos;, os.version: &apos;10.7.5&apos;, java.version: &apos;1.7.0_25&apos;
Driver info: driver.version: unknown
	at &lt;anonymous class&gt;.FirefoxDriver.prototype.findElementInternal_(file:///var/folders/_2/pb85wgk175l660128q0hftvh0000gp/T/anonymous3506113512661832725webdriver-profile/extensions/fxdriver@googlecode.com/components/driver_component.js:8860)
	at &lt;anonymous class&gt;.fxdriver.Timer.prototype.setTimeout/&lt;.notify(file:///var/folders/_2/pb85wgk175l660128q0hftvh0000gp/T/anonymous3506113512661832725webdriver-profile/extensions/fxdriver@googlecode.com/components/driver_component.js:396)
</div></td></tr></table><p class="totop"><a href="#summary">back to summary</a></p><h3 id="m3">com.puma.test.CheckoutEndToEnd#step1Fields</h3><table class="result"><tr class="param"><th>Parameter #1</th></tr><tr class="param stripe"><td>{STREET_NUM=1, CITY=PRAGUE, PHONE=420-2-2484-1111, EMAIL=test@yahoo.com, LNAME=lnamePrague, COUNTRY=Czech Republic, ZIP=186 00, ADDRESS2=, ADDRESS1=POBREZNI, FNAME=fnamePrague}</td></tr><tr><th>Messages</th></tr><tr><td><div class="messages">On page Step2 label for radio buttons is ENTER PAYMENT ADDRESS [*Required]<br/>Total on Step2 is € 3.580,00<br/>Subtotal on Step2 is€ 3.580,00<br/>Saved &lt;a href=../screenshot/FAIL/19_Jan_2014__02_12_03AM.png&gt;Screenshot&lt;/a&gt;</div></td></tr><tr><th>Exception</th></tr><tr><td><div class="stacktrace">org.openqa.selenium.NoSuchElementException: Unable to locate element: {&quot;method&quot;:&quot;id&quot;,&quot;selector&quot;:&quot;is-WIRECARD_CREDIT_CARD&quot;}
Command duration or timeout: 10.02 seconds
For documentation on this error, please visit: http://seleniumhq.org/exceptions/no_such_element.html
Build info: version: &apos;2.38.0&apos;, revision: &apos;bd32d4e&apos;, time: &apos;2013-12-05 16:16:40&apos;
System info: host: &apos;localhost&apos;, ip: &apos;127.0.0.1&apos;, os.name: &apos;Mac OS X&apos;, os.arch: &apos;x86_64&apos;, os.version: &apos;10.7.5&apos;, java.version: &apos;1.7.0_25&apos;
Session ID: 5e53bcce-7e50-4a4f-a273-1663d1874b72
Driver info: org.openqa.selenium.firefox.FirefoxDriver
Capabilities [{platform=MAC, acceptSslCerts=true, javascriptEnabled=true, cssSelectorsEnabled=true, databaseEnabled=true, browserName=firefox, handlesAlerts=true, browserConnectionEnabled=true, webStorageEnabled=true, nativeEvents=false, rotatable=false, locationContextEnabled=true, applicationCacheEnabled=false, takesScreenshot=true, version=26.0}]
	at sun.reflect.NativeConstructorAccessorImpl.newInstance0(Native Method)
	at sun.reflect.NativeConstructorAccessorImpl.newInstance(NativeConstructorAccessorImpl.java:57)
	at sun.reflect.DelegatingConstructorAccessorImpl.newInstance(DelegatingConstructorAccessorImpl.java:45)
	at java.lang.reflect.Constructor.newInstance(Constructor.java:526)
	at org.openqa.selenium.remote.ErrorHandler.createThrowable(ErrorHandler.java:193)
	at org.openqa.selenium.remote.ErrorHandler.throwIfResponseFailed(ErrorHandler.java:145)
	at org.openqa.selenium.remote.RemoteWebDriver.execute(RemoteWebDriver.java:554)
	at org.openqa.selenium.remote.RemoteWebDriver.findElement(RemoteWebDriver.java:307)
	at org.openqa.selenium.remote.RemoteWebDriver.findElementById(RemoteWebDriver.java:348)
	at org.openqa.selenium.By$ById.findElement(By.java:220)
	at org.openqa.selenium.remote.RemoteWebDriver.findElement(RemoteWebDriver.java:299)
	at com.puma.util.PumaCommonMethods.submitStep2(PumaCommonMethods.java:886)
	at com.puma.test.CheckoutEndToEnd.step1Fields(CheckoutEndToEnd.java:220)
	at sun.reflect.NativeMethodAccessorImpl.invoke0(Native Method)
	at sun.reflect.NativeMethodAccessorImpl.invoke(NativeMethodAccessorImpl.java:57)
	at sun.reflect.DelegatingMethodAccessorImpl.invoke(DelegatingMethodAccessorImpl.java:43)
	at java.lang.reflect.Method.invoke(Method.java:606)
	at org.testng.internal.MethodInvocationHelper.invokeMethod(MethodInvocationHelper.java:84)
	at org.testng.internal.Invoker.invokeMethod(Invoker.java:714)
	at org.testng.internal.Invoker.invokeTestMethod(Invoker.java:901)
	at org.testng.internal.Invoker.invokeTestMethods(Invoker.java:1231)
	at org.testng.internal.TestMethodWorker.invokeTestMethods(TestMethodWorker.java:127)
	at org.testng.internal.TestMethodWorker.run(TestMethodWorker.java:111)
	at org.testng.TestRunner.privateRun(TestRunner.java:767)
	at org.testng.TestRunner.run(TestRunner.java:617)
	at org.testng.SuiteRunner.runTest(SuiteRunner.java:334)
	at org.testng.SuiteRunner.runSequentially(SuiteRunner.java:329)
	at org.testng.SuiteRunner.privateRun(SuiteRunner.java:291)
	at org.testng.SuiteRunner.run(SuiteRunner.java:240)
	at org.testng.SuiteRunnerWorker.runSuite(SuiteRunnerWorker.java:52)
	at org.testng.SuiteRunnerWorker.run(SuiteRunnerWorker.java:86)
	at org.testng.TestNG.runSuitesSequentially(TestNG.java:1224)
	at org.testng.TestNG.runSuitesLocally(TestNG.java:1149)
	at org.testng.TestNG.run(TestNG.java:1057)
	at org.testng.remote.RemoteTestNG.run(RemoteTestNG.java:111)
	at org.testng.remote.RemoteTestNG.initAndRun(RemoteTestNG.java:204)
	at org.testng.remote.RemoteTestNG.main(RemoteTestNG.java:175)
Caused by: org.openqa.selenium.remote.ErrorHandler$UnknownServerException: Unable to locate element: {&quot;method&quot;:&quot;id&quot;,&quot;selector&quot;:&quot;is-WIRECARD_CREDIT_CARD&quot;}
Build info: version: &apos;2.38.0&apos;, revision: &apos;bd32d4e&apos;, time: &apos;2013-12-05 16:16:40&apos;
System info: host: &apos;localhost&apos;, ip: &apos;127.0.0.1&apos;, os.name: &apos;Mac OS X&apos;, os.arch: &apos;x86_64&apos;, os.version: &apos;10.7.5&apos;, java.version: &apos;1.7.0_25&apos;
Driver info: driver.version: unknown
	at &lt;anonymous class&gt;.FirefoxDriver.prototype.findElementInternal_(file:///var/folders/_2/pb85wgk175l660128q0hftvh0000gp/T/anonymous4652778199216020360webdriver-profile/extensions/fxdriver@googlecode.com/components/driver_component.js:8860)
	at &lt;anonymous class&gt;.fxdriver.Timer.prototype.setTimeout/&lt;.notify(file:///var/folders/_2/pb85wgk175l660128q0hftvh0000gp/T/anonymous4652778199216020360webdriver-profile/extensions/fxdriver@googlecode.com/components/driver_component.js:396)
</div></td></tr></table><p class="totop"><a href="#summary">back to summary</a></p><h3 id="m4">com.puma.test.CheckoutEndToEnd#step1Fields</h3><table class="result"><tr class="param"><th>Parameter #1</th></tr><tr class="param stripe"><td>{STREET_NUM=9, CITY=Clervaux, PHONE=4424533748, EMAIL=test@latvia.com, LNAME=fnameRegLuxemburg, COUNTRY=Luxembourg, ZIP=9710, ADDRESS2=, ADDRESS1=Grand Rue, FNAME=fnameRegLuxemburg}</td></tr><tr><th>Messages</th></tr><tr><td><div class="messages">On page Step2 label for radio buttons is ENTER PAYMENT ADDRESS [*Required]<br/>Total on Step2 is € 7.160,00<br/>Subtotal on Step2 is€ 7.160,00<br/>Saved &lt;a href=../screenshot/FAIL/19_Jan_2014__02_21_14AM.png&gt;Screenshot&lt;/a&gt;</div></td></tr><tr><th>Exception</th></tr><tr><td><div class="stacktrace">org.openqa.selenium.NoSuchElementException: Unable to locate element: {&quot;method&quot;:&quot;id&quot;,&quot;selector&quot;:&quot;is-WIRECARD_CREDIT_CARD&quot;}
Command duration or timeout: 10.01 seconds
For documentation on this error, please visit: http://seleniumhq.org/exceptions/no_such_element.html
Build info: version: &apos;2.38.0&apos;, revision: &apos;bd32d4e&apos;, time: &apos;2013-12-05 16:16:40&apos;
System info: host: &apos;localhost&apos;, ip: &apos;127.0.0.1&apos;, os.name: &apos;Mac OS X&apos;, os.arch: &apos;x86_64&apos;, os.version: &apos;10.7.5&apos;, java.version: &apos;1.7.0_25&apos;
Session ID: b60b03dc-ccb6-aa41-baf7-ac1c1e8781f1
Driver info: org.openqa.selenium.firefox.FirefoxDriver
Capabilities [{platform=MAC, acceptSslCerts=true, javascriptEnabled=true, cssSelectorsEnabled=true, databaseEnabled=true, browserName=firefox, handlesAlerts=true, browserConnectionEnabled=true, webStorageEnabled=true, nativeEvents=false, rotatable=false, locationContextEnabled=true, applicationCacheEnabled=false, takesScreenshot=true, version=26.0}]
	at sun.reflect.NativeConstructorAccessorImpl.newInstance0(Native Method)
	at sun.reflect.NativeConstructorAccessorImpl.newInstance(NativeConstructorAccessorImpl.java:57)
	at sun.reflect.DelegatingConstructorAccessorImpl.newInstance(DelegatingConstructorAccessorImpl.java:45)
	at java.lang.reflect.Constructor.newInstance(Constructor.java:526)
	at org.openqa.selenium.remote.ErrorHandler.createThrowable(ErrorHandler.java:193)
	at org.openqa.selenium.remote.ErrorHandler.throwIfResponseFailed(ErrorHandler.java:145)
	at org.openqa.selenium.remote.RemoteWebDriver.execute(RemoteWebDriver.java:554)
	at org.openqa.selenium.remote.RemoteWebDriver.findElement(RemoteWebDriver.java:307)
	at org.openqa.selenium.remote.RemoteWebDriver.findElementById(RemoteWebDriver.java:348)
	at org.openqa.selenium.By$ById.findElement(By.java:220)
	at org.openqa.selenium.remote.RemoteWebDriver.findElement(RemoteWebDriver.java:299)
	at com.puma.util.PumaCommonMethods.submitStep2(PumaCommonMethods.java:886)
	at com.puma.test.CheckoutEndToEnd.step1Fields(CheckoutEndToEnd.java:220)
	at sun.reflect.NativeMethodAccessorImpl.invoke0(Native Method)
	at sun.reflect.NativeMethodAccessorImpl.invoke(NativeMethodAccessorImpl.java:57)
	at sun.reflect.DelegatingMethodAccessorImpl.invoke(DelegatingMethodAccessorImpl.java:43)
	at java.lang.reflect.Method.invoke(Method.java:606)
	at org.testng.internal.MethodInvocationHelper.invokeMethod(MethodInvocationHelper.java:84)
	at org.testng.internal.Invoker.invokeMethod(Invoker.java:714)
	at org.testng.internal.Invoker.invokeTestMethod(Invoker.java:901)
	at org.testng.internal.Invoker.invokeTestMethods(Invoker.java:1231)
	at org.testng.internal.TestMethodWorker.invokeTestMethods(TestMethodWorker.java:127)
	at org.testng.internal.TestMethodWorker.run(TestMethodWorker.java:111)
	at org.testng.TestRunner.privateRun(TestRunner.java:767)
	at org.testng.TestRunner.run(TestRunner.java:617)
	at org.testng.SuiteRunner.runTest(SuiteRunner.java:334)
	at org.testng.SuiteRunner.runSequentially(SuiteRunner.java:329)
	at org.testng.SuiteRunner.privateRun(SuiteRunner.java:291)
	at org.testng.SuiteRunner.run(SuiteRunner.java:240)
	at org.testng.SuiteRunnerWorker.runSuite(SuiteRunnerWorker.java:52)
	at org.testng.SuiteRunnerWorker.run(SuiteRunnerWorker.java:86)
	at org.testng.TestNG.runSuitesSequentially(TestNG.java:1224)
	at org.testng.TestNG.runSuitesLocally(TestNG.java:1149)
	at org.testng.TestNG.run(TestNG.java:1057)
	at org.testng.remote.RemoteTestNG.run(RemoteTestNG.java:111)
	at org.testng.remote.RemoteTestNG.initAndRun(RemoteTestNG.java:204)
	at org.testng.remote.RemoteTestNG.main(RemoteTestNG.java:175)
Caused by: org.openqa.selenium.remote.ErrorHandler$UnknownServerException: Unable to locate element: {&quot;method&quot;:&quot;id&quot;,&quot;selector&quot;:&quot;is-WIRECARD_CREDIT_CARD&quot;}
Build info: version: &apos;2.38.0&apos;, revision: &apos;bd32d4e&apos;, time: &apos;2013-12-05 16:16:40&apos;
System info: host: &apos;localhost&apos;, ip: &apos;127.0.0.1&apos;, os.name: &apos;Mac OS X&apos;, os.arch: &apos;x86_64&apos;, os.version: &apos;10.7.5&apos;, java.version: &apos;1.7.0_25&apos;
Driver info: driver.version: unknown
	at &lt;anonymous class&gt;.FirefoxDriver.prototype.findElementInternal_(file:///var/folders/_2/pb85wgk175l660128q0hftvh0000gp/T/anonymous4398379670137287648webdriver-profile/extensions/fxdriver@googlecode.com/components/driver_component.js:8860)
	at &lt;anonymous class&gt;.fxdriver.Timer.prototype.setTimeout/&lt;.notify(file:///var/folders/_2/pb85wgk175l660128q0hftvh0000gp/T/anonymous4398379670137287648webdriver-profile/extensions/fxdriver@googlecode.com/components/driver_component.js:396)
</div></td></tr></table><p class="totop"><a href="#summary">back to summary</a></p><h3 id="m5">com.puma.test.CheckoutEndToEnd#getToStep1</h3><table class="result"></table><p class="totop"><a href="#summary">back to summary</a></p><h3 id="m6">com.puma.test.CheckoutEndToEnd#getToStep1</h3><table class="result"></table><p class="totop"><a href="#summary">back to summary</a></p><h3 id="m7">com.puma.test.CheckoutEndToEnd#getToStep1</h3><table class="result"></table><p class="totop"><a href="#summary">back to summary</a></p><h3 id="m8">com.puma.test.CheckoutEndToEnd#getToStep1</h3><table class="result"></table><p class="totop"><a href="#summary">back to summary</a></p><h3 id="m9">com.puma.test.CheckoutEndToEnd#getToStep1</h3><table class="result"></table><p class="totop"><a href="#summary">back to summary</a></p><h3 id="m10">com.puma.test.CheckoutEndToEnd#getToStep1</h3><table class="result"></table><p class="totop"><a href="#summary">back to summary</a></p><h3 id="m11">com.puma.test.CheckoutEndToEnd#getToStep1</h3><table class="result"></table><p class="totop"><a href="#summary">back to summary</a></p><h3 id="m12">com.puma.test.CheckoutEndToEnd#getToStep1</h3><table class="result"></table><p class="totop"><a href="#summary">back to summary</a></p><h3 id="m13">com.puma.test.CheckoutEndToEnd#oneTimeTearDown</h3><table class="result"></table><p class="totop"><a href="#summary">back to summary</a></p><h3 id="m14">com.puma.test.CheckoutEndToEnd#oneTimeTearDown</h3><table class="result"></table><p class="totop"><a href="#summary">back to summary</a></p><h3 id="m15">com.puma.test.CheckoutEndToEnd#oneTimeTearDown</h3><table class="result"></table><p class="totop"><a href="#summary">back to summary</a></p><h3 id="m16">com.puma.test.CheckoutEndToEnd#oneTimeTearDown</h3><table class="result"></table><p class="totop"><a href="#summary">back to summary</a></p><h3 id="m17">com.puma.test.CheckoutEndToEnd#oneTimeTearDown</h3><table class="result"></table><p class="totop"><a href="#summary">back to summary</a></p><h3 id="m18">com.puma.test.CheckoutEndToEnd#oneTimeTearDown</h3><table class="result"></table><p class="totop"><a href="#summary">back to summary</a></p><h3 id="m19">com.puma.test.CheckoutEndToEnd#oneTimeTearDown</h3><table class="result"></table><p class="totop"><a href="#summary">back to summary</a></p><h3 id="m20">com.puma.test.CheckoutEndToEnd#oneTimeTearDown</h3><table class="result"></table><p class="totop"><a href="#summary">back to summary</a></p><h3 id="m21">com.puma.test.CheckoutEndToEnd#oneTimeTearDown</h3><table class="result"></table><p class="totop"><a href="#summary">back to summary</a></p><h3 id="m22">com.puma.test.CheckoutEndToEnd#sendOrdersToTxt</h3><table class="result"></table><p class="totop"><a href="#summary">back to summary</a></p><h3 id="m23">com.puma.test.CheckoutEndToEnd#step1Fields</h3><table class="result"><tr class="param"><th>Parameter #1</th></tr><tr class="param stripe"><td>{STREET_NUM=29, CITY=Helsinki, PHONE=4524533738, EMAIL=testFinland@hotmail.com, LNAME=fnameRegFinland, COUNTRY=Finland, ZIP=00100, ADDRESS2=, ADDRESS1=Pohjoisesplanadi, FNAME=fnameRegFinland}</td></tr></table><p class="totop"><a href="#summary">back to summary</a></p><h3 id="m24">com.puma.test.CheckoutEndToEnd#step1Fields</h3><table class="result"><tr class="param"><th>Parameter #1</th></tr><tr class="param stripe"><td>{STREET_NUM=45, CITY=Warsaw, PHONE=4424533738, EMAIL=test_poland@gmail.com, LNAME=fnameRegPoland, COUNTRY=Poland, ZIP=00-692, ADDRESS2=, ADDRESS1=Aleje Jerozolimskie, FNAME=fnameRegPoland}</td></tr></table><p class="totop"><a href="#summary">back to summary</a></p><h3 id="m25">com.puma.test.CheckoutEndToEnd#step1Fields</h3><table class="result"><tr class="param"><th>Parameter #1</th></tr><tr class="param stripe"><td>{STREET_NUM=8, CITY=Budapest, PHONE=4424533748, EMAIL=testHungary@gmail.com, LNAME=fnameRegHungary, COUNTRY=Hungary, ZIP=1073, ADDRESS2=, ADDRESS1=Erzsebet korut, FNAME=fnameRegHungary}</td></tr></table><p class="totop"><a href="#summary">back to summary</a></p><h3 id="m26">com.puma.test.CheckoutEndToEnd#step1Fields</h3><table class="result"><tr class="param"><th>Parameter #1</th></tr><tr class="param stripe"><td>{STREET_NUM=111, CITY=Porto, PHONE=4524533738, EMAIL=test_poRtugal@gmail.com, LNAME=fnameRegPortugal, COUNTRY=Portugal, ZIP=4350-226, ADDRESS2=, ADDRESS1=Rua Padre Manuel da Nobrega, FNAME=fnameRegPortugal}</td></tr></table><p class="totop"><a href="#summary">back to summary</a></p><h3 id="m27">com.puma.test.CheckoutEndToEnd#step1Fields</h3><table class="result"><tr class="param"><th>Parameter #1</th></tr><tr class="param stripe"><td>{STREET_NUM=144, CITY=Amsterdam, PHONE=4424533738, EMAIL=test_amsterdam@gmail.com, LNAME=fnameRegNetherlands, COUNTRY=Netherlands, ZIP=1017 AE, ADDRESS2=, ADDRESS1=Amstel, FNAME=fnameRegNetherlands}</td></tr></table><p class="totop"><a href="#summary">back to summary</a></p><h3 id="m28">com.puma.test.CheckoutEndToEnd#step1Fields</h3><table class="result"><tr class="param"><th>Parameter #1</th></tr><tr class="param stripe"><td>{STREET_NUM=4, CITY=Stockholm, PHONE=4524532738, EMAIL=testSweden@hotmail.com, LNAME=fnameRegSweden, COUNTRY=Sweden, ZIP=11164, ADDRESS2=, ADDRESS1=Nils Ericssons Plan, FNAME=fnameRegSweden}</td></tr></table><p class="totop"><a href="#summary">back to summary</a></p><h3 id="m29">com.puma.test.CheckoutEndToEnd#step1Fields</h3><table class="result"><tr class="param"><th>Parameter #1</th></tr><tr class="param stripe"><td>{STREET_NUM=15, CITY=Ljubljana, PHONE=4524533738, EMAIL=testSlovenia@gmail.com, LNAME=fnameRegSlovenia, COUNTRY=Slovenia, ZIP=1000, ADDRESS2=, ADDRESS1=Slovenska Cesta, FNAME=fnameRegSlovenia}</td></tr></table><p class="totop"><a href="#summary">back to summary</a></p><h3 id="m30">com.puma.test.CheckoutEndToEnd#step1Fields</h3><table class="result"><tr class="param"><th>Parameter #1</th></tr><tr class="param stripe"><td>{STREET_NUM=1, CITY=Kosice, PHONE=4524533738, EMAIL=test_slovakia@gmail.com, LNAME=fnameRegSlovakia, COUNTRY=Slovakia, ZIP=040 01, ADDRESS2=, ADDRESS1=Hlavna, FNAME=fnameRegSlovakia}</td></tr></table><p class="totop"><a href="#summary">back to summary</a></p><h3 id="m31">com.puma.test.CheckoutEndToEnd#step1Fields</h3><table class="result"><tr class="param"><th>Parameter #1</th></tr><tr class="param stripe"><td>{FNAME=}</td></tr></table><p class="totop"><a href="#summary">back to summary</a></p><h3 id="m32">com.puma.test.CheckoutEndToEnd#step1Fields</h3><table class="result"><tr class="param"><th>Parameter #1</th></tr><tr class="param stripe"><td>{STREET_NUM=3, CITY=Tallinn, PHONE=442-453-3741, EMAIL=test@sbcglobal.net, LNAME=lnameTalinn, COUNTRY=Estonia, ZIP=10145, ADDRESS2=, ADDRESS1=Tornimae, FNAME=fnameTalinn}</td></tr><tr><th>Messages</th></tr><tr><td><div class="messages">On page Step2 label for radio buttons is SELECT A PAYMENT OPTION • REQUIRED<br/>Total on Step2 is € 10.740,00<br/>Subtotal on Step2 is€ 10.740,00<br/>On &apos;Step 3 page page title is SiteGenesis Checkout<br/>After &apos;Step2&apos; page went to next page -page title is Sites-EU-Site<br/>Page title is Sites-EU-Site<br/>On &apos;Order Confirmation&apos; screen page title is Sites-EU-Site<br/>On &apos;Order Confirmation&apos; page order number is Order Number: 00000000644<br/>Saved &lt;a href=../screenshot/PASS/19_Jan_2014__02_14_29AM.png&gt;Screenshot&lt;/a&gt;</div></td></tr></table><p class="totop"><a href="#summary">back to summary</a></p><h3 id="m33">com.puma.test.CheckoutEndToEnd#step1Fields</h3><table class="result"><tr class="param"><th>Parameter #1</th></tr><tr class="param stripe"><td>{STREET_NUM=31, CITY=Brussel, PHONE=9.255482255E9, EMAIL=test@yahoo.com, LNAME=lnameBrussel, COUNTRY=Belgique, ZIP=1000, ADDRESS2=, ADDRESS1=De Brouckereplein, FNAME=fnameBrussel}</td></tr><tr><th>Messages</th></tr><tr><td><div class="messages">On page Step2 label for radio buttons is SELECT A PAYMENT OPTION • REQUIRED<br/>Total on Step2 is € 3.580,00<br/>Subtotal on Step2 is€ 3.580,00<br/>On &apos;Step 3 page page title is SiteGenesis Checkout<br/>After &apos;Step2&apos; page went to next page -page title is Sites-EU-Site<br/>Page title is Sites-EU-Site<br/>On &apos;Order Confirmation&apos; screen page title is Sites-EU-Site<br/>On &apos;Order Confirmation&apos; page order number is Order Number: 00000000643<br/>Saved &lt;a href=../screenshot/PASS/19_Jan_2014__02_11_06AM.png&gt;Screenshot&lt;/a&gt;</div></td></tr></table><p class="totop"><a href="#summary">back to summary</a></p><h3 id="m34">com.puma.test.CheckoutEndToEnd#step1Fields</h3><table class="result"><tr class="param"><th>Parameter #1</th></tr><tr class="param stripe"><td>{STREET_NUM=10, CITY=Athens, PHONE=442 453 3741, EMAIL=test@gmail.com, LNAME=lnAthens, COUNTRY=Greece, ZIP=11742, ADDRESS2=, ADDRESS1=Syngrou Avenue, FNAME=fnameAthens}</td></tr><tr><th>Messages</th></tr><tr><td><div class="messages">On page Step2 label for radio buttons is SELECT A PAYMENT OPTION • REQUIRED<br/>Total on Step2 is € 3.580,00<br/>Subtotal on Step2 is€ 3.580,00<br/>On &apos;Step 3 page page title is SiteGenesis Checkout<br/>After &apos;Step2&apos; page went to next page -page title is Sites-EU-Site<br/>Page title is Sites-EU-Site<br/>On &apos;Order Confirmation&apos; screen page title is Sites-EU-Site<br/>On &apos;Order Confirmation&apos; page order number is Order Number: 00000000646<br/>Saved &lt;a href=../screenshot/PASS/19_Jan_2014__02_17_22AM.png&gt;Screenshot&lt;/a&gt;</div></td></tr></table><p class="totop"><a href="#summary">back to summary</a></p><h3 id="m35">com.puma.test.CheckoutEndToEnd#step1Fields</h3><table class="result"><tr class="param"><th>Parameter #1</th></tr><tr class="param stripe"><td>{STREET_NUM=1, CITY=Milan, PHONE=442 453 3741, EMAIL=test@yahoo.com, LNAME=lneMilan, COUNTRY=Italy, ZIP=20121, ADDRESS2=, ADDRESS1=Via Tommaso Grossi, FNAME=fnameMilan}</td></tr><tr><th>Messages</th></tr><tr><td><div class="messages">On page Step2 label for radio buttons is SELECT A PAYMENT OPTION • REQUIRED<br/>Total on Step2 is € 3.580,00<br/>Subtotal on Step2 is€ 3.580,00<br/>On &apos;Step 3 page page title is SiteGenesis Checkout<br/>After &apos;Step2&apos; page went to next page -page title is Sites-EU-Site<br/>Page title is Sites-EU-Site<br/>On &apos;Order Confirmation&apos; screen page title is Sites-EU-Site<br/>On &apos;Order Confirmation&apos; page order number is Order Number: 00000000647<br/>Saved &lt;a href=../screenshot/PASS/19_Jan_2014__02_18_56AM.png&gt;Screenshot&lt;/a&gt;</div></td></tr></table><p class="totop"><a href="#summary">back to summary</a></p><h3 id="m36">com.puma.test.CheckoutEndToEnd#step1Fields</h3><table class="result"><tr class="param"><th>Parameter #1</th></tr><tr class="param stripe"><td>{STREET_NUM=9-11, CITY=Barcelona, PHONE=4424533749, EMAIL=test@hotmail.com, LNAME=Barsa, COUNTRY=Espana, ZIP=08001, ADDRESS2=, ADDRESS1=Carrer Sant Pau, FNAME=fnameSBarsa}</td></tr><tr><th>Messages</th></tr><tr><td><div class="messages">On page Step2 label for radio buttons is SELECT A PAYMENT OPTION • REQUIRED<br/>Total on Step2 is € 3.580,00<br/>Subtotal on Step2 is€ 3.580,00<br/>On &apos;Step 3 page page title is SiteGenesis Checkout<br/>After &apos;Step2&apos; page went to next page -page title is Sites-EU-Site<br/>Page title is Sites-EU-Site<br/>On &apos;Order Confirmation&apos; screen page title is Sites-EU-Site<br/>On &apos;Order Confirmation&apos; page order number is Order Number: 00000000645<br/>Saved &lt;a href=../screenshot/PASS/19_Jan_2014__02_15_50AM.png&gt;Screenshot&lt;/a&gt;</div></td></tr></table><p class="totop"><a href="#summary">back to summary</a></p></body></html>