<?xml version="1.0" encoding="UTF-8"?>
<testng-results skipped="0" failed="1" total="2" passed="1">
  <reporter-output>
    <line>
      <![CDATA[On Home page title is Official PUMA Online Store | Russia]]>
    </line>
  </reporter-output>
  <suite name="Default suite" duration-ms="58291" started-at="2014-01-25T07:20:26Z" finished-at="2014-01-25T07:21:24Z">
    <groups>
    </groups>
    <test name="Default test" duration-ms="58291" started-at="2014-01-25T07:20:26Z" finished-at="2014-01-25T07:21:24Z">
      <class name="com.puma.test.HomeEuropeHeader">
        <test-method status="PASS" signature="oneTimeSetUp()[pri:0, instance:com.puma.test.HomeEuropeHeader@3f8fdb73]" name="oneTimeSetUp" is-config="true" duration-ms="17082" started-at="2014-01-24T23:20:26Z" finished-at="2014-01-24T23:20:43Z">
          <reporter-output>
            <line>
              <![CDATA[On Home page title is Official PUMA Online Store | Russia]]>
            </line>
          </reporter-output>
        </test-method> <!-- oneTimeSetUp -->
        <test-method status="PASS" signature="printEuropeCountries()[pri:0, instance:com.puma.test.HomeEuropeHeader@3f8fdb73]" name="printEuropeCountries" duration-ms="25886" started-at="2014-01-24T23:20:43Z" finished-at="2014-01-24T23:21:09Z">
          <reporter-output>
          </reporter-output>
        </test-method> <!-- printEuropeCountries -->
        <test-method status="FAIL" signature="testHeader()[pri:0, instance:com.puma.test.HomeEuropeHeader@3f8fdb73]" name="testHeader" duration-ms="15212" started-at="2014-01-24T23:21:09Z" finished-at="2014-01-24T23:21:24Z">
          <exception class="java.lang.AssertionError">
            <message>
              <![CDATA[expected:<http://storefront:puma123@development.store01.puma.demandware.net/s/GB/en_GB/home> but was:<http://development.store01.puma.demandware.net/s/GB/en_GB/home>]]>
            </message>
            <full-stacktrace>
              <![CDATA[java.lang.AssertionError: expected:<http://storefront:puma123@development.store01.puma.demandware.net/s/GB/en_GB/home> but was:<http://development.store01.puma.demandware.net/s/GB/en_GB/home>
	at org.testng.AssertJUnit.assertEquals(AssertJUnit.java:101)
	at org.testng.AssertJUnit.assertEquals(AssertJUnit.java:108)
	at com.puma.test.HomeEuropeHeader.testHeader(HomeEuropeHeader.java:118)
	at sun.reflect.NativeMethodAccessorImpl.invoke0(Native Method)
	at sun.reflect.NativeMethodAccessorImpl.invoke(NativeMethodAccessorImpl.java:57)
	at sun.reflect.DelegatingMethodAccessorImpl.invoke(DelegatingMethodAccessorImpl.java:43)
	at java.lang.reflect.Method.invoke(Method.java:606)
	at org.testng.internal.MethodInvocationHelper.invokeMethod(MethodInvocationHelper.java:84)
	at org.testng.internal.Invoker.invokeMethod(Invoker.java:714)
	at org.testng.internal.Invoker.invokeTestMethod(Invoker.java:901)
	at org.testng.internal.Invoker.invokeTestMethods(Invoker.java:1231)
	at org.testng.internal.TestMethodWorker.invokeTestMethods(TestMethodWorker.java:127)
	at org.testng.internal.TestMethodWorker.run(TestMethodWorker.java:111)
	at org.testng.TestRunner.privateRun(TestRunner.java:767)
	at org.testng.TestRunner.run(TestRunner.java:617)
	at org.testng.SuiteRunner.runTest(SuiteRunner.java:334)
	at org.testng.SuiteRunner.runSequentially(SuiteRunner.java:329)
	at org.testng.SuiteRunner.privateRun(SuiteRunner.java:291)
	at org.testng.SuiteRunner.run(SuiteRunner.java:240)
	at org.testng.SuiteRunnerWorker.runSuite(SuiteRunnerWorker.java:52)
	at org.testng.SuiteRunnerWorker.run(SuiteRunnerWorker.java:86)
	at org.testng.TestNG.runSuitesSequentially(TestNG.java:1224)
	at org.testng.TestNG.runSuitesLocally(TestNG.java:1149)
	at org.testng.TestNG.run(TestNG.java:1057)
	at org.testng.remote.RemoteTestNG.run(RemoteTestNG.java:111)
	at org.testng.remote.RemoteTestNG.initAndRun(RemoteTestNG.java:204)
	at org.testng.remote.RemoteTestNG.main(RemoteTestNG.java:175)
]]>
            </full-stacktrace>
          </exception> <!-- java.lang.AssertionError -->
          <reporter-output>
          </reporter-output>
        </test-method> <!-- testHeader -->
        <test-method status="PASS" signature="oneTimeTearDown()[pri:0, instance:com.puma.test.HomeEuropeHeader@3f8fdb73]" name="oneTimeTearDown" is-config="true" duration-ms="97" started-at="2014-01-24T23:21:24Z" finished-at="2014-01-24T23:21:24Z">
          <reporter-output>
          </reporter-output>
        </test-method> <!-- oneTimeTearDown -->
      </class> <!-- com.puma.test.HomeEuropeHeader -->
    </test> <!-- Default test -->
  </suite> <!-- Default suite -->
</testng-results>
