<?xml version="1.0" encoding="UTF-8"?>
<!-- Generated by org.testng.reporters.JUnitXMLReporter -->
<testsuite hostname="localhost" name="Ant test" tests="53" failures="30" timestamp="12 Jan 2014 02:13:27 GMT" time="1510.997" errors="0">
  <testcase name="@BeforeMethod getToStep1" time="0.0" classname="com.puma.test.CheckoutEndToEnd">
    <failure type="org.openqa.selenium.StaleElementReferenceException" message="Element not found in the cache - perhaps the page has changed since it was looked up
Command duration or timeout: 10.06 seconds
For documentation on this error, please visit: http://seleniumhq.org/exceptions/stale_element_reference.html
Build info: version: &amp;apos;2.38.0&amp;apos;, revision: &amp;apos;bd32d4e&amp;apos;, time: &amp;apos;2013-12-05 16:16:40&amp;apos;
System info: host: &amp;apos;localhost&amp;apos;, ip: &amp;apos;127.0.0.1&amp;apos;, os.name: &amp;apos;Mac OS X&amp;apos;, os.arch: &amp;apos;x86_64&amp;apos;, os.version: &amp;apos;10.7.5&amp;apos;, java.version: &amp;apos;1.7.0_25&amp;apos;
Session ID: 7f4d2a9a-1454-e549-9a60-6dc1d7e12a50
Driver info: org.openqa.selenium.firefox.FirefoxDriver
Capabilities [{platform=MAC, acceptSslCerts=true, javascriptEnabled=true, cssSelectorsEnabled=true, databaseEnabled=true, browserName=firefox, handlesAlerts=true, browserConnectionEnabled=true, webStorageEnabled=true, nativeEvents=false, rotatable=false, locationContextEnabled=true, applicationCacheEnabled=false, takesScreenshot=true, version=26.0}]">
      <![CDATA[org.openqa.selenium.StaleElementReferenceException: Element not found in the cache - perhaps the page has changed since it was looked up
Command duration or timeout: 10.06 seconds
For documentation on this error, please visit: http://seleniumhq.org/exceptions/stale_element_reference.html
Build info: version: '2.38.0', revision: 'bd32d4e', time: '2013-12-05 16:16:40'
System info: host: 'localhost', ip: '127.0.0.1', os.name: 'Mac OS X', os.arch: 'x86_64', os.version: '10.7.5', java.version: '1.7.0_25'
Session ID: 7f4d2a9a-1454-e549-9a60-6dc1d7e12a50
Driver info: org.openqa.selenium.firefox.FirefoxDriver
Capabilities [{platform=MAC, acceptSslCerts=true, javascriptEnabled=true, cssSelectorsEnabled=true, databaseEnabled=true, browserName=firefox, handlesAlerts=true, browserConnectionEnabled=true, webStorageEnabled=true, nativeEvents=false, rotatable=false, locationContextEnabled=true, applicationCacheEnabled=false, takesScreenshot=true, version=26.0}]
	at org.openqa.selenium.remote.ErrorHandler.createThrowable(ErrorHandler.java:193)
	at org.openqa.selenium.remote.ErrorHandler.throwIfResponseFailed(ErrorHandler.java:145)
	at org.openqa.selenium.remote.RemoteWebDriver.execute(RemoteWebDriver.java:554)
	at org.openqa.selenium.remote.RemoteWebElement.execute(RemoteWebElement.java:268)
	at org.openqa.selenium.remote.RemoteWebElement.click(RemoteWebElement.java:79)
	at com.puma.util.PumaCommonMethods.fromMiniCartToCart(PumaCommonMethods.java:536)
	at com.puma.test.CheckoutEndToEnd.getToStep1(CheckoutEndToEnd.java:102)
Caused by: org.openqa.selenium.remote.ErrorHandler$UnknownServerException: Element not found in the cache - perhaps the page has changed since it was looked up
Build info: version: '2.38.0', revision: 'bd32d4e', time: '2013-12-05 16:16:40'
System info: host: 'localhost', ip: '127.0.0.1', os.name: 'Mac OS X', os.arch: 'x86_64', os.version: '10.7.5', java.version: '1.7.0_25'
Driver info: driver.version: unknown
	at <anonymous class>.fxdriver.cache.getElementAt(resource://fxdriver/modules/web_element_cache.js:7584)
	at <anonymous class>.Utils.getElementAt(file:///var/folders/_2/pb85wgk175l660128q0hftvh0000gp/T/anonymous6370482642699408553webdriver-profile/extensions/fxdriver@googlecode.com/components/command_processor.js:7197)
	at <anonymous class>.fxdriver.preconditions.visible(file:///var/folders/_2/pb85wgk175l660128q0hftvh0000gp/T/anonymous6370482642699408553webdriver-profile/extensions/fxdriver@googlecode.com/components/command_processor.js:8177)
	at <anonymous class>.DelayedCommand.prototype.checkPreconditions_(file:///var/folders/_2/pb85wgk175l660128q0hftvh0000gp/T/anonymous6370482642699408553webdriver-profile/extensions/fxdriver@googlecode.com/components/command_processor.js:10814)
	at <anonymous class>.DelayedCommand.prototype.executeInternal_/h(file:///var/folders/_2/pb85wgk175l660128q0hftvh0000gp/T/anonymous6370482642699408553webdriver-profile/extensions/fxdriver@googlecode.com/components/command_processor.js:10831)
	at <anonymous class>.fxdriver.Timer.prototype.setTimeout/<.notify(file:///var/folders/_2/pb85wgk175l660128q0hftvh0000gp/T/anonymous6370482642699408553webdriver-profile/extensions/fxdriver@googlecode.com/components/command_processor.js:396)
... Removed 28 stack frames]]>
    </failure>
  </testcase> <!-- @BeforeMethod getToStep1 -->
  <testcase name="@AfterMethod oneTimeTearDown" time="0.0" classname="com.puma.test.CheckoutEndToEnd">
    <skipped/>
  </testcase> <!-- @AfterMethod oneTimeTearDown -->
  <testcase name="@BeforeMethod getToStep1" time="0.0" classname="com.puma.test.CheckoutEndToEnd">
    <skipped/>
  </testcase> <!-- @BeforeMethod getToStep1 -->
  <testcase name="@AfterMethod oneTimeTearDown" time="0.0" classname="com.puma.test.CheckoutEndToEnd">
    <skipped/>
  </testcase> <!-- @AfterMethod oneTimeTearDown -->
  <testcase name="step1Fields" time="46.254" classname="com.puma.test.CheckoutEndToEnd">
    <failure type="org.openqa.selenium.NoSuchElementException" message="Unable to locate element: {&amp;quot;method&amp;quot;:&amp;quot;id&amp;quot;,&amp;quot;selector&amp;quot;:&amp;quot;cardholder&amp;quot;}
Command duration or timeout: 10.07 seconds
For documentation on this error, please visit: http://seleniumhq.org/exceptions/no_such_element.html
Build info: version: &amp;apos;2.38.0&amp;apos;, revision: &amp;apos;bd32d4e&amp;apos;, time: &amp;apos;2013-12-05 16:16:40&amp;apos;
System info: host: &amp;apos;localhost&amp;apos;, ip: &amp;apos;127.0.0.1&amp;apos;, os.name: &amp;apos;Mac OS X&amp;apos;, os.arch: &amp;apos;x86_64&amp;apos;, os.version: &amp;apos;10.7.5&amp;apos;, java.version: &amp;apos;1.7.0_25&amp;apos;
Session ID: bb58620f-557f-2d4d-b22e-49ab0fb0dfa9
Driver info: org.openqa.selenium.firefox.FirefoxDriver
Capabilities [{platform=MAC, acceptSslCerts=true, javascriptEnabled=true, cssSelectorsEnabled=true, databaseEnabled=true, browserName=firefox, handlesAlerts=true, browserConnectionEnabled=true, webStorageEnabled=true, nativeEvents=false, rotatable=false, locationContextEnabled=true, applicationCacheEnabled=false, takesScreenshot=true, version=26.0}]">
      <![CDATA[org.openqa.selenium.NoSuchElementException: Unable to locate element: {"method":"id","selector":"cardholder"}
Command duration or timeout: 10.07 seconds
For documentation on this error, please visit: http://seleniumhq.org/exceptions/no_such_element.html
Build info: version: '2.38.0', revision: 'bd32d4e', time: '2013-12-05 16:16:40'
System info: host: 'localhost', ip: '127.0.0.1', os.name: 'Mac OS X', os.arch: 'x86_64', os.version: '10.7.5', java.version: '1.7.0_25'
Session ID: bb58620f-557f-2d4d-b22e-49ab0fb0dfa9
Driver info: org.openqa.selenium.firefox.FirefoxDriver
Capabilities [{platform=MAC, acceptSslCerts=true, javascriptEnabled=true, cssSelectorsEnabled=true, databaseEnabled=true, browserName=firefox, handlesAlerts=true, browserConnectionEnabled=true, webStorageEnabled=true, nativeEvents=false, rotatable=false, locationContextEnabled=true, applicationCacheEnabled=false, takesScreenshot=true, version=26.0}]
	at org.openqa.selenium.remote.ErrorHandler.createThrowable(ErrorHandler.java:193)
	at org.openqa.selenium.remote.ErrorHandler.throwIfResponseFailed(ErrorHandler.java:145)
	at org.openqa.selenium.remote.RemoteWebDriver.execute(RemoteWebDriver.java:554)
	at org.openqa.selenium.remote.RemoteWebDriver.findElement(RemoteWebDriver.java:307)
	at org.openqa.selenium.remote.RemoteWebDriver.findElementById(RemoteWebDriver.java:348)
	at org.openqa.selenium.By$ById.findElement(By.java:220)
	at org.openqa.selenium.remote.RemoteWebDriver.findElement(RemoteWebDriver.java:299)
	at com.puma.util.PumaCommonMethods.submitWirecard(PumaCommonMethods.java:1000)
	at com.puma.test.CheckoutEndToEnd.step1Fields(CheckoutEndToEnd.java:224)
Caused by: org.openqa.selenium.remote.ErrorHandler$UnknownServerException: Unable to locate element: {"method":"id","selector":"cardholder"}
Build info: version: '2.38.0', revision: 'bd32d4e', time: '2013-12-05 16:16:40'
System info: host: 'localhost', ip: '127.0.0.1', os.name: 'Mac OS X', os.arch: 'x86_64', os.version: '10.7.5', java.version: '1.7.0_25'
Driver info: driver.version: unknown
	at <anonymous class>.FirefoxDriver.prototype.findElementInternal_(file:///var/folders/_2/pb85wgk175l660128q0hftvh0000gp/T/anonymous6190067003374117006webdriver-profile/extensions/fxdriver@googlecode.com/components/driver_component.js:8860)
	at <anonymous class>.fxdriver.Timer.prototype.setTimeout/<.notify(file:///var/folders/_2/pb85wgk175l660128q0hftvh0000gp/T/anonymous6190067003374117006webdriver-profile/extensions/fxdriver@googlecode.com/components/driver_component.js:396)
... Removed 27 stack frames]]>
    </failure>
  </testcase> <!-- step1Fields -->
  <testcase name="step1Fields" time="21.768" classname="com.puma.test.CheckoutEndToEnd">
    <failure type="org.openqa.selenium.NoSuchElementException" message="Unable to locate element: {&amp;quot;method&amp;quot;:&amp;quot;id&amp;quot;,&amp;quot;selector&amp;quot;:&amp;quot;is-WIRECARD_CREDIT_CARD&amp;quot;}
Command duration or timeout: 10.06 seconds
For documentation on this error, please visit: http://seleniumhq.org/exceptions/no_such_element.html
Build info: version: &amp;apos;2.38.0&amp;apos;, revision: &amp;apos;bd32d4e&amp;apos;, time: &amp;apos;2013-12-05 16:16:40&amp;apos;
System info: host: &amp;apos;localhost&amp;apos;, ip: &amp;apos;127.0.0.1&amp;apos;, os.name: &amp;apos;Mac OS X&amp;apos;, os.arch: &amp;apos;x86_64&amp;apos;, os.version: &amp;apos;10.7.5&amp;apos;, java.version: &amp;apos;1.7.0_25&amp;apos;
Session ID: 23aa744e-d541-6d48-a44e-70f21ae898b5
Driver info: org.openqa.selenium.firefox.FirefoxDriver
Capabilities [{platform=MAC, acceptSslCerts=true, javascriptEnabled=true, cssSelectorsEnabled=true, databaseEnabled=true, browserName=firefox, handlesAlerts=true, browserConnectionEnabled=true, webStorageEnabled=true, nativeEvents=false, rotatable=false, locationContextEnabled=true, applicationCacheEnabled=false, takesScreenshot=true, version=26.0}]">
      <![CDATA[org.openqa.selenium.NoSuchElementException: Unable to locate element: {"method":"id","selector":"is-WIRECARD_CREDIT_CARD"}
Command duration or timeout: 10.06 seconds
For documentation on this error, please visit: http://seleniumhq.org/exceptions/no_such_element.html
Build info: version: '2.38.0', revision: 'bd32d4e', time: '2013-12-05 16:16:40'
System info: host: 'localhost', ip: '127.0.0.1', os.name: 'Mac OS X', os.arch: 'x86_64', os.version: '10.7.5', java.version: '1.7.0_25'
Session ID: 23aa744e-d541-6d48-a44e-70f21ae898b5
Driver info: org.openqa.selenium.firefox.FirefoxDriver
Capabilities [{platform=MAC, acceptSslCerts=true, javascriptEnabled=true, cssSelectorsEnabled=true, databaseEnabled=true, browserName=firefox, handlesAlerts=true, browserConnectionEnabled=true, webStorageEnabled=true, nativeEvents=false, rotatable=false, locationContextEnabled=true, applicationCacheEnabled=false, takesScreenshot=true, version=26.0}]
	at org.openqa.selenium.remote.ErrorHandler.createThrowable(ErrorHandler.java:193)
	at org.openqa.selenium.remote.ErrorHandler.throwIfResponseFailed(ErrorHandler.java:145)
	at org.openqa.selenium.remote.RemoteWebDriver.execute(RemoteWebDriver.java:554)
	at org.openqa.selenium.remote.RemoteWebDriver.findElement(RemoteWebDriver.java:307)
	at org.openqa.selenium.remote.RemoteWebDriver.findElementById(RemoteWebDriver.java:348)
	at org.openqa.selenium.By$ById.findElement(By.java:220)
	at org.openqa.selenium.remote.RemoteWebDriver.findElement(RemoteWebDriver.java:299)
	at com.puma.util.PumaCommonMethods.submitStep2(PumaCommonMethods.java:932)
	at com.puma.test.CheckoutEndToEnd.step1Fields(CheckoutEndToEnd.java:220)
Caused by: org.openqa.selenium.remote.ErrorHandler$UnknownServerException: Unable to locate element: {"method":"id","selector":"is-WIRECARD_CREDIT_CARD"}
Build info: version: '2.38.0', revision: 'bd32d4e', time: '2013-12-05 16:16:40'
System info: host: 'localhost', ip: '127.0.0.1', os.name: 'Mac OS X', os.arch: 'x86_64', os.version: '10.7.5', java.version: '1.7.0_25'
Driver info: driver.version: unknown
	at <anonymous class>.FirefoxDriver.prototype.findElementInternal_(file:///var/folders/_2/pb85wgk175l660128q0hftvh0000gp/T/anonymous5690994426999197046webdriver-profile/extensions/fxdriver@googlecode.com/components/driver_component.js:8860)
	at <anonymous class>.fxdriver.Timer.prototype.setTimeout/<.notify(file:///var/folders/_2/pb85wgk175l660128q0hftvh0000gp/T/anonymous5690994426999197046webdriver-profile/extensions/fxdriver@googlecode.com/components/driver_component.js:396)
... Removed 27 stack frames]]>
    </failure>
  </testcase> <!-- step1Fields -->
  <testcase name="step1Fields" time="49.38" classname="com.puma.test.CheckoutEndToEnd">
    <failure type="org.openqa.selenium.NoSuchElementException" message="Unable to locate element: {&amp;quot;method&amp;quot;:&amp;quot;id&amp;quot;,&amp;quot;selector&amp;quot;:&amp;quot;cardholder&amp;quot;}
Command duration or timeout: 10.05 seconds
For documentation on this error, please visit: http://seleniumhq.org/exceptions/no_such_element.html
Build info: version: &amp;apos;2.38.0&amp;apos;, revision: &amp;apos;bd32d4e&amp;apos;, time: &amp;apos;2013-12-05 16:16:40&amp;apos;
System info: host: &amp;apos;localhost&amp;apos;, ip: &amp;apos;127.0.0.1&amp;apos;, os.name: &amp;apos;Mac OS X&amp;apos;, os.arch: &amp;apos;x86_64&amp;apos;, os.version: &amp;apos;10.7.5&amp;apos;, java.version: &amp;apos;1.7.0_25&amp;apos;
Session ID: a8385a45-eb50-a74b-b9f6-51dd170757cc
Driver info: org.openqa.selenium.firefox.FirefoxDriver
Capabilities [{platform=MAC, acceptSslCerts=true, javascriptEnabled=true, cssSelectorsEnabled=true, databaseEnabled=true, browserName=firefox, handlesAlerts=true, browserConnectionEnabled=true, webStorageEnabled=true, nativeEvents=false, rotatable=false, locationContextEnabled=true, applicationCacheEnabled=false, takesScreenshot=true, version=26.0}]">
      <![CDATA[org.openqa.selenium.NoSuchElementException: Unable to locate element: {"method":"id","selector":"cardholder"}
Command duration or timeout: 10.05 seconds
For documentation on this error, please visit: http://seleniumhq.org/exceptions/no_such_element.html
Build info: version: '2.38.0', revision: 'bd32d4e', time: '2013-12-05 16:16:40'
System info: host: 'localhost', ip: '127.0.0.1', os.name: 'Mac OS X', os.arch: 'x86_64', os.version: '10.7.5', java.version: '1.7.0_25'
Session ID: a8385a45-eb50-a74b-b9f6-51dd170757cc
Driver info: org.openqa.selenium.firefox.FirefoxDriver
Capabilities [{platform=MAC, acceptSslCerts=true, javascriptEnabled=true, cssSelectorsEnabled=true, databaseEnabled=true, browserName=firefox, handlesAlerts=true, browserConnectionEnabled=true, webStorageEnabled=true, nativeEvents=false, rotatable=false, locationContextEnabled=true, applicationCacheEnabled=false, takesScreenshot=true, version=26.0}]
	at org.openqa.selenium.remote.ErrorHandler.createThrowable(ErrorHandler.java:193)
	at org.openqa.selenium.remote.ErrorHandler.throwIfResponseFailed(ErrorHandler.java:145)
	at org.openqa.selenium.remote.RemoteWebDriver.execute(RemoteWebDriver.java:554)
	at org.openqa.selenium.remote.RemoteWebDriver.findElement(RemoteWebDriver.java:307)
	at org.openqa.selenium.remote.RemoteWebDriver.findElementById(RemoteWebDriver.java:348)
	at org.openqa.selenium.By$ById.findElement(By.java:220)
	at org.openqa.selenium.remote.RemoteWebDriver.findElement(RemoteWebDriver.java:299)
	at com.puma.util.PumaCommonMethods.submitWirecard(PumaCommonMethods.java:1000)
	at com.puma.test.CheckoutEndToEnd.step1Fields(CheckoutEndToEnd.java:224)
Caused by: org.openqa.selenium.remote.ErrorHandler$UnknownServerException: Unable to locate element: {"method":"id","selector":"cardholder"}
Build info: version: '2.38.0', revision: 'bd32d4e', time: '2013-12-05 16:16:40'
System info: host: 'localhost', ip: '127.0.0.1', os.name: 'Mac OS X', os.arch: 'x86_64', os.version: '10.7.5', java.version: '1.7.0_25'
Driver info: driver.version: unknown
	at <anonymous class>.FirefoxDriver.prototype.findElementInternal_(file:///var/folders/_2/pb85wgk175l660128q0hftvh0000gp/T/anonymous7421026398371217388webdriver-profile/extensions/fxdriver@googlecode.com/components/driver_component.js:8860)
	at <anonymous class>.fxdriver.Timer.prototype.setTimeout/<.notify(file:///var/folders/_2/pb85wgk175l660128q0hftvh0000gp/T/anonymous7421026398371217388webdriver-profile/extensions/fxdriver@googlecode.com/components/driver_component.js:396)
... Removed 27 stack frames]]>
    </failure>
  </testcase> <!-- step1Fields -->
  <testcase name="step1Fields" time="21.673" classname="com.puma.test.CheckoutEndToEnd">
    <failure type="org.openqa.selenium.NoSuchElementException" message="Unable to locate element: {&amp;quot;method&amp;quot;:&amp;quot;id&amp;quot;,&amp;quot;selector&amp;quot;:&amp;quot;is-WIRECARD_CREDIT_CARD&amp;quot;}
Command duration or timeout: 10.08 seconds
For documentation on this error, please visit: http://seleniumhq.org/exceptions/no_such_element.html
Build info: version: &amp;apos;2.38.0&amp;apos;, revision: &amp;apos;bd32d4e&amp;apos;, time: &amp;apos;2013-12-05 16:16:40&amp;apos;
System info: host: &amp;apos;localhost&amp;apos;, ip: &amp;apos;127.0.0.1&amp;apos;, os.name: &amp;apos;Mac OS X&amp;apos;, os.arch: &amp;apos;x86_64&amp;apos;, os.version: &amp;apos;10.7.5&amp;apos;, java.version: &amp;apos;1.7.0_25&amp;apos;
Session ID: 6baf5957-6a60-394c-ba84-4ed008a6aee8
Driver info: org.openqa.selenium.firefox.FirefoxDriver
Capabilities [{platform=MAC, acceptSslCerts=true, javascriptEnabled=true, cssSelectorsEnabled=true, databaseEnabled=true, browserName=firefox, handlesAlerts=true, browserConnectionEnabled=true, webStorageEnabled=true, nativeEvents=false, rotatable=false, locationContextEnabled=true, applicationCacheEnabled=false, takesScreenshot=true, version=26.0}]">
      <![CDATA[org.openqa.selenium.NoSuchElementException: Unable to locate element: {"method":"id","selector":"is-WIRECARD_CREDIT_CARD"}
Command duration or timeout: 10.08 seconds
For documentation on this error, please visit: http://seleniumhq.org/exceptions/no_such_element.html
Build info: version: '2.38.0', revision: 'bd32d4e', time: '2013-12-05 16:16:40'
System info: host: 'localhost', ip: '127.0.0.1', os.name: 'Mac OS X', os.arch: 'x86_64', os.version: '10.7.5', java.version: '1.7.0_25'
Session ID: 6baf5957-6a60-394c-ba84-4ed008a6aee8
Driver info: org.openqa.selenium.firefox.FirefoxDriver
Capabilities [{platform=MAC, acceptSslCerts=true, javascriptEnabled=true, cssSelectorsEnabled=true, databaseEnabled=true, browserName=firefox, handlesAlerts=true, browserConnectionEnabled=true, webStorageEnabled=true, nativeEvents=false, rotatable=false, locationContextEnabled=true, applicationCacheEnabled=false, takesScreenshot=true, version=26.0}]
	at org.openqa.selenium.remote.ErrorHandler.createThrowable(ErrorHandler.java:193)
	at org.openqa.selenium.remote.ErrorHandler.throwIfResponseFailed(ErrorHandler.java:145)
	at org.openqa.selenium.remote.RemoteWebDriver.execute(RemoteWebDriver.java:554)
	at org.openqa.selenium.remote.RemoteWebDriver.findElement(RemoteWebDriver.java:307)
	at org.openqa.selenium.remote.RemoteWebDriver.findElementById(RemoteWebDriver.java:348)
	at org.openqa.selenium.By$ById.findElement(By.java:220)
	at org.openqa.selenium.remote.RemoteWebDriver.findElement(RemoteWebDriver.java:299)
	at com.puma.util.PumaCommonMethods.submitStep2(PumaCommonMethods.java:932)
	at com.puma.test.CheckoutEndToEnd.step1Fields(CheckoutEndToEnd.java:220)
Caused by: org.openqa.selenium.remote.ErrorHandler$UnknownServerException: Unable to locate element: {"method":"id","selector":"is-WIRECARD_CREDIT_CARD"}
Build info: version: '2.38.0', revision: 'bd32d4e', time: '2013-12-05 16:16:40'
System info: host: 'localhost', ip: '127.0.0.1', os.name: 'Mac OS X', os.arch: 'x86_64', os.version: '10.7.5', java.version: '1.7.0_25'
Driver info: driver.version: unknown
	at <anonymous class>.FirefoxDriver.prototype.findElementInternal_(file:///var/folders/_2/pb85wgk175l660128q0hftvh0000gp/T/anonymous1295553325907409883webdriver-profile/extensions/fxdriver@googlecode.com/components/driver_component.js:8860)
	at <anonymous class>.fxdriver.Timer.prototype.setTimeout/<.notify(file:///var/folders/_2/pb85wgk175l660128q0hftvh0000gp/T/anonymous1295553325907409883webdriver-profile/extensions/fxdriver@googlecode.com/components/driver_component.js:396)
... Removed 27 stack frames]]>
    </failure>
  </testcase> <!-- step1Fields -->
  <testcase name="step1Fields" time="21.725" classname="com.puma.test.CheckoutEndToEnd">
    <failure type="org.openqa.selenium.NoSuchElementException" message="Unable to locate element: {&amp;quot;method&amp;quot;:&amp;quot;id&amp;quot;,&amp;quot;selector&amp;quot;:&amp;quot;is-WIRECARD_CREDIT_CARD&amp;quot;}
Command duration or timeout: 10.02 seconds
For documentation on this error, please visit: http://seleniumhq.org/exceptions/no_such_element.html
Build info: version: &amp;apos;2.38.0&amp;apos;, revision: &amp;apos;bd32d4e&amp;apos;, time: &amp;apos;2013-12-05 16:16:40&amp;apos;
System info: host: &amp;apos;localhost&amp;apos;, ip: &amp;apos;127.0.0.1&amp;apos;, os.name: &amp;apos;Mac OS X&amp;apos;, os.arch: &amp;apos;x86_64&amp;apos;, os.version: &amp;apos;10.7.5&amp;apos;, java.version: &amp;apos;1.7.0_25&amp;apos;
Session ID: 78173dd6-cafb-7345-adb6-281faa222506
Driver info: org.openqa.selenium.firefox.FirefoxDriver
Capabilities [{platform=MAC, acceptSslCerts=true, javascriptEnabled=true, cssSelectorsEnabled=true, databaseEnabled=true, browserName=firefox, handlesAlerts=true, browserConnectionEnabled=true, webStorageEnabled=true, nativeEvents=false, rotatable=false, locationContextEnabled=true, applicationCacheEnabled=false, takesScreenshot=true, version=26.0}]">
      <![CDATA[org.openqa.selenium.NoSuchElementException: Unable to locate element: {"method":"id","selector":"is-WIRECARD_CREDIT_CARD"}
Command duration or timeout: 10.02 seconds
For documentation on this error, please visit: http://seleniumhq.org/exceptions/no_such_element.html
Build info: version: '2.38.0', revision: 'bd32d4e', time: '2013-12-05 16:16:40'
System info: host: 'localhost', ip: '127.0.0.1', os.name: 'Mac OS X', os.arch: 'x86_64', os.version: '10.7.5', java.version: '1.7.0_25'
Session ID: 78173dd6-cafb-7345-adb6-281faa222506
Driver info: org.openqa.selenium.firefox.FirefoxDriver
Capabilities [{platform=MAC, acceptSslCerts=true, javascriptEnabled=true, cssSelectorsEnabled=true, databaseEnabled=true, browserName=firefox, handlesAlerts=true, browserConnectionEnabled=true, webStorageEnabled=true, nativeEvents=false, rotatable=false, locationContextEnabled=true, applicationCacheEnabled=false, takesScreenshot=true, version=26.0}]
	at org.openqa.selenium.remote.ErrorHandler.createThrowable(ErrorHandler.java:193)
	at org.openqa.selenium.remote.ErrorHandler.throwIfResponseFailed(ErrorHandler.java:145)
	at org.openqa.selenium.remote.RemoteWebDriver.execute(RemoteWebDriver.java:554)
	at org.openqa.selenium.remote.RemoteWebDriver.findElement(RemoteWebDriver.java:307)
	at org.openqa.selenium.remote.RemoteWebDriver.findElementById(RemoteWebDriver.java:348)
	at org.openqa.selenium.By$ById.findElement(By.java:220)
	at org.openqa.selenium.remote.RemoteWebDriver.findElement(RemoteWebDriver.java:299)
	at com.puma.util.PumaCommonMethods.submitStep2(PumaCommonMethods.java:932)
	at com.puma.test.CheckoutEndToEnd.step1Fields(CheckoutEndToEnd.java:220)
Caused by: org.openqa.selenium.remote.ErrorHandler$UnknownServerException: Unable to locate element: {"method":"id","selector":"is-WIRECARD_CREDIT_CARD"}
Build info: version: '2.38.0', revision: 'bd32d4e', time: '2013-12-05 16:16:40'
System info: host: 'localhost', ip: '127.0.0.1', os.name: 'Mac OS X', os.arch: 'x86_64', os.version: '10.7.5', java.version: '1.7.0_25'
Driver info: driver.version: unknown
	at <anonymous class>.FirefoxDriver.prototype.findElementInternal_(file:///var/folders/_2/pb85wgk175l660128q0hftvh0000gp/T/anonymous7935099275889971187webdriver-profile/extensions/fxdriver@googlecode.com/components/driver_component.js:8860)
	at <anonymous class>.fxdriver.Timer.prototype.setTimeout/<.notify(file:///var/folders/_2/pb85wgk175l660128q0hftvh0000gp/T/anonymous7935099275889971187webdriver-profile/extensions/fxdriver@googlecode.com/components/driver_component.js:396)
... Removed 27 stack frames]]>
    </failure>
  </testcase> <!-- step1Fields -->
  <testcase name="step1Fields" time="21.879" classname="com.puma.test.CheckoutEndToEnd">
    <failure type="org.openqa.selenium.NoSuchElementException" message="Unable to locate element: {&amp;quot;method&amp;quot;:&amp;quot;id&amp;quot;,&amp;quot;selector&amp;quot;:&amp;quot;is-WIRECARD_CREDIT_CARD&amp;quot;}
Command duration or timeout: 10.05 seconds
For documentation on this error, please visit: http://seleniumhq.org/exceptions/no_such_element.html
Build info: version: &amp;apos;2.38.0&amp;apos;, revision: &amp;apos;bd32d4e&amp;apos;, time: &amp;apos;2013-12-05 16:16:40&amp;apos;
System info: host: &amp;apos;localhost&amp;apos;, ip: &amp;apos;127.0.0.1&amp;apos;, os.name: &amp;apos;Mac OS X&amp;apos;, os.arch: &amp;apos;x86_64&amp;apos;, os.version: &amp;apos;10.7.5&amp;apos;, java.version: &amp;apos;1.7.0_25&amp;apos;
Session ID: 54b9b2e2-bd6f-964d-a092-adac298c275f
Driver info: org.openqa.selenium.firefox.FirefoxDriver
Capabilities [{platform=MAC, acceptSslCerts=true, javascriptEnabled=true, cssSelectorsEnabled=true, databaseEnabled=true, browserName=firefox, handlesAlerts=true, browserConnectionEnabled=true, webStorageEnabled=true, nativeEvents=false, rotatable=false, locationContextEnabled=true, applicationCacheEnabled=false, takesScreenshot=true, version=26.0}]">
      <![CDATA[org.openqa.selenium.NoSuchElementException: Unable to locate element: {"method":"id","selector":"is-WIRECARD_CREDIT_CARD"}
Command duration or timeout: 10.05 seconds
For documentation on this error, please visit: http://seleniumhq.org/exceptions/no_such_element.html
Build info: version: '2.38.0', revision: 'bd32d4e', time: '2013-12-05 16:16:40'
System info: host: 'localhost', ip: '127.0.0.1', os.name: 'Mac OS X', os.arch: 'x86_64', os.version: '10.7.5', java.version: '1.7.0_25'
Session ID: 54b9b2e2-bd6f-964d-a092-adac298c275f
Driver info: org.openqa.selenium.firefox.FirefoxDriver
Capabilities [{platform=MAC, acceptSslCerts=true, javascriptEnabled=true, cssSelectorsEnabled=true, databaseEnabled=true, browserName=firefox, handlesAlerts=true, browserConnectionEnabled=true, webStorageEnabled=true, nativeEvents=false, rotatable=false, locationContextEnabled=true, applicationCacheEnabled=false, takesScreenshot=true, version=26.0}]
	at org.openqa.selenium.remote.ErrorHandler.createThrowable(ErrorHandler.java:193)
	at org.openqa.selenium.remote.ErrorHandler.throwIfResponseFailed(ErrorHandler.java:145)
	at org.openqa.selenium.remote.RemoteWebDriver.execute(RemoteWebDriver.java:554)
	at org.openqa.selenium.remote.RemoteWebDriver.findElement(RemoteWebDriver.java:307)
	at org.openqa.selenium.remote.RemoteWebDriver.findElementById(RemoteWebDriver.java:348)
	at org.openqa.selenium.By$ById.findElement(By.java:220)
	at org.openqa.selenium.remote.RemoteWebDriver.findElement(RemoteWebDriver.java:299)
	at com.puma.util.PumaCommonMethods.submitStep2(PumaCommonMethods.java:932)
	at com.puma.test.CheckoutEndToEnd.step1Fields(CheckoutEndToEnd.java:220)
Caused by: org.openqa.selenium.remote.ErrorHandler$UnknownServerException: Unable to locate element: {"method":"id","selector":"is-WIRECARD_CREDIT_CARD"}
Build info: version: '2.38.0', revision: 'bd32d4e', time: '2013-12-05 16:16:40'
System info: host: 'localhost', ip: '127.0.0.1', os.name: 'Mac OS X', os.arch: 'x86_64', os.version: '10.7.5', java.version: '1.7.0_25'
Driver info: driver.version: unknown
	at <anonymous class>.FirefoxDriver.prototype.findElementInternal_(file:///var/folders/_2/pb85wgk175l660128q0hftvh0000gp/T/anonymous2512965353557351766webdriver-profile/extensions/fxdriver@googlecode.com/components/driver_component.js:8860)
	at <anonymous class>.fxdriver.Timer.prototype.setTimeout/<.notify(file:///var/folders/_2/pb85wgk175l660128q0hftvh0000gp/T/anonymous2512965353557351766webdriver-profile/extensions/fxdriver@googlecode.com/components/driver_component.js:396)
... Removed 27 stack frames]]>
    </failure>
  </testcase> <!-- step1Fields -->
  <testcase name="step1Fields" time="22.154" classname="com.puma.test.CheckoutEndToEnd">
    <failure type="org.openqa.selenium.NoSuchElementException" message="Unable to locate element: {&amp;quot;method&amp;quot;:&amp;quot;id&amp;quot;,&amp;quot;selector&amp;quot;:&amp;quot;is-WIRECARD_CREDIT_CARD&amp;quot;}
Command duration or timeout: 10.06 seconds
For documentation on this error, please visit: http://seleniumhq.org/exceptions/no_such_element.html
Build info: version: &amp;apos;2.38.0&amp;apos;, revision: &amp;apos;bd32d4e&amp;apos;, time: &amp;apos;2013-12-05 16:16:40&amp;apos;
System info: host: &amp;apos;localhost&amp;apos;, ip: &amp;apos;127.0.0.1&amp;apos;, os.name: &amp;apos;Mac OS X&amp;apos;, os.arch: &amp;apos;x86_64&amp;apos;, os.version: &amp;apos;10.7.5&amp;apos;, java.version: &amp;apos;1.7.0_25&amp;apos;
Session ID: d9cfd5fb-7cd9-3e4d-a6ac-d447ae7511b6
Driver info: org.openqa.selenium.firefox.FirefoxDriver
Capabilities [{platform=MAC, acceptSslCerts=true, javascriptEnabled=true, cssSelectorsEnabled=true, databaseEnabled=true, browserName=firefox, handlesAlerts=true, browserConnectionEnabled=true, webStorageEnabled=true, nativeEvents=false, rotatable=false, locationContextEnabled=true, applicationCacheEnabled=false, takesScreenshot=true, version=26.0}]">
      <![CDATA[org.openqa.selenium.NoSuchElementException: Unable to locate element: {"method":"id","selector":"is-WIRECARD_CREDIT_CARD"}
Command duration or timeout: 10.06 seconds
For documentation on this error, please visit: http://seleniumhq.org/exceptions/no_such_element.html
Build info: version: '2.38.0', revision: 'bd32d4e', time: '2013-12-05 16:16:40'
System info: host: 'localhost', ip: '127.0.0.1', os.name: 'Mac OS X', os.arch: 'x86_64', os.version: '10.7.5', java.version: '1.7.0_25'
Session ID: d9cfd5fb-7cd9-3e4d-a6ac-d447ae7511b6
Driver info: org.openqa.selenium.firefox.FirefoxDriver
Capabilities [{platform=MAC, acceptSslCerts=true, javascriptEnabled=true, cssSelectorsEnabled=true, databaseEnabled=true, browserName=firefox, handlesAlerts=true, browserConnectionEnabled=true, webStorageEnabled=true, nativeEvents=false, rotatable=false, locationContextEnabled=true, applicationCacheEnabled=false, takesScreenshot=true, version=26.0}]
	at org.openqa.selenium.remote.ErrorHandler.createThrowable(ErrorHandler.java:193)
	at org.openqa.selenium.remote.ErrorHandler.throwIfResponseFailed(ErrorHandler.java:145)
	at org.openqa.selenium.remote.RemoteWebDriver.execute(RemoteWebDriver.java:554)
	at org.openqa.selenium.remote.RemoteWebDriver.findElement(RemoteWebDriver.java:307)
	at org.openqa.selenium.remote.RemoteWebDriver.findElementById(RemoteWebDriver.java:348)
	at org.openqa.selenium.By$ById.findElement(By.java:220)
	at org.openqa.selenium.remote.RemoteWebDriver.findElement(RemoteWebDriver.java:299)
	at com.puma.util.PumaCommonMethods.submitStep2(PumaCommonMethods.java:932)
	at com.puma.test.CheckoutEndToEnd.step1Fields(CheckoutEndToEnd.java:220)
Caused by: org.openqa.selenium.remote.ErrorHandler$UnknownServerException: Unable to locate element: {"method":"id","selector":"is-WIRECARD_CREDIT_CARD"}
Build info: version: '2.38.0', revision: 'bd32d4e', time: '2013-12-05 16:16:40'
System info: host: 'localhost', ip: '127.0.0.1', os.name: 'Mac OS X', os.arch: 'x86_64', os.version: '10.7.5', java.version: '1.7.0_25'
Driver info: driver.version: unknown
	at <anonymous class>.FirefoxDriver.prototype.findElementInternal_(file:///var/folders/_2/pb85wgk175l660128q0hftvh0000gp/T/anonymous2924472853213195716webdriver-profile/extensions/fxdriver@googlecode.com/components/driver_component.js:8860)
	at <anonymous class>.fxdriver.Timer.prototype.setTimeout/<.notify(file:///var/folders/_2/pb85wgk175l660128q0hftvh0000gp/T/anonymous2924472853213195716webdriver-profile/extensions/fxdriver@googlecode.com/components/driver_component.js:396)
... Removed 27 stack frames]]>
    </failure>
  </testcase> <!-- step1Fields -->
  <testcase name="step1Fields" time="21.818" classname="com.puma.test.CheckoutEndToEnd">
    <failure type="org.openqa.selenium.NoSuchElementException" message="Unable to locate element: {&amp;quot;method&amp;quot;:&amp;quot;id&amp;quot;,&amp;quot;selector&amp;quot;:&amp;quot;is-WIRECARD_CREDIT_CARD&amp;quot;}
Command duration or timeout: 10.03 seconds
For documentation on this error, please visit: http://seleniumhq.org/exceptions/no_such_element.html
Build info: version: &amp;apos;2.38.0&amp;apos;, revision: &amp;apos;bd32d4e&amp;apos;, time: &amp;apos;2013-12-05 16:16:40&amp;apos;
System info: host: &amp;apos;localhost&amp;apos;, ip: &amp;apos;127.0.0.1&amp;apos;, os.name: &amp;apos;Mac OS X&amp;apos;, os.arch: &amp;apos;x86_64&amp;apos;, os.version: &amp;apos;10.7.5&amp;apos;, java.version: &amp;apos;1.7.0_25&amp;apos;
Session ID: 028cfe44-a5e0-0849-a0e3-bf59d6d8a926
Driver info: org.openqa.selenium.firefox.FirefoxDriver
Capabilities [{platform=MAC, acceptSslCerts=true, javascriptEnabled=true, cssSelectorsEnabled=true, databaseEnabled=true, browserName=firefox, handlesAlerts=true, browserConnectionEnabled=true, webStorageEnabled=true, nativeEvents=false, rotatable=false, locationContextEnabled=true, applicationCacheEnabled=false, takesScreenshot=true, version=26.0}]">
      <![CDATA[org.openqa.selenium.NoSuchElementException: Unable to locate element: {"method":"id","selector":"is-WIRECARD_CREDIT_CARD"}
Command duration or timeout: 10.03 seconds
For documentation on this error, please visit: http://seleniumhq.org/exceptions/no_such_element.html
Build info: version: '2.38.0', revision: 'bd32d4e', time: '2013-12-05 16:16:40'
System info: host: 'localhost', ip: '127.0.0.1', os.name: 'Mac OS X', os.arch: 'x86_64', os.version: '10.7.5', java.version: '1.7.0_25'
Session ID: 028cfe44-a5e0-0849-a0e3-bf59d6d8a926
Driver info: org.openqa.selenium.firefox.FirefoxDriver
Capabilities [{platform=MAC, acceptSslCerts=true, javascriptEnabled=true, cssSelectorsEnabled=true, databaseEnabled=true, browserName=firefox, handlesAlerts=true, browserConnectionEnabled=true, webStorageEnabled=true, nativeEvents=false, rotatable=false, locationContextEnabled=true, applicationCacheEnabled=false, takesScreenshot=true, version=26.0}]
	at org.openqa.selenium.remote.ErrorHandler.createThrowable(ErrorHandler.java:193)
	at org.openqa.selenium.remote.ErrorHandler.throwIfResponseFailed(ErrorHandler.java:145)
	at org.openqa.selenium.remote.RemoteWebDriver.execute(RemoteWebDriver.java:554)
	at org.openqa.selenium.remote.RemoteWebDriver.findElement(RemoteWebDriver.java:307)
	at org.openqa.selenium.remote.RemoteWebDriver.findElementById(RemoteWebDriver.java:348)
	at org.openqa.selenium.By$ById.findElement(By.java:220)
	at org.openqa.selenium.remote.RemoteWebDriver.findElement(RemoteWebDriver.java:299)
	at com.puma.util.PumaCommonMethods.submitStep2(PumaCommonMethods.java:932)
	at com.puma.test.CheckoutEndToEnd.step1Fields(CheckoutEndToEnd.java:220)
Caused by: org.openqa.selenium.remote.ErrorHandler$UnknownServerException: Unable to locate element: {"method":"id","selector":"is-WIRECARD_CREDIT_CARD"}
Build info: version: '2.38.0', revision: 'bd32d4e', time: '2013-12-05 16:16:40'
System info: host: 'localhost', ip: '127.0.0.1', os.name: 'Mac OS X', os.arch: 'x86_64', os.version: '10.7.5', java.version: '1.7.0_25'
Driver info: driver.version: unknown
	at <anonymous class>.FirefoxDriver.prototype.findElementInternal_(file:///var/folders/_2/pb85wgk175l660128q0hftvh0000gp/T/anonymous4516431563372100362webdriver-profile/extensions/fxdriver@googlecode.com/components/driver_component.js:8860)
	at <anonymous class>.fxdriver.Timer.prototype.setTimeout/<.notify(file:///var/folders/_2/pb85wgk175l660128q0hftvh0000gp/T/anonymous4516431563372100362webdriver-profile/extensions/fxdriver@googlecode.com/components/driver_component.js:396)
... Removed 27 stack frames]]>
    </failure>
  </testcase> <!-- step1Fields -->
  <testcase name="step1Fields" time="21.759" classname="com.puma.test.CheckoutEndToEnd">
    <failure type="org.openqa.selenium.NoSuchElementException" message="Unable to locate element: {&amp;quot;method&amp;quot;:&amp;quot;id&amp;quot;,&amp;quot;selector&amp;quot;:&amp;quot;is-WIRECARD_CREDIT_CARD&amp;quot;}
Command duration or timeout: 10.04 seconds
For documentation on this error, please visit: http://seleniumhq.org/exceptions/no_such_element.html
Build info: version: &amp;apos;2.38.0&amp;apos;, revision: &amp;apos;bd32d4e&amp;apos;, time: &amp;apos;2013-12-05 16:16:40&amp;apos;
System info: host: &amp;apos;localhost&amp;apos;, ip: &amp;apos;127.0.0.1&amp;apos;, os.name: &amp;apos;Mac OS X&amp;apos;, os.arch: &amp;apos;x86_64&amp;apos;, os.version: &amp;apos;10.7.5&amp;apos;, java.version: &amp;apos;1.7.0_25&amp;apos;
Session ID: 44ef0b8f-c8d8-4946-8c57-ae40f5048065
Driver info: org.openqa.selenium.firefox.FirefoxDriver
Capabilities [{platform=MAC, acceptSslCerts=true, javascriptEnabled=true, cssSelectorsEnabled=true, databaseEnabled=true, browserName=firefox, handlesAlerts=true, browserConnectionEnabled=true, webStorageEnabled=true, nativeEvents=false, rotatable=false, locationContextEnabled=true, applicationCacheEnabled=false, takesScreenshot=true, version=26.0}]">
      <![CDATA[org.openqa.selenium.NoSuchElementException: Unable to locate element: {"method":"id","selector":"is-WIRECARD_CREDIT_CARD"}
Command duration or timeout: 10.04 seconds
For documentation on this error, please visit: http://seleniumhq.org/exceptions/no_such_element.html
Build info: version: '2.38.0', revision: 'bd32d4e', time: '2013-12-05 16:16:40'
System info: host: 'localhost', ip: '127.0.0.1', os.name: 'Mac OS X', os.arch: 'x86_64', os.version: '10.7.5', java.version: '1.7.0_25'
Session ID: 44ef0b8f-c8d8-4946-8c57-ae40f5048065
Driver info: org.openqa.selenium.firefox.FirefoxDriver
Capabilities [{platform=MAC, acceptSslCerts=true, javascriptEnabled=true, cssSelectorsEnabled=true, databaseEnabled=true, browserName=firefox, handlesAlerts=true, browserConnectionEnabled=true, webStorageEnabled=true, nativeEvents=false, rotatable=false, locationContextEnabled=true, applicationCacheEnabled=false, takesScreenshot=true, version=26.0}]
	at org.openqa.selenium.remote.ErrorHandler.createThrowable(ErrorHandler.java:193)
	at org.openqa.selenium.remote.ErrorHandler.throwIfResponseFailed(ErrorHandler.java:145)
	at org.openqa.selenium.remote.RemoteWebDriver.execute(RemoteWebDriver.java:554)
	at org.openqa.selenium.remote.RemoteWebDriver.findElement(RemoteWebDriver.java:307)
	at org.openqa.selenium.remote.RemoteWebDriver.findElementById(RemoteWebDriver.java:348)
	at org.openqa.selenium.By$ById.findElement(By.java:220)
	at org.openqa.selenium.remote.RemoteWebDriver.findElement(RemoteWebDriver.java:299)
	at com.puma.util.PumaCommonMethods.submitStep2(PumaCommonMethods.java:932)
	at com.puma.test.CheckoutEndToEnd.step1Fields(CheckoutEndToEnd.java:220)
Caused by: org.openqa.selenium.remote.ErrorHandler$UnknownServerException: Unable to locate element: {"method":"id","selector":"is-WIRECARD_CREDIT_CARD"}
Build info: version: '2.38.0', revision: 'bd32d4e', time: '2013-12-05 16:16:40'
System info: host: 'localhost', ip: '127.0.0.1', os.name: 'Mac OS X', os.arch: 'x86_64', os.version: '10.7.5', java.version: '1.7.0_25'
Driver info: driver.version: unknown
	at <anonymous class>.FirefoxDriver.prototype.findElementInternal_(file:///var/folders/_2/pb85wgk175l660128q0hftvh0000gp/T/anonymous3134392462659314839webdriver-profile/extensions/fxdriver@googlecode.com/components/driver_component.js:8860)
	at <anonymous class>.fxdriver.Timer.prototype.setTimeout/<.notify(file:///var/folders/_2/pb85wgk175l660128q0hftvh0000gp/T/anonymous3134392462659314839webdriver-profile/extensions/fxdriver@googlecode.com/components/driver_component.js:396)
... Removed 27 stack frames]]>
    </failure>
  </testcase> <!-- step1Fields -->
  <testcase name="step1Fields" time="21.837" classname="com.puma.test.CheckoutEndToEnd">
    <failure type="org.openqa.selenium.NoSuchElementException" message="Unable to locate element: {&amp;quot;method&amp;quot;:&amp;quot;id&amp;quot;,&amp;quot;selector&amp;quot;:&amp;quot;is-WIRECARD_CREDIT_CARD&amp;quot;}
Command duration or timeout: 10.06 seconds
For documentation on this error, please visit: http://seleniumhq.org/exceptions/no_such_element.html
Build info: version: &amp;apos;2.38.0&amp;apos;, revision: &amp;apos;bd32d4e&amp;apos;, time: &amp;apos;2013-12-05 16:16:40&amp;apos;
System info: host: &amp;apos;localhost&amp;apos;, ip: &amp;apos;127.0.0.1&amp;apos;, os.name: &amp;apos;Mac OS X&amp;apos;, os.arch: &amp;apos;x86_64&amp;apos;, os.version: &amp;apos;10.7.5&amp;apos;, java.version: &amp;apos;1.7.0_25&amp;apos;
Session ID: c482b576-3b04-2348-b47b-ab2a1653febd
Driver info: org.openqa.selenium.firefox.FirefoxDriver
Capabilities [{platform=MAC, acceptSslCerts=true, javascriptEnabled=true, cssSelectorsEnabled=true, databaseEnabled=true, browserName=firefox, handlesAlerts=true, browserConnectionEnabled=true, webStorageEnabled=true, nativeEvents=false, rotatable=false, locationContextEnabled=true, applicationCacheEnabled=false, takesScreenshot=true, version=26.0}]">
      <![CDATA[org.openqa.selenium.NoSuchElementException: Unable to locate element: {"method":"id","selector":"is-WIRECARD_CREDIT_CARD"}
Command duration or timeout: 10.06 seconds
For documentation on this error, please visit: http://seleniumhq.org/exceptions/no_such_element.html
Build info: version: '2.38.0', revision: 'bd32d4e', time: '2013-12-05 16:16:40'
System info: host: 'localhost', ip: '127.0.0.1', os.name: 'Mac OS X', os.arch: 'x86_64', os.version: '10.7.5', java.version: '1.7.0_25'
Session ID: c482b576-3b04-2348-b47b-ab2a1653febd
Driver info: org.openqa.selenium.firefox.FirefoxDriver
Capabilities [{platform=MAC, acceptSslCerts=true, javascriptEnabled=true, cssSelectorsEnabled=true, databaseEnabled=true, browserName=firefox, handlesAlerts=true, browserConnectionEnabled=true, webStorageEnabled=true, nativeEvents=false, rotatable=false, locationContextEnabled=true, applicationCacheEnabled=false, takesScreenshot=true, version=26.0}]
	at org.openqa.selenium.remote.ErrorHandler.createThrowable(ErrorHandler.java:193)
	at org.openqa.selenium.remote.ErrorHandler.throwIfResponseFailed(ErrorHandler.java:145)
	at org.openqa.selenium.remote.RemoteWebDriver.execute(RemoteWebDriver.java:554)
	at org.openqa.selenium.remote.RemoteWebDriver.findElement(RemoteWebDriver.java:307)
	at org.openqa.selenium.remote.RemoteWebDriver.findElementById(RemoteWebDriver.java:348)
	at org.openqa.selenium.By$ById.findElement(By.java:220)
	at org.openqa.selenium.remote.RemoteWebDriver.findElement(RemoteWebDriver.java:299)
	at com.puma.util.PumaCommonMethods.submitStep2(PumaCommonMethods.java:932)
	at com.puma.test.CheckoutEndToEnd.step1Fields(CheckoutEndToEnd.java:220)
Caused by: org.openqa.selenium.remote.ErrorHandler$UnknownServerException: Unable to locate element: {"method":"id","selector":"is-WIRECARD_CREDIT_CARD"}
Build info: version: '2.38.0', revision: 'bd32d4e', time: '2013-12-05 16:16:40'
System info: host: 'localhost', ip: '127.0.0.1', os.name: 'Mac OS X', os.arch: 'x86_64', os.version: '10.7.5', java.version: '1.7.0_25'
Driver info: driver.version: unknown
	at <anonymous class>.FirefoxDriver.prototype.findElementInternal_(file:///var/folders/_2/pb85wgk175l660128q0hftvh0000gp/T/anonymous1917496117557634909webdriver-profile/extensions/fxdriver@googlecode.com/components/driver_component.js:8860)
	at <anonymous class>.fxdriver.Timer.prototype.setTimeout/<.notify(file:///var/folders/_2/pb85wgk175l660128q0hftvh0000gp/T/anonymous1917496117557634909webdriver-profile/extensions/fxdriver@googlecode.com/components/driver_component.js:396)
... Removed 27 stack frames]]>
    </failure>
  </testcase> <!-- step1Fields -->
  <testcase name="step1Fields" time="21.831" classname="com.puma.test.CheckoutEndToEnd">
    <failure type="org.openqa.selenium.NoSuchElementException" message="Unable to locate element: {&amp;quot;method&amp;quot;:&amp;quot;id&amp;quot;,&amp;quot;selector&amp;quot;:&amp;quot;is-WIRECARD_CREDIT_CARD&amp;quot;}
Command duration or timeout: 10.11 seconds
For documentation on this error, please visit: http://seleniumhq.org/exceptions/no_such_element.html
Build info: version: &amp;apos;2.38.0&amp;apos;, revision: &amp;apos;bd32d4e&amp;apos;, time: &amp;apos;2013-12-05 16:16:40&amp;apos;
System info: host: &amp;apos;localhost&amp;apos;, ip: &amp;apos;127.0.0.1&amp;apos;, os.name: &amp;apos;Mac OS X&amp;apos;, os.arch: &amp;apos;x86_64&amp;apos;, os.version: &amp;apos;10.7.5&amp;apos;, java.version: &amp;apos;1.7.0_25&amp;apos;
Session ID: a4288b83-a776-154a-9dab-c64d48b2fd2f
Driver info: org.openqa.selenium.firefox.FirefoxDriver
Capabilities [{platform=MAC, acceptSslCerts=true, javascriptEnabled=true, cssSelectorsEnabled=true, databaseEnabled=true, browserName=firefox, handlesAlerts=true, browserConnectionEnabled=true, webStorageEnabled=true, nativeEvents=false, rotatable=false, locationContextEnabled=true, applicationCacheEnabled=false, takesScreenshot=true, version=26.0}]">
      <![CDATA[org.openqa.selenium.NoSuchElementException: Unable to locate element: {"method":"id","selector":"is-WIRECARD_CREDIT_CARD"}
Command duration or timeout: 10.11 seconds
For documentation on this error, please visit: http://seleniumhq.org/exceptions/no_such_element.html
Build info: version: '2.38.0', revision: 'bd32d4e', time: '2013-12-05 16:16:40'
System info: host: 'localhost', ip: '127.0.0.1', os.name: 'Mac OS X', os.arch: 'x86_64', os.version: '10.7.5', java.version: '1.7.0_25'
Session ID: a4288b83-a776-154a-9dab-c64d48b2fd2f
Driver info: org.openqa.selenium.firefox.FirefoxDriver
Capabilities [{platform=MAC, acceptSslCerts=true, javascriptEnabled=true, cssSelectorsEnabled=true, databaseEnabled=true, browserName=firefox, handlesAlerts=true, browserConnectionEnabled=true, webStorageEnabled=true, nativeEvents=false, rotatable=false, locationContextEnabled=true, applicationCacheEnabled=false, takesScreenshot=true, version=26.0}]
	at org.openqa.selenium.remote.ErrorHandler.createThrowable(ErrorHandler.java:193)
	at org.openqa.selenium.remote.ErrorHandler.throwIfResponseFailed(ErrorHandler.java:145)
	at org.openqa.selenium.remote.RemoteWebDriver.execute(RemoteWebDriver.java:554)
	at org.openqa.selenium.remote.RemoteWebDriver.findElement(RemoteWebDriver.java:307)
	at org.openqa.selenium.remote.RemoteWebDriver.findElementById(RemoteWebDriver.java:348)
	at org.openqa.selenium.By$ById.findElement(By.java:220)
	at org.openqa.selenium.remote.RemoteWebDriver.findElement(RemoteWebDriver.java:299)
	at com.puma.util.PumaCommonMethods.submitStep2(PumaCommonMethods.java:932)
	at com.puma.test.CheckoutEndToEnd.step1Fields(CheckoutEndToEnd.java:220)
Caused by: org.openqa.selenium.remote.ErrorHandler$UnknownServerException: Unable to locate element: {"method":"id","selector":"is-WIRECARD_CREDIT_CARD"}
Build info: version: '2.38.0', revision: 'bd32d4e', time: '2013-12-05 16:16:40'
System info: host: 'localhost', ip: '127.0.0.1', os.name: 'Mac OS X', os.arch: 'x86_64', os.version: '10.7.5', java.version: '1.7.0_25'
Driver info: driver.version: unknown
	at <anonymous class>.FirefoxDriver.prototype.findElementInternal_(file:///var/folders/_2/pb85wgk175l660128q0hftvh0000gp/T/anonymous3871205702438330880webdriver-profile/extensions/fxdriver@googlecode.com/components/driver_component.js:8860)
	at <anonymous class>.fxdriver.Timer.prototype.setTimeout/<.notify(file:///var/folders/_2/pb85wgk175l660128q0hftvh0000gp/T/anonymous3871205702438330880webdriver-profile/extensions/fxdriver@googlecode.com/components/driver_component.js:396)
... Removed 27 stack frames]]>
    </failure>
  </testcase> <!-- step1Fields -->
  <testcase name="step1Fields" time="21.599" classname="com.puma.test.CheckoutEndToEnd">
    <failure type="org.openqa.selenium.NoSuchElementException" message="Unable to locate element: {&amp;quot;method&amp;quot;:&amp;quot;id&amp;quot;,&amp;quot;selector&amp;quot;:&amp;quot;is-WIRECARD_CREDIT_CARD&amp;quot;}
Command duration or timeout: 10.02 seconds
For documentation on this error, please visit: http://seleniumhq.org/exceptions/no_such_element.html
Build info: version: &amp;apos;2.38.0&amp;apos;, revision: &amp;apos;bd32d4e&amp;apos;, time: &amp;apos;2013-12-05 16:16:40&amp;apos;
System info: host: &amp;apos;localhost&amp;apos;, ip: &amp;apos;127.0.0.1&amp;apos;, os.name: &amp;apos;Mac OS X&amp;apos;, os.arch: &amp;apos;x86_64&amp;apos;, os.version: &amp;apos;10.7.5&amp;apos;, java.version: &amp;apos;1.7.0_25&amp;apos;
Session ID: f79f3867-7cb1-d34e-b969-6f718e2ae238
Driver info: org.openqa.selenium.firefox.FirefoxDriver
Capabilities [{platform=MAC, acceptSslCerts=true, javascriptEnabled=true, cssSelectorsEnabled=true, databaseEnabled=true, browserName=firefox, handlesAlerts=true, browserConnectionEnabled=true, webStorageEnabled=true, nativeEvents=false, rotatable=false, locationContextEnabled=true, applicationCacheEnabled=false, takesScreenshot=true, version=26.0}]">
      <![CDATA[org.openqa.selenium.NoSuchElementException: Unable to locate element: {"method":"id","selector":"is-WIRECARD_CREDIT_CARD"}
Command duration or timeout: 10.02 seconds
For documentation on this error, please visit: http://seleniumhq.org/exceptions/no_such_element.html
Build info: version: '2.38.0', revision: 'bd32d4e', time: '2013-12-05 16:16:40'
System info: host: 'localhost', ip: '127.0.0.1', os.name: 'Mac OS X', os.arch: 'x86_64', os.version: '10.7.5', java.version: '1.7.0_25'
Session ID: f79f3867-7cb1-d34e-b969-6f718e2ae238
Driver info: org.openqa.selenium.firefox.FirefoxDriver
Capabilities [{platform=MAC, acceptSslCerts=true, javascriptEnabled=true, cssSelectorsEnabled=true, databaseEnabled=true, browserName=firefox, handlesAlerts=true, browserConnectionEnabled=true, webStorageEnabled=true, nativeEvents=false, rotatable=false, locationContextEnabled=true, applicationCacheEnabled=false, takesScreenshot=true, version=26.0}]
	at org.openqa.selenium.remote.ErrorHandler.createThrowable(ErrorHandler.java:193)
	at org.openqa.selenium.remote.ErrorHandler.throwIfResponseFailed(ErrorHandler.java:145)
	at org.openqa.selenium.remote.RemoteWebDriver.execute(RemoteWebDriver.java:554)
	at org.openqa.selenium.remote.RemoteWebDriver.findElement(RemoteWebDriver.java:307)
	at org.openqa.selenium.remote.RemoteWebDriver.findElementById(RemoteWebDriver.java:348)
	at org.openqa.selenium.By$ById.findElement(By.java:220)
	at org.openqa.selenium.remote.RemoteWebDriver.findElement(RemoteWebDriver.java:299)
	at com.puma.util.PumaCommonMethods.submitStep2(PumaCommonMethods.java:932)
	at com.puma.test.CheckoutEndToEnd.step1Fields(CheckoutEndToEnd.java:220)
Caused by: org.openqa.selenium.remote.ErrorHandler$UnknownServerException: Unable to locate element: {"method":"id","selector":"is-WIRECARD_CREDIT_CARD"}
Build info: version: '2.38.0', revision: 'bd32d4e', time: '2013-12-05 16:16:40'
System info: host: 'localhost', ip: '127.0.0.1', os.name: 'Mac OS X', os.arch: 'x86_64', os.version: '10.7.5', java.version: '1.7.0_25'
Driver info: driver.version: unknown
	at <anonymous class>.FirefoxDriver.prototype.findElementInternal_(file:///var/folders/_2/pb85wgk175l660128q0hftvh0000gp/T/anonymous5016254362509998490webdriver-profile/extensions/fxdriver@googlecode.com/components/driver_component.js:8860)
	at <anonymous class>.fxdriver.Timer.prototype.setTimeout/<.notify(file:///var/folders/_2/pb85wgk175l660128q0hftvh0000gp/T/anonymous5016254362509998490webdriver-profile/extensions/fxdriver@googlecode.com/components/driver_component.js:396)
... Removed 27 stack frames]]>
    </failure>
  </testcase> <!-- step1Fields -->
  <testcase name="step1Fields" time="21.796" classname="com.puma.test.CheckoutEndToEnd">
    <failure type="org.openqa.selenium.NoSuchElementException" message="Unable to locate element: {&amp;quot;method&amp;quot;:&amp;quot;id&amp;quot;,&amp;quot;selector&amp;quot;:&amp;quot;is-WIRECARD_CREDIT_CARD&amp;quot;}
Command duration or timeout: 10.03 seconds
For documentation on this error, please visit: http://seleniumhq.org/exceptions/no_such_element.html
Build info: version: &amp;apos;2.38.0&amp;apos;, revision: &amp;apos;bd32d4e&amp;apos;, time: &amp;apos;2013-12-05 16:16:40&amp;apos;
System info: host: &amp;apos;localhost&amp;apos;, ip: &amp;apos;127.0.0.1&amp;apos;, os.name: &amp;apos;Mac OS X&amp;apos;, os.arch: &amp;apos;x86_64&amp;apos;, os.version: &amp;apos;10.7.5&amp;apos;, java.version: &amp;apos;1.7.0_25&amp;apos;
Session ID: ca9d6c4a-a733-774a-a785-bc5c641f3bba
Driver info: org.openqa.selenium.firefox.FirefoxDriver
Capabilities [{platform=MAC, acceptSslCerts=true, javascriptEnabled=true, cssSelectorsEnabled=true, databaseEnabled=true, browserName=firefox, handlesAlerts=true, browserConnectionEnabled=true, webStorageEnabled=true, nativeEvents=false, rotatable=false, locationContextEnabled=true, applicationCacheEnabled=false, takesScreenshot=true, version=26.0}]">
      <![CDATA[org.openqa.selenium.NoSuchElementException: Unable to locate element: {"method":"id","selector":"is-WIRECARD_CREDIT_CARD"}
Command duration or timeout: 10.03 seconds
For documentation on this error, please visit: http://seleniumhq.org/exceptions/no_such_element.html
Build info: version: '2.38.0', revision: 'bd32d4e', time: '2013-12-05 16:16:40'
System info: host: 'localhost', ip: '127.0.0.1', os.name: 'Mac OS X', os.arch: 'x86_64', os.version: '10.7.5', java.version: '1.7.0_25'
Session ID: ca9d6c4a-a733-774a-a785-bc5c641f3bba
Driver info: org.openqa.selenium.firefox.FirefoxDriver
Capabilities [{platform=MAC, acceptSslCerts=true, javascriptEnabled=true, cssSelectorsEnabled=true, databaseEnabled=true, browserName=firefox, handlesAlerts=true, browserConnectionEnabled=true, webStorageEnabled=true, nativeEvents=false, rotatable=false, locationContextEnabled=true, applicationCacheEnabled=false, takesScreenshot=true, version=26.0}]
	at org.openqa.selenium.remote.ErrorHandler.createThrowable(ErrorHandler.java:193)
	at org.openqa.selenium.remote.ErrorHandler.throwIfResponseFailed(ErrorHandler.java:145)
	at org.openqa.selenium.remote.RemoteWebDriver.execute(RemoteWebDriver.java:554)
	at org.openqa.selenium.remote.RemoteWebDriver.findElement(RemoteWebDriver.java:307)
	at org.openqa.selenium.remote.RemoteWebDriver.findElementById(RemoteWebDriver.java:348)
	at org.openqa.selenium.By$ById.findElement(By.java:220)
	at org.openqa.selenium.remote.RemoteWebDriver.findElement(RemoteWebDriver.java:299)
	at com.puma.util.PumaCommonMethods.submitStep2(PumaCommonMethods.java:932)
	at com.puma.test.CheckoutEndToEnd.step1Fields(CheckoutEndToEnd.java:220)
Caused by: org.openqa.selenium.remote.ErrorHandler$UnknownServerException: Unable to locate element: {"method":"id","selector":"is-WIRECARD_CREDIT_CARD"}
Build info: version: '2.38.0', revision: 'bd32d4e', time: '2013-12-05 16:16:40'
System info: host: 'localhost', ip: '127.0.0.1', os.name: 'Mac OS X', os.arch: 'x86_64', os.version: '10.7.5', java.version: '1.7.0_25'
Driver info: driver.version: unknown
	at <anonymous class>.FirefoxDriver.prototype.findElementInternal_(file:///var/folders/_2/pb85wgk175l660128q0hftvh0000gp/T/anonymous8135069973857349579webdriver-profile/extensions/fxdriver@googlecode.com/components/driver_component.js:8860)
	at <anonymous class>.fxdriver.Timer.prototype.setTimeout/<.notify(file:///var/folders/_2/pb85wgk175l660128q0hftvh0000gp/T/anonymous8135069973857349579webdriver-profile/extensions/fxdriver@googlecode.com/components/driver_component.js:396)
... Removed 27 stack frames]]>
    </failure>
  </testcase> <!-- step1Fields -->
  <testcase name="step1Fields" time="21.876" classname="com.puma.test.CheckoutEndToEnd">
    <failure type="org.openqa.selenium.NoSuchElementException" message="Unable to locate element: {&amp;quot;method&amp;quot;:&amp;quot;id&amp;quot;,&amp;quot;selector&amp;quot;:&amp;quot;is-WIRECARD_CREDIT_CARD&amp;quot;}
Command duration or timeout: 10.03 seconds
For documentation on this error, please visit: http://seleniumhq.org/exceptions/no_such_element.html
Build info: version: &amp;apos;2.38.0&amp;apos;, revision: &amp;apos;bd32d4e&amp;apos;, time: &amp;apos;2013-12-05 16:16:40&amp;apos;
System info: host: &amp;apos;localhost&amp;apos;, ip: &amp;apos;127.0.0.1&amp;apos;, os.name: &amp;apos;Mac OS X&amp;apos;, os.arch: &amp;apos;x86_64&amp;apos;, os.version: &amp;apos;10.7.5&amp;apos;, java.version: &amp;apos;1.7.0_25&amp;apos;
Session ID: 4b813a54-b69b-6f4c-8db6-c6869b0bdb48
Driver info: org.openqa.selenium.firefox.FirefoxDriver
Capabilities [{platform=MAC, acceptSslCerts=true, javascriptEnabled=true, cssSelectorsEnabled=true, databaseEnabled=true, browserName=firefox, handlesAlerts=true, browserConnectionEnabled=true, webStorageEnabled=true, nativeEvents=false, rotatable=false, locationContextEnabled=true, applicationCacheEnabled=false, takesScreenshot=true, version=26.0}]">
      <![CDATA[org.openqa.selenium.NoSuchElementException: Unable to locate element: {"method":"id","selector":"is-WIRECARD_CREDIT_CARD"}
Command duration or timeout: 10.03 seconds
For documentation on this error, please visit: http://seleniumhq.org/exceptions/no_such_element.html
Build info: version: '2.38.0', revision: 'bd32d4e', time: '2013-12-05 16:16:40'
System info: host: 'localhost', ip: '127.0.0.1', os.name: 'Mac OS X', os.arch: 'x86_64', os.version: '10.7.5', java.version: '1.7.0_25'
Session ID: 4b813a54-b69b-6f4c-8db6-c6869b0bdb48
Driver info: org.openqa.selenium.firefox.FirefoxDriver
Capabilities [{platform=MAC, acceptSslCerts=true, javascriptEnabled=true, cssSelectorsEnabled=true, databaseEnabled=true, browserName=firefox, handlesAlerts=true, browserConnectionEnabled=true, webStorageEnabled=true, nativeEvents=false, rotatable=false, locationContextEnabled=true, applicationCacheEnabled=false, takesScreenshot=true, version=26.0}]
	at org.openqa.selenium.remote.ErrorHandler.createThrowable(ErrorHandler.java:193)
	at org.openqa.selenium.remote.ErrorHandler.throwIfResponseFailed(ErrorHandler.java:145)
	at org.openqa.selenium.remote.RemoteWebDriver.execute(RemoteWebDriver.java:554)
	at org.openqa.selenium.remote.RemoteWebDriver.findElement(RemoteWebDriver.java:307)
	at org.openqa.selenium.remote.RemoteWebDriver.findElementById(RemoteWebDriver.java:348)
	at org.openqa.selenium.By$ById.findElement(By.java:220)
	at org.openqa.selenium.remote.RemoteWebDriver.findElement(RemoteWebDriver.java:299)
	at com.puma.util.PumaCommonMethods.submitStep2(PumaCommonMethods.java:932)
	at com.puma.test.CheckoutEndToEnd.step1Fields(CheckoutEndToEnd.java:220)
Caused by: org.openqa.selenium.remote.ErrorHandler$UnknownServerException: Unable to locate element: {"method":"id","selector":"is-WIRECARD_CREDIT_CARD"}
Build info: version: '2.38.0', revision: 'bd32d4e', time: '2013-12-05 16:16:40'
System info: host: 'localhost', ip: '127.0.0.1', os.name: 'Mac OS X', os.arch: 'x86_64', os.version: '10.7.5', java.version: '1.7.0_25'
Driver info: driver.version: unknown
	at <anonymous class>.FirefoxDriver.prototype.findElementInternal_(file:///var/folders/_2/pb85wgk175l660128q0hftvh0000gp/T/anonymous7730574225391617414webdriver-profile/extensions/fxdriver@googlecode.com/components/driver_component.js:8860)
	at <anonymous class>.fxdriver.Timer.prototype.setTimeout/<.notify(file:///var/folders/_2/pb85wgk175l660128q0hftvh0000gp/T/anonymous7730574225391617414webdriver-profile/extensions/fxdriver@googlecode.com/components/driver_component.js:396)
... Removed 27 stack frames]]>
    </failure>
  </testcase> <!-- step1Fields -->
  <testcase name="step1Fields" time="21.89" classname="com.puma.test.CheckoutEndToEnd">
    <failure type="org.openqa.selenium.NoSuchElementException" message="Unable to locate element: {&amp;quot;method&amp;quot;:&amp;quot;id&amp;quot;,&amp;quot;selector&amp;quot;:&amp;quot;is-WIRECARD_CREDIT_CARD&amp;quot;}
Command duration or timeout: 10.01 seconds
For documentation on this error, please visit: http://seleniumhq.org/exceptions/no_such_element.html
Build info: version: &amp;apos;2.38.0&amp;apos;, revision: &amp;apos;bd32d4e&amp;apos;, time: &amp;apos;2013-12-05 16:16:40&amp;apos;
System info: host: &amp;apos;localhost&amp;apos;, ip: &amp;apos;127.0.0.1&amp;apos;, os.name: &amp;apos;Mac OS X&amp;apos;, os.arch: &amp;apos;x86_64&amp;apos;, os.version: &amp;apos;10.7.5&amp;apos;, java.version: &amp;apos;1.7.0_25&amp;apos;
Session ID: d0849aa2-499f-e54b-8de1-0baa500ac7f5
Driver info: org.openqa.selenium.firefox.FirefoxDriver
Capabilities [{platform=MAC, acceptSslCerts=true, javascriptEnabled=true, cssSelectorsEnabled=true, databaseEnabled=true, browserName=firefox, handlesAlerts=true, browserConnectionEnabled=true, webStorageEnabled=true, nativeEvents=false, rotatable=false, locationContextEnabled=true, applicationCacheEnabled=false, takesScreenshot=true, version=26.0}]">
      <![CDATA[org.openqa.selenium.NoSuchElementException: Unable to locate element: {"method":"id","selector":"is-WIRECARD_CREDIT_CARD"}
Command duration or timeout: 10.01 seconds
For documentation on this error, please visit: http://seleniumhq.org/exceptions/no_such_element.html
Build info: version: '2.38.0', revision: 'bd32d4e', time: '2013-12-05 16:16:40'
System info: host: 'localhost', ip: '127.0.0.1', os.name: 'Mac OS X', os.arch: 'x86_64', os.version: '10.7.5', java.version: '1.7.0_25'
Session ID: d0849aa2-499f-e54b-8de1-0baa500ac7f5
Driver info: org.openqa.selenium.firefox.FirefoxDriver
Capabilities [{platform=MAC, acceptSslCerts=true, javascriptEnabled=true, cssSelectorsEnabled=true, databaseEnabled=true, browserName=firefox, handlesAlerts=true, browserConnectionEnabled=true, webStorageEnabled=true, nativeEvents=false, rotatable=false, locationContextEnabled=true, applicationCacheEnabled=false, takesScreenshot=true, version=26.0}]
	at org.openqa.selenium.remote.ErrorHandler.createThrowable(ErrorHandler.java:193)
	at org.openqa.selenium.remote.ErrorHandler.throwIfResponseFailed(ErrorHandler.java:145)
	at org.openqa.selenium.remote.RemoteWebDriver.execute(RemoteWebDriver.java:554)
	at org.openqa.selenium.remote.RemoteWebDriver.findElement(RemoteWebDriver.java:307)
	at org.openqa.selenium.remote.RemoteWebDriver.findElementById(RemoteWebDriver.java:348)
	at org.openqa.selenium.By$ById.findElement(By.java:220)
	at org.openqa.selenium.remote.RemoteWebDriver.findElement(RemoteWebDriver.java:299)
	at com.puma.util.PumaCommonMethods.submitStep2(PumaCommonMethods.java:932)
	at com.puma.test.CheckoutEndToEnd.step1Fields(CheckoutEndToEnd.java:220)
Caused by: org.openqa.selenium.remote.ErrorHandler$UnknownServerException: Unable to locate element: {"method":"id","selector":"is-WIRECARD_CREDIT_CARD"}
Build info: version: '2.38.0', revision: 'bd32d4e', time: '2013-12-05 16:16:40'
System info: host: 'localhost', ip: '127.0.0.1', os.name: 'Mac OS X', os.arch: 'x86_64', os.version: '10.7.5', java.version: '1.7.0_25'
Driver info: driver.version: unknown
	at <anonymous class>.FirefoxDriver.prototype.findElementInternal_(file:///var/folders/_2/pb85wgk175l660128q0hftvh0000gp/T/anonymous2257977545926511397webdriver-profile/extensions/fxdriver@googlecode.com/components/driver_component.js:8860)
	at <anonymous class>.fxdriver.Timer.prototype.setTimeout/<.notify(file:///var/folders/_2/pb85wgk175l660128q0hftvh0000gp/T/anonymous2257977545926511397webdriver-profile/extensions/fxdriver@googlecode.com/components/driver_component.js:396)
... Removed 27 stack frames]]>
    </failure>
  </testcase> <!-- step1Fields -->
  <testcase name="step1Fields" time="21.528" classname="com.puma.test.CheckoutEndToEnd">
    <failure type="org.openqa.selenium.NoSuchElementException" message="Unable to locate element: {&amp;quot;method&amp;quot;:&amp;quot;id&amp;quot;,&amp;quot;selector&amp;quot;:&amp;quot;is-WIRECARD_CREDIT_CARD&amp;quot;}
Command duration or timeout: 10.01 seconds
For documentation on this error, please visit: http://seleniumhq.org/exceptions/no_such_element.html
Build info: version: &amp;apos;2.38.0&amp;apos;, revision: &amp;apos;bd32d4e&amp;apos;, time: &amp;apos;2013-12-05 16:16:40&amp;apos;
System info: host: &amp;apos;localhost&amp;apos;, ip: &amp;apos;127.0.0.1&amp;apos;, os.name: &amp;apos;Mac OS X&amp;apos;, os.arch: &amp;apos;x86_64&amp;apos;, os.version: &amp;apos;10.7.5&amp;apos;, java.version: &amp;apos;1.7.0_25&amp;apos;
Session ID: 46610535-878d-7145-98b5-b9a2179c1248
Driver info: org.openqa.selenium.firefox.FirefoxDriver
Capabilities [{platform=MAC, acceptSslCerts=true, javascriptEnabled=true, cssSelectorsEnabled=true, databaseEnabled=true, browserName=firefox, handlesAlerts=true, browserConnectionEnabled=true, webStorageEnabled=true, nativeEvents=false, rotatable=false, locationContextEnabled=true, applicationCacheEnabled=false, takesScreenshot=true, version=26.0}]">
      <![CDATA[org.openqa.selenium.NoSuchElementException: Unable to locate element: {"method":"id","selector":"is-WIRECARD_CREDIT_CARD"}
Command duration or timeout: 10.01 seconds
For documentation on this error, please visit: http://seleniumhq.org/exceptions/no_such_element.html
Build info: version: '2.38.0', revision: 'bd32d4e', time: '2013-12-05 16:16:40'
System info: host: 'localhost', ip: '127.0.0.1', os.name: 'Mac OS X', os.arch: 'x86_64', os.version: '10.7.5', java.version: '1.7.0_25'
Session ID: 46610535-878d-7145-98b5-b9a2179c1248
Driver info: org.openqa.selenium.firefox.FirefoxDriver
Capabilities [{platform=MAC, acceptSslCerts=true, javascriptEnabled=true, cssSelectorsEnabled=true, databaseEnabled=true, browserName=firefox, handlesAlerts=true, browserConnectionEnabled=true, webStorageEnabled=true, nativeEvents=false, rotatable=false, locationContextEnabled=true, applicationCacheEnabled=false, takesScreenshot=true, version=26.0}]
	at org.openqa.selenium.remote.ErrorHandler.createThrowable(ErrorHandler.java:193)
	at org.openqa.selenium.remote.ErrorHandler.throwIfResponseFailed(ErrorHandler.java:145)
	at org.openqa.selenium.remote.RemoteWebDriver.execute(RemoteWebDriver.java:554)
	at org.openqa.selenium.remote.RemoteWebDriver.findElement(RemoteWebDriver.java:307)
	at org.openqa.selenium.remote.RemoteWebDriver.findElementById(RemoteWebDriver.java:348)
	at org.openqa.selenium.By$ById.findElement(By.java:220)
	at org.openqa.selenium.remote.RemoteWebDriver.findElement(RemoteWebDriver.java:299)
	at com.puma.util.PumaCommonMethods.submitStep2(PumaCommonMethods.java:932)
	at com.puma.test.CheckoutEndToEnd.step1Fields(CheckoutEndToEnd.java:220)
Caused by: org.openqa.selenium.remote.ErrorHandler$UnknownServerException: Unable to locate element: {"method":"id","selector":"is-WIRECARD_CREDIT_CARD"}
Build info: version: '2.38.0', revision: 'bd32d4e', time: '2013-12-05 16:16:40'
System info: host: 'localhost', ip: '127.0.0.1', os.name: 'Mac OS X', os.arch: 'x86_64', os.version: '10.7.5', java.version: '1.7.0_25'
Driver info: driver.version: unknown
	at <anonymous class>.FirefoxDriver.prototype.findElementInternal_(file:///var/folders/_2/pb85wgk175l660128q0hftvh0000gp/T/anonymous4782736985760962653webdriver-profile/extensions/fxdriver@googlecode.com/components/driver_component.js:8860)
	at <anonymous class>.fxdriver.Timer.prototype.setTimeout/<.notify(file:///var/folders/_2/pb85wgk175l660128q0hftvh0000gp/T/anonymous4782736985760962653webdriver-profile/extensions/fxdriver@googlecode.com/components/driver_component.js:396)
... Removed 27 stack frames]]>
    </failure>
  </testcase> <!-- step1Fields -->
  <testcase name="step1Fields" time="0.0" classname="com.puma.test.CheckoutEndToEnd">
    <skipped/>
  </testcase> <!-- step1Fields -->
  <testcase name="step1Fields" time="0.0" classname="com.puma.test.CheckoutEndToEnd">
    <skipped/>
  </testcase> <!-- step1Fields -->
  <testcase name="checkoutSignInRegistered" time="0.0" classname="com.puma.test.CheckoutSignIn">
    <failure type="java.lang.NullPointerException">
      <![CDATA[java.lang.NullPointerException
	at com.puma.test.CheckoutSignIn.checkoutSignInRegistered(CheckoutSignIn.java:125)
... Removed 23 stack frames]]>
    </failure>
  </testcase> <!-- checkoutSignInRegistered -->
  <testcase name="checkoutSignInRegistered" time="0.0" classname="com.puma.test.CheckoutSignIn">
    <failure type="java.lang.NullPointerException">
      <![CDATA[java.lang.NullPointerException
	at com.puma.test.CheckoutSignIn.checkoutSignInRegistered(CheckoutSignIn.java:125)
... Removed 23 stack frames]]>
    </failure>
  </testcase> <!-- checkoutSignInRegistered -->
  <testcase name="checkoutSignInRegistered" time="0.001" classname="com.puma.test.CheckoutSignIn">
    <failure type="java.lang.NullPointerException">
      <![CDATA[java.lang.NullPointerException
	at com.puma.test.CheckoutSignIn.checkoutSignInRegistered(CheckoutSignIn.java:125)
... Removed 23 stack frames]]>
    </failure>
  </testcase> <!-- checkoutSignInRegistered -->
  <testcase name="checkoutSignInRegistered" time="0.0" classname="com.puma.test.CheckoutSignIn">
    <failure type="java.lang.NullPointerException">
      <![CDATA[java.lang.NullPointerException
	at com.puma.test.CheckoutSignIn.checkoutSignInRegistered(CheckoutSignIn.java:125)
... Removed 23 stack frames]]>
    </failure>
  </testcase> <!-- checkoutSignInRegistered -->
  <testcase name="checkoutSignInRegistered" time="0.0" classname="com.puma.test.CheckoutSignIn">
    <failure type="java.lang.NullPointerException">
      <![CDATA[java.lang.NullPointerException
	at com.puma.test.CheckoutSignIn.checkoutSignInRegistered(CheckoutSignIn.java:125)
... Removed 23 stack frames]]>
    </failure>
  </testcase> <!-- checkoutSignInRegistered -->
  <testcase name="getToPDP" time="0.001" classname="com.puma.test.CheckoutSignIn">
    <failure type="java.lang.NullPointerException">
      <![CDATA[java.lang.NullPointerException
	at com.puma.util.PumaCommonMethods.openPumaHomePage(PumaCommonMethods.java:314)
	at com.puma.util.PumaCommonMethods.homePageMainNav(PumaCommonMethods.java:382)
	at com.puma.test.CheckoutSignIn.getToPDP(CheckoutSignIn.java:60)
... Removed 23 stack frames]]>
    </failure>
  </testcase> <!-- getToPDP -->
  <testcase name="getFromHomeToStep1" time="0.0" classname="com.puma.test.CheckoutSignInPage">
    <failure type="java.lang.NullPointerException">
      <![CDATA[java.lang.NullPointerException
	at com.puma.util.PumaCommonMethods.openPumaHomePage(PumaCommonMethods.java:314)
	at com.puma.util.PumaCommonMethods.homePageMainNav(PumaCommonMethods.java:382)
	at com.puma.test.CheckoutSignInPage.getFromHomeToStep1(CheckoutSignInPage.java:65)
... Removed 23 stack frames]]>
    </failure>
  </testcase> <!-- getFromHomeToStep1 -->
  <testcase name="getFromHomeToStep1" time="0.0" classname="com.puma.test.CheckoutStep1">
    <failure type="java.lang.NullPointerException">
      <![CDATA[java.lang.NullPointerException
	at com.puma.util.PumaCommonMethods.openPumaHomePage(PumaCommonMethods.java:314)
	at com.puma.util.PumaCommonMethods.homePageMainNav(PumaCommonMethods.java:382)
	at com.puma.test.CheckoutStep1.getFromHomeToStep1(CheckoutStep1.java:81)
... Removed 23 stack frames]]>
    </failure>
  </testcase> <!-- getFromHomeToStep1 -->
  <testcase name="getFromHomeToStep1" time="0.001" classname="com.puma.test.CheckoutStep1Unit">
    <failure type="java.lang.NullPointerException">
      <![CDATA[java.lang.NullPointerException
	at com.puma.util.PumaCommonMethods.openPumaHomePage(PumaCommonMethods.java:314)
	at com.puma.util.PumaCommonMethods.homePageMainNav(PumaCommonMethods.java:382)
	at com.puma.test.CheckoutStep1Unit.getFromHomeToStep1(CheckoutStep1Unit.java:74)
... Removed 23 stack frames]]>
    </failure>
  </testcase> <!-- getFromHomeToStep1 -->
  <testcase name="getFromHomeToStep1" time="62.064" classname="com.puma.util.GatherInfo"/>
  <testcase name="homePageMainNav" time="0.001" classname="com.puma.test.PDPTest">
    <failure type="java.lang.NullPointerException">
      <![CDATA[java.lang.NullPointerException
	at com.puma.util.PumaCommonMethods.openPumaHomePage(PumaCommonMethods.java:314)
	at com.puma.util.PumaCommonMethods.homePageMainNav(PumaCommonMethods.java:382)
	at com.puma.test.PDPTest.homePageMainNav(PDPTest.java:53)
... Removed 23 stack frames]]>
    </failure>
  </testcase> <!-- homePageMainNav -->
  <testcase name="getFromHomeToCart" time="0.001" classname="com.puma.test.CartTest">
    <failure type="java.lang.NullPointerException">
      <![CDATA[java.lang.NullPointerException
	at com.puma.util.PumaCommonMethods.openPumaHomePage(PumaCommonMethods.java:314)
	at com.puma.util.PumaCommonMethods.homePageMainNav(PumaCommonMethods.java:382)
	at com.puma.test.CartTest.getFromHomeToCart(CartTest.java:50)
... Removed 23 stack frames]]>
    </failure>
  </testcase> <!-- getFromHomeToCart -->
  <testcase name="openPumaHomePage" time="0.001" classname="com.puma.test.PumaUtilNavSearch">
    <failure type="java.lang.NullPointerException">
      <![CDATA[java.lang.NullPointerException
	at com.puma.util.PumaCommonMethods.openPumaHomePage(PumaCommonMethods.java:314)
	at com.puma.test.PumaUtilNavSearch.openPumaHomePage(PumaUtilNavSearch.java:52)
... Removed 23 stack frames]]>
    </failure>
  </testcase> <!-- openPumaHomePage -->
  <testcase name="searchForSku" time="0.0" classname="com.puma.test.PumaUtilNavSearch">
    <failure type="java.lang.NullPointerException">
      <![CDATA[java.lang.NullPointerException
	at com.puma.util.PumaCommonMethods.searchForSku(PumaCommonMethods.java:330)
	at com.puma.test.PumaUtilNavSearch.searchForSku(PumaUtilNavSearch.java:59)
... Removed 23 stack frames]]>
    </failure>
  </testcase> <!-- searchForSku -->
  <testcase name="searchForPants" time="0.0" classname="com.puma.test.PumaUtilNavSearch">
    <failure type="java.lang.NullPointerException">
      <![CDATA[java.lang.NullPointerException
	at com.puma.util.PumaCommonMethods.searchForPants(PumaCommonMethods.java:362)
	at com.puma.test.PumaUtilNavSearch.searchForPants(PumaUtilNavSearch.java:73)
... Removed 23 stack frames]]>
    </failure>
  </testcase> <!-- searchForPants -->
  <testcase name="checkoutSignInGuest" time="0.001" classname="com.puma.test.CheckoutSignIn">
    <skipped/>
  </testcase> <!-- checkoutSignInGuest -->
  <testcase name="step1Fields" time="0.0" classname="com.puma.test.CheckoutStep1">
    <skipped/>
  </testcase> <!-- step1Fields -->
  <testcase name="step1CountryDropDown" time="0.0" classname="com.puma.test.CheckoutStep1Unit">
    <skipped/>
  </testcase> <!-- step1CountryDropDown -->
  <testcase name="step1FieldsAddress1" time="0.001" classname="com.puma.test.CheckoutStep1Unit">
    <skipped/>
  </testcase> <!-- step1FieldsAddress1 -->
  <testcase name="step1FieldsCity" time="0.0" classname="com.puma.test.CheckoutStep1Unit">
    <skipped/>
  </testcase> <!-- step1FieldsCity -->
  <testcase name="step1FieldsEmail" time="0.0" classname="com.puma.test.CheckoutStep1Unit">
    <skipped/>
  </testcase> <!-- step1FieldsEmail -->
  <testcase name="step1FieldsLname" time="0.0" classname="com.puma.test.CheckoutStep1Unit">
    <skipped/>
  </testcase> <!-- step1FieldsLname -->
  <testcase name="step1FieldsName" time="0.0" classname="com.puma.test.CheckoutStep1Unit">
    <skipped/>
  </testcase> <!-- step1FieldsName -->
  <testcase name="step1FieldsZip" time="0.001" classname="com.puma.test.CheckoutStep1Unit">
    <skipped/>
  </testcase> <!-- step1FieldsZip -->
  <testcase name="step1NextStepBtnUI" time="0.0" classname="com.puma.test.CheckoutStep1Unit">
    <skipped/>
  </testcase> <!-- step1NextStepBtnUI -->
  <testcase name="step1SalutationBirthday" time="0.0" classname="com.puma.test.CheckoutStep1Unit">
    <skipped/>
  </testcase> <!-- step1SalutationBirthday -->
  <testcase name="step1CountryDropDownSaveToTx" time="0.163" classname="com.puma.util.GatherInfo"/>
  <testcase name="subcatPageFunct" time="0.001" classname="com.puma.test.PDPTest">
    <skipped/>
  </testcase> <!-- subcatPageFunct -->
  <testcase name="subcatPageUI" time="0.0" classname="com.puma.test.PDPTest">
    <skipped/>
  </testcase> <!-- subcatPageUI -->
  <testcase name="fromMiniCartToCart" time="0.0" classname="com.puma.test.CartTest">
    <skipped/>
  </testcase> <!-- fromMiniCartToCart -->
  <testcase name="pdpPageSelectColor" time="0.0" classname="com.puma.test.PDPTest">
    <skipped/>
  </testcase> <!-- pdpPageSelectColor -->
  <testcase name="pdpPageSelectQuantity" time="0.001" classname="com.puma.test.PDPTest">
    <skipped/>
  </testcase> <!-- pdpPageSelectQuantity -->
  <testcase name="pdpPageSelectSize" time="0.0" classname="com.puma.test.PDPTest">
    <skipped/>
  </testcase> <!-- pdpPageSelectSize -->
  <testcase name="pdpPageSizeChart" time="0.0" classname="com.puma.test.PDPTest">
    <skipped/>
  </testcase> <!-- pdpPageSizeChart -->
  <testcase name="pdpPageZoomIn" time="0.0" classname="com.puma.test.PDPTest">
    <skipped/>
  </testcase> <!-- pdpPageZoomIn -->
</testsuite> <!-- Ant test -->
